2013-mar-03 00:12:48 org.apache.catalina.core.AprLifecycleListener init
INFO: The APR based Apache Tomcat Native library which allows optimal performance in production environments was not found on the java.library.path: C:\Program Files\Java\jdk1.5.0_22\bin;.;C:\Windows\system32;C:\Windows;C:\Program Files\Java\jdk1.5.0_22\bin
2013-mar-03 00:12:57 org.apache.coyote.http11.Http11Protocol init
INFO: Initializing Coyote HTTP/1.1 on http-8080
2013-mar-03 00:12:57 org.apache.catalina.startup.Catalina load
INFO: Initialization processed in 9136 ms
2013-mar-03 00:12:57 org.apache.catalina.core.StandardService start
INFO: Starting service Catalina
2013-mar-03 00:12:57 org.apache.catalina.core.StandardEngine start
INFO: Starting Servlet Engine: Apache Tomcat/6.0.26
2013-mar-03 00:12:57 org.apache.catalina.startup.HostConfig deployDescriptor
INFO: Deploying configuration descriptor host-manager.xml
2013-mar-03 00:12:58 org.apache.catalina.startup.HostConfig deployDescriptor
INFO: Deploying configuration descriptor manager.xml
2013-mar-03 00:12:59 org.apache.catalina.startup.HostConfig deployDescriptor
INFO: Deploying configuration descriptor openejb.xml
2013-mar-03 00:13:00 org.apache.catalina.startup.HostConfig deployDirectory
INFO: Deploying web application directory docs
2013-mar-03 00:13:00 org.apache.catalina.startup.HostConfig deployDirectory
INFO: Deploying web application directory examples
2013-mar-03 00:13:02 org.apache.catalina.startup.HostConfig deployDirectory
INFO: Deploying web application directory ROOT
2013-mar-03 00:13:03 org.apache.coyote.http11.Http11Protocol start
INFO: Starting Coyote HTTP/1.1 on http-8080
2013-mar-03 00:13:04 org.apache.jk.common.ChannelSocket init
INFO: JK: ajp13 listening on /0.0.0.0:8009
2013-mar-03 00:13:04 org.apache.jk.server.JkMain start
INFO: Jk running ID=0 time=0/40  config=null
2013-mar-03 00:13:04 org.apache.catalina.startup.Catalina start
INFO: Server startup in 6952 ms
2013-mar-03 00:33:03 org.apache.coyote.http11.Http11Protocol pause
INFO: Pausing Coyote HTTP/1.1 on http-8080
2013-mar-03 00:33:04 org.apache.catalina.core.StandardService stop
INFO: Stopping service Catalina
2013-mar-03 00:33:05 org.apache.catalina.loader.WebappClassLoader clearReferencesStopTimerThread
ALLVARLIG: A web application appears to have started a TimerThread named [Timer-1] via the java.util.Timer API but has failed to stop it. To prevent a memory leak, the timer (and hence the associated thread) has been forcibly cancelled. 
2013-mar-03 00:33:05 org.apache.catalina.loader.WebappClassLoader clearReferencesThreads
ALLVARLIG: A web application appears to have started a thread named [StatelessPool] but has failed to stop it. This is very likely to create a memory leak.
2013-mar-03 00:33:05 org.apache.catalina.loader.WebappClassLoader clearReferencesThreads
ALLVARLIG: A web application appears to have started a thread named [StatelessPool] but has failed to stop it. This is very likely to create a memory leak.
2013-mar-03 00:33:05 org.apache.catalina.loader.WebappClassLoader clearReferencesThreads
ALLVARLIG: A web application appears to have started a thread named [StatelessPool] but has failed to stop it. This is very likely to create a memory leak.
2013-mar-03 00:33:05 org.apache.coyote.http11.Http11Protocol destroy
INFO: Stopping Coyote HTTP/1.1 on http-8080
2013-mar-03 00:34:21 org.apache.catalina.core.AprLifecycleListener init
INFO: The APR based Apache Tomcat Native library which allows optimal performance in production environments was not found on the java.library.path: C:\Program Files\Java\jdk1.5.0_22\bin;.;C:\Windows\system32;C:\Windows;C:\Program Files\Java\jdk1.5.0_22\bin
2013-mar-03 00:34:29 org.apache.coyote.http11.Http11Protocol init
INFO: Initializing Coyote HTTP/1.1 on http-8080
2013-mar-03 00:34:29 org.apache.catalina.startup.Catalina load
INFO: Initialization processed in 7833 ms
2013-mar-03 00:34:29 org.apache.catalina.core.StandardService start
INFO: Starting service Catalina
2013-mar-03 00:34:29 org.apache.catalina.core.StandardEngine start
INFO: Starting Servlet Engine: Apache Tomcat/6.0.26
2013-mar-03 00:34:29 org.apache.catalina.startup.HostConfig deployDescriptor
INFO: Deploying configuration descriptor host-manager.xml
2013-mar-03 00:34:30 org.apache.catalina.startup.HostConfig deployDescriptor
INFO: Deploying configuration descriptor manager.xml
2013-mar-03 00:34:31 org.apache.catalina.startup.HostConfig deployDescriptor
INFO: Deploying configuration descriptor openejb.xml
2013-mar-03 00:34:31 org.apache.catalina.startup.HostConfig deployDirectory
INFO: Deploying web application directory docs
2013-mar-03 00:34:32 org.apache.catalina.startup.HostConfig deployDirectory
INFO: Deploying web application directory examples
2013-mar-03 00:34:33 org.apache.catalina.startup.HostConfig deployDirectory
INFO: Deploying web application directory ROOT
2013-mar-03 00:34:35 org.apache.coyote.http11.Http11Protocol start
INFO: Starting Coyote HTTP/1.1 on http-8080
2013-mar-03 00:34:35 org.apache.jk.common.ChannelSocket init
INFO: JK: ajp13 listening on /0.0.0.0:8009
2013-mar-03 00:34:35 org.apache.jk.server.JkMain start
INFO: Jk running ID=0 time=0/39  config=null
2013-mar-03 00:34:35 org.apache.catalina.startup.Catalina start
INFO: Server startup in 6534 ms
2013-mar-03 00:41:21 org.apache.coyote.http11.Http11Protocol pause
INFO: Pausing Coyote HTTP/1.1 on http-8080
2013-mar-03 00:41:22 org.apache.catalina.core.StandardService stop
INFO: Stopping service Catalina
2013-mar-03 00:41:22 org.apache.catalina.loader.WebappClassLoader clearReferencesStopTimerThread
ALLVARLIG: A web application appears to have started a TimerThread named [Timer-1] via the java.util.Timer API but has failed to stop it. To prevent a memory leak, the timer (and hence the associated thread) has been forcibly cancelled. 
2013-mar-03 00:41:22 org.apache.catalina.loader.WebappClassLoader clearReferencesThreads
ALLVARLIG: A web application appears to have started a thread named [StatelessPool] but has failed to stop it. This is very likely to create a memory leak.
2013-mar-03 00:41:22 org.apache.catalina.loader.WebappClassLoader clearReferencesThreads
ALLVARLIG: A web application appears to have started a thread named [StatelessPool] but has failed to stop it. This is very likely to create a memory leak.
2013-mar-03 00:41:22 org.apache.catalina.loader.WebappClassLoader clearReferencesThreads
ALLVARLIG: A web application appears to have started a thread named [StatelessPool] but has failed to stop it. This is very likely to create a memory leak.
2013-mar-03 00:41:22 org.apache.coyote.http11.Http11Protocol destroy
INFO: Stopping Coyote HTTP/1.1 on http-8080
2013-mar-03 00:42:04 org.apache.catalina.core.AprLifecycleListener init
INFO: The APR based Apache Tomcat Native library which allows optimal performance in production environments was not found on the java.library.path: C:\Program Files\Java\jdk1.5.0_22\bin;.;C:\Windows\system32;C:\Windows;C:\Program Files\Java\jdk1.5.0_22\bin
2013-mar-03 00:42:12 org.apache.coyote.http11.Http11Protocol init
INFO: Initializing Coyote HTTP/1.1 on http-8080
2013-mar-03 00:42:12 org.apache.catalina.startup.Catalina load
INFO: Initialization processed in 7579 ms
2013-mar-03 00:42:12 org.apache.catalina.core.StandardService start
INFO: Starting service Catalina
2013-mar-03 00:42:12 org.apache.catalina.core.StandardEngine start
INFO: Starting Servlet Engine: Apache Tomcat/6.0.26
2013-mar-03 00:42:12 org.apache.catalina.startup.HostConfig deployDescriptor
INFO: Deploying configuration descriptor host-manager.xml
2013-mar-03 00:42:13 org.apache.catalina.startup.HostConfig deployDescriptor
INFO: Deploying configuration descriptor manager.xml
2013-mar-03 00:42:14 org.apache.catalina.startup.HostConfig deployDescriptor
INFO: Deploying configuration descriptor openejb.xml
2013-mar-03 00:42:14 org.apache.catalina.startup.HostConfig deployDirectory
INFO: Deploying web application directory docs
2013-mar-03 00:42:15 org.apache.catalina.startup.HostConfig deployDirectory
INFO: Deploying web application directory examples
2013-mar-03 00:42:16 org.apache.catalina.startup.HostConfig deployDirectory
INFO: Deploying web application directory ROOT
2013-mar-03 00:42:18 org.apache.coyote.http11.Http11Protocol start
INFO: Starting Coyote HTTP/1.1 on http-8080
2013-mar-03 00:42:18 org.apache.jk.common.ChannelSocket init
INFO: JK: ajp13 listening on /0.0.0.0:8009
2013-mar-03 00:42:18 org.apache.jk.server.JkMain start
INFO: Jk running ID=0 time=0/39  config=null
2013-mar-03 00:42:18 org.apache.catalina.startup.Catalina start
INFO: Server startup in 6560 ms
2013-mar-03 01:06:56 org.apache.coyote.http11.Http11Protocol pause
INFO: Pausing Coyote HTTP/1.1 on http-8080
2013-mar-03 01:06:57 org.apache.catalina.core.StandardService stop
INFO: Stopping service Catalina
2013-mar-03 01:06:57 org.apache.catalina.loader.WebappClassLoader clearReferencesStopTimerThread
ALLVARLIG: A web application appears to have started a TimerThread named [Timer-1] via the java.util.Timer API but has failed to stop it. To prevent a memory leak, the timer (and hence the associated thread) has been forcibly cancelled. 
2013-mar-03 01:06:57 org.apache.catalina.loader.WebappClassLoader clearReferencesThreads
ALLVARLIG: A web application appears to have started a thread named [StatelessPool] but has failed to stop it. This is very likely to create a memory leak.
2013-mar-03 01:06:57 org.apache.catalina.loader.WebappClassLoader clearReferencesThreads
ALLVARLIG: A web application appears to have started a thread named [StatelessPool] but has failed to stop it. This is very likely to create a memory leak.
2013-mar-03 01:06:57 org.apache.catalina.loader.WebappClassLoader clearReferencesThreads
ALLVARLIG: A web application appears to have started a thread named [StatelessPool] but has failed to stop it. This is very likely to create a memory leak.
2013-mar-03 01:06:57 org.apache.coyote.http11.Http11Protocol destroy
INFO: Stopping Coyote HTTP/1.1 on http-8080
2013-mar-03 01:07:23 org.apache.catalina.core.AprLifecycleListener init
INFO: The APR based Apache Tomcat Native library which allows optimal performance in production environments was not found on the java.library.path: C:\Program Files\Java\jdk1.5.0_22\bin;.;C:\Windows\system32;C:\Windows;C:\Program Files\Java\jdk1.5.0_22\bin
2013-mar-03 01:07:30 org.apache.coyote.http11.Http11Protocol init
INFO: Initializing Coyote HTTP/1.1 on http-8080
2013-mar-03 01:07:30 org.apache.catalina.startup.Catalina load
INFO: Initialization processed in 7624 ms
2013-mar-03 01:07:30 org.apache.catalina.core.StandardService start
INFO: Starting service Catalina
2013-mar-03 01:07:30 org.apache.catalina.core.StandardEngine start
INFO: Starting Servlet Engine: Apache Tomcat/6.0.26
2013-mar-03 01:07:30 org.apache.catalina.startup.HostConfig deployDescriptor
INFO: Deploying configuration descriptor host-manager.xml
2013-mar-03 01:07:31 org.apache.catalina.startup.HostConfig deployDescriptor
INFO: Deploying configuration descriptor manager.xml
2013-mar-03 01:07:32 org.apache.catalina.startup.HostConfig deployDescriptor
INFO: Deploying configuration descriptor openejb.xml
2013-mar-03 01:07:33 org.apache.catalina.startup.HostConfig deployDirectory
INFO: Deploying web application directory docs
2013-mar-03 01:07:33 org.apache.catalina.startup.HostConfig deployDirectory
INFO: Deploying web application directory examples
2013-mar-03 01:07:34 org.apache.catalina.startup.HostConfig deployDirectory
INFO: Deploying web application directory ROOT
2013-mar-03 01:07:36 org.apache.coyote.http11.Http11Protocol start
INFO: Starting Coyote HTTP/1.1 on http-8080
2013-mar-03 01:07:36 org.apache.jk.common.ChannelSocket init
INFO: JK: ajp13 listening on /0.0.0.0:8009
2013-mar-03 01:07:36 org.apache.jk.server.JkMain start
INFO: Jk running ID=0 time=0/42  config=null
2013-mar-03 01:07:36 org.apache.catalina.startup.Catalina start
INFO: Server startup in 6590 ms
2013-mar-03 01:24:54 org.apache.coyote.http11.Http11Protocol pause
INFO: Pausing Coyote HTTP/1.1 on http-8080
2013-mar-03 01:24:55 org.apache.catalina.core.StandardService stop
INFO: Stopping service Catalina
2013-mar-03 01:24:56 org.apache.catalina.loader.WebappClassLoader clearReferencesStopTimerThread
ALLVARLIG: A web application appears to have started a TimerThread named [Timer-1] via the java.util.Timer API but has failed to stop it. To prevent a memory leak, the timer (and hence the associated thread) has been forcibly cancelled. 
2013-mar-03 01:24:56 org.apache.catalina.loader.WebappClassLoader clearReferencesThreads
ALLVARLIG: A web application appears to have started a thread named [StatelessPool] but has failed to stop it. This is very likely to create a memory leak.
2013-mar-03 01:24:56 org.apache.catalina.loader.WebappClassLoader clearReferencesThreads
ALLVARLIG: A web application appears to have started a thread named [StatelessPool] but has failed to stop it. This is very likely to create a memory leak.
2013-mar-03 01:24:56 org.apache.catalina.loader.WebappClassLoader clearReferencesThreads
ALLVARLIG: A web application appears to have started a thread named [StatelessPool] but has failed to stop it. This is very likely to create a memory leak.
2013-mar-03 01:24:56 org.apache.coyote.http11.Http11Protocol destroy
INFO: Stopping Coyote HTTP/1.1 on http-8080
2013-mar-03 12:57:32 org.apache.catalina.core.AprLifecycleListener init
INFO: The APR based Apache Tomcat Native library which allows optimal performance in production environments was not found on the java.library.path: C:\Program Files\Java\jdk1.5.0_22\bin;.;C:\Windows\system32;C:\Windows;C:\Program Files\Java\jdk1.5.0_22\bin
2013-mar-03 12:57:41 org.apache.coyote.http11.Http11Protocol init
INFO: Initializing Coyote HTTP/1.1 on http-8080
2013-mar-03 12:57:41 org.apache.catalina.startup.Catalina load
INFO: Initialization processed in 9141 ms
2013-mar-03 12:57:41 org.apache.catalina.core.StandardService start
INFO: Starting service Catalina
2013-mar-03 12:57:41 org.apache.catalina.core.StandardEngine start
INFO: Starting Servlet Engine: Apache Tomcat/6.0.26
2013-mar-03 12:57:41 org.apache.catalina.startup.HostConfig deployDescriptor
INFO: Deploying configuration descriptor host-manager.xml
2013-mar-03 12:57:42 org.apache.catalina.startup.HostConfig deployDescriptor
INFO: Deploying configuration descriptor manager.xml
2013-mar-03 12:57:43 org.apache.catalina.startup.HostConfig deployDescriptor
INFO: Deploying configuration descriptor openejb.xml
2013-mar-03 12:57:44 org.apache.catalina.startup.HostConfig deployDirectory
INFO: Deploying web application directory docs
2013-mar-03 12:57:44 org.apache.catalina.startup.HostConfig deployDirectory
INFO: Deploying web application directory examples
2013-mar-03 12:57:46 org.apache.catalina.startup.HostConfig deployDirectory
INFO: Deploying web application directory ROOT
2013-mar-03 12:57:48 org.apache.coyote.http11.Http11Protocol start
INFO: Starting Coyote HTTP/1.1 on http-8080
2013-mar-03 12:57:48 org.apache.jk.common.ChannelSocket init
INFO: JK: ajp13 listening on /0.0.0.0:8009
2013-mar-03 12:57:48 org.apache.jk.server.JkMain start
INFO: Jk running ID=0 time=0/43  config=null
2013-mar-03 12:57:48 org.apache.catalina.startup.Catalina start
INFO: Server startup in 7016 ms
2013-mar-03 13:01:01 org.apache.catalina.core.AprLifecycleListener init
INFO: The APR based Apache Tomcat Native library which allows optimal performance in production environments was not found on the java.library.path: C:\Program Files\Java\jdk1.5.0_22\bin;.;C:\Windows\system32;C:\Windows;C:\Program Files\Java\jdk1.5.0_22\bin
2013-mar-03 13:01:09 org.apache.coyote.http11.Http11Protocol init
ALLVARLIG: Error initializing endpoint
java.net.BindException: Address already in use: JVM_Bind <null>:8080
	at org.apache.tomcat.util.net.JIoEndpoint.init(JIoEndpoint.java:549)
	at org.apache.coyote.http11.Http11Protocol.init(Http11Protocol.java:176)
	at org.apache.catalina.connector.Connector.initialize(Connector.java:1014)
	at org.apache.catalina.core.StandardService.initialize(StandardService.java:680)
	at org.apache.catalina.core.StandardServer.initialize(StandardServer.java:795)
	at org.apache.catalina.startup.Catalina.load(Catalina.java:524)
	at org.apache.catalina.startup.Catalina.load(Catalina.java:548)
	at sun.reflect.NativeMethodAccessorImpl.invoke0(Native Method)
	at sun.reflect.NativeMethodAccessorImpl.invoke(NativeMethodAccessorImpl.java:39)
	at sun.reflect.DelegatingMethodAccessorImpl.invoke(DelegatingMethodAccessorImpl.java:25)
	at java.lang.reflect.Method.invoke(Method.java:592)
	at org.apache.catalina.startup.Bootstrap.load(Bootstrap.java:261)
	at org.apache.catalina.startup.Bootstrap.main(Bootstrap.java:413)
Caused by: java.net.BindException: Address already in use: JVM_Bind
	at java.net.PlainSocketImpl.socketBind(Native Method)
	at java.net.PlainSocketImpl.bind(PlainSocketImpl.java:359)
	at java.net.ServerSocket.bind(ServerSocket.java:319)
	at java.net.ServerSocket.<init>(ServerSocket.java:185)
	at java.net.ServerSocket.<init>(ServerSocket.java:141)
	at org.apache.tomcat.util.net.DefaultServerSocketFactory.createSocket(DefaultServerSocketFactory.java:50)
	at org.apache.tomcat.util.net.JIoEndpoint.init(JIoEndpoint.java:538)
	... 12 more
2013-mar-03 13:01:09 org.apache.catalina.startup.Catalina load
ALLVARLIG: Catalina.start
LifecycleException:  Protocol handler initialization failed: java.net.BindException: Address already in use: JVM_Bind <null>:8080
	at org.apache.catalina.connector.Connector.initialize(Connector.java:1016)
	at org.apache.catalina.core.StandardService.initialize(StandardService.java:680)
	at org.apache.catalina.core.StandardServer.initialize(StandardServer.java:795)
	at org.apache.catalina.startup.Catalina.load(Catalina.java:524)
	at org.apache.catalina.startup.Catalina.load(Catalina.java:548)
	at sun.reflect.NativeMethodAccessorImpl.invoke0(Native Method)
	at sun.reflect.NativeMethodAccessorImpl.invoke(NativeMethodAccessorImpl.java:39)
	at sun.reflect.DelegatingMethodAccessorImpl.invoke(DelegatingMethodAccessorImpl.java:25)
	at java.lang.reflect.Method.invoke(Method.java:592)
	at org.apache.catalina.startup.Bootstrap.load(Bootstrap.java:261)
	at org.apache.catalina.startup.Bootstrap.main(Bootstrap.java:413)
2013-mar-03 13:01:09 org.apache.catalina.startup.Catalina load
INFO: Initialization processed in 7684 ms
2013-mar-03 13:01:09 org.apache.catalina.core.StandardService start
INFO: Starting service Catalina
2013-mar-03 13:01:09 org.apache.catalina.core.StandardEngine start
INFO: Starting Servlet Engine: Apache Tomcat/6.0.26
2013-mar-03 13:01:09 org.apache.catalina.startup.HostConfig deployDescriptor
INFO: Deploying configuration descriptor host-manager.xml
2013-mar-03 13:01:10 org.apache.catalina.startup.HostConfig deployDescriptor
INFO: Deploying configuration descriptor manager.xml
2013-mar-03 13:01:11 org.apache.catalina.startup.HostConfig deployDescriptor
INFO: Deploying configuration descriptor openejb.xml
2013-mar-03 13:01:11 org.apache.catalina.startup.HostConfig deployDirectory
INFO: Deploying web application directory docs
2013-mar-03 13:01:12 org.apache.catalina.startup.HostConfig deployDirectory
INFO: Deploying web application directory examples
2013-mar-03 13:01:13 org.apache.catalina.startup.HostConfig deployDirectory
INFO: Deploying web application directory ROOT
2013-mar-03 13:01:15 org.apache.coyote.http11.Http11Protocol start
ALLVARLIG: Error starting endpoint
java.net.BindException: Address already in use: JVM_Bind <null>:8080
	at org.apache.tomcat.util.net.JIoEndpoint.init(JIoEndpoint.java:549)
	at org.apache.tomcat.util.net.JIoEndpoint.start(JIoEndpoint.java:565)
	at org.apache.coyote.http11.Http11Protocol.start(Http11Protocol.java:203)
	at org.apache.catalina.connector.Connector.start(Connector.java:1087)
	at org.apache.catalina.core.StandardService.start(StandardService.java:534)
	at org.apache.catalina.core.StandardServer.start(StandardServer.java:710)
	at org.apache.catalina.startup.Catalina.start(Catalina.java:581)
	at sun.reflect.NativeMethodAccessorImpl.invoke0(Native Method)
	at sun.reflect.NativeMethodAccessorImpl.invoke(NativeMethodAccessorImpl.java:39)
	at sun.reflect.DelegatingMethodAccessorImpl.invoke(DelegatingMethodAccessorImpl.java:25)
	at java.lang.reflect.Method.invoke(Method.java:592)
	at org.apache.catalina.startup.Bootstrap.start(Bootstrap.java:289)
	at org.apache.catalina.startup.Bootstrap.main(Bootstrap.java:414)
Caused by: java.net.BindException: Address already in use: JVM_Bind
	at java.net.PlainSocketImpl.socketBind(Native Method)
	at java.net.PlainSocketImpl.bind(PlainSocketImpl.java:359)
	at java.net.ServerSocket.bind(ServerSocket.java:319)
	at java.net.ServerSocket.<init>(ServerSocket.java:185)
	at java.net.ServerSocket.<init>(ServerSocket.java:141)
	at org.apache.tomcat.util.net.DefaultServerSocketFactory.createSocket(DefaultServerSocketFactory.java:50)
	at org.apache.tomcat.util.net.JIoEndpoint.init(JIoEndpoint.java:538)
	... 12 more
2013-mar-03 13:01:15 org.apache.catalina.startup.Catalina start
ALLVARLIG: Catalina.start: 
LifecycleException:  service.getName(): "Catalina";  Protocol handler start failed: java.net.BindException: Address already in use: JVM_Bind <null>:8080
	at org.apache.catalina.connector.Connector.start(Connector.java:1094)
	at org.apache.catalina.core.StandardService.start(StandardService.java:534)
	at org.apache.catalina.core.StandardServer.start(StandardServer.java:710)
	at org.apache.catalina.startup.Catalina.start(Catalina.java:581)
	at sun.reflect.NativeMethodAccessorImpl.invoke0(Native Method)
	at sun.reflect.NativeMethodAccessorImpl.invoke(NativeMethodAccessorImpl.java:39)
	at sun.reflect.DelegatingMethodAccessorImpl.invoke(DelegatingMethodAccessorImpl.java:25)
	at java.lang.reflect.Method.invoke(Method.java:592)
	at org.apache.catalina.startup.Bootstrap.start(Bootstrap.java:289)
	at org.apache.catalina.startup.Bootstrap.main(Bootstrap.java:414)
2013-mar-03 13:01:15 org.apache.catalina.startup.Catalina start
INFO: Server startup in 6491 ms
2013-mar-03 13:01:15 org.apache.catalina.core.StandardServer await
ALLVARLIG: StandardServer.await: create[8005]: 
java.net.BindException: Address already in use: JVM_Bind
	at java.net.PlainSocketImpl.socketBind(Native Method)
	at java.net.PlainSocketImpl.bind(PlainSocketImpl.java:359)
	at java.net.ServerSocket.bind(ServerSocket.java:319)
	at java.net.ServerSocket.<init>(ServerSocket.java:185)
	at org.apache.catalina.core.StandardServer.await(StandardServer.java:373)
	at org.apache.catalina.startup.Catalina.await(Catalina.java:662)
	at org.apache.catalina.startup.Catalina.start(Catalina.java:614)
	at sun.reflect.NativeMethodAccessorImpl.invoke0(Native Method)
	at sun.reflect.NativeMethodAccessorImpl.invoke(NativeMethodAccessorImpl.java:39)
	at sun.reflect.DelegatingMethodAccessorImpl.invoke(DelegatingMethodAccessorImpl.java:25)
	at java.lang.reflect.Method.invoke(Method.java:592)
	at org.apache.catalina.startup.Bootstrap.start(Bootstrap.java:289)
	at org.apache.catalina.startup.Bootstrap.main(Bootstrap.java:414)
2013-mar-03 13:01:15 org.apache.coyote.http11.Http11Protocol pause
INFO: Pausing Coyote HTTP/1.1 on http-8080
2013-mar-03 13:01:16 org.apache.catalina.core.StandardService stop
INFO: Stopping service Catalina
2013-mar-03 13:01:16 org.apache.catalina.connector.MapperListener destroy
VARNING: Error unregistering MBeanServerDelegate
java.lang.NullPointerException
	at org.apache.catalina.connector.MapperListener.destroy(MapperListener.java:176)
	at org.apache.catalina.connector.Connector.stop(Connector.java:1135)
	at org.apache.catalina.core.StandardService.stop(StandardService.java:596)
	at org.apache.catalina.core.StandardServer.stop(StandardServer.java:744)
	at org.apache.catalina.startup.Catalina.stop(Catalina.java:648)
	at org.apache.catalina.startup.Catalina$CatalinaShutdownHook.run(Catalina.java:692)
2013-mar-03 13:01:16 org.apache.coyote.http11.Http11Protocol destroy
INFO: Stopping Coyote HTTP/1.1 on http-8080
2013-mar-03 13:01:16 org.apache.catalina.connector.Connector stop
ALLVARLIG: Coyote connector has not been started
2013-mar-03 13:01:20 org.apache.catalina.core.AprLifecycleListener init
INFO: The APR based Apache Tomcat Native library which allows optimal performance in production environments was not found on the java.library.path: C:\Program Files\Java\jdk1.5.0_22\bin;.;C:\Windows\system32;C:\Windows;C:\Program Files\Java\jdk1.5.0_22\bin
2013-mar-03 13:01:28 org.apache.coyote.http11.Http11Protocol init
ALLVARLIG: Error initializing endpoint
java.net.BindException: Address already in use: JVM_Bind <null>:8080
	at org.apache.tomcat.util.net.JIoEndpoint.init(JIoEndpoint.java:549)
	at org.apache.coyote.http11.Http11Protocol.init(Http11Protocol.java:176)
	at org.apache.catalina.connector.Connector.initialize(Connector.java:1014)
	at org.apache.catalina.core.StandardService.initialize(StandardService.java:680)
	at org.apache.catalina.core.StandardServer.initialize(StandardServer.java:795)
	at org.apache.catalina.startup.Catalina.load(Catalina.java:524)
	at org.apache.catalina.startup.Catalina.load(Catalina.java:548)
	at sun.reflect.NativeMethodAccessorImpl.invoke0(Native Method)
	at sun.reflect.NativeMethodAccessorImpl.invoke(NativeMethodAccessorImpl.java:39)
	at sun.reflect.DelegatingMethodAccessorImpl.invoke(DelegatingMethodAccessorImpl.java:25)
	at java.lang.reflect.Method.invoke(Method.java:592)
	at org.apache.catalina.startup.Bootstrap.load(Bootstrap.java:261)
	at org.apache.catalina.startup.Bootstrap.main(Bootstrap.java:413)
Caused by: java.net.BindException: Address already in use: JVM_Bind
	at java.net.PlainSocketImpl.socketBind(Native Method)
	at java.net.PlainSocketImpl.bind(PlainSocketImpl.java:359)
	at java.net.ServerSocket.bind(ServerSocket.java:319)
	at java.net.ServerSocket.<init>(ServerSocket.java:185)
	at java.net.ServerSocket.<init>(ServerSocket.java:141)
	at org.apache.tomcat.util.net.DefaultServerSocketFactory.createSocket(DefaultServerSocketFactory.java:50)
	at org.apache.tomcat.util.net.JIoEndpoint.init(JIoEndpoint.java:538)
	... 12 more
2013-mar-03 13:01:28 org.apache.catalina.startup.Catalina load
ALLVARLIG: Catalina.start
LifecycleException:  Protocol handler initialization failed: java.net.BindException: Address already in use: JVM_Bind <null>:8080
	at org.apache.catalina.connector.Connector.initialize(Connector.java:1016)
	at org.apache.catalina.core.StandardService.initialize(StandardService.java:680)
	at org.apache.catalina.core.StandardServer.initialize(StandardServer.java:795)
	at org.apache.catalina.startup.Catalina.load(Catalina.java:524)
	at org.apache.catalina.startup.Catalina.load(Catalina.java:548)
	at sun.reflect.NativeMethodAccessorImpl.invoke0(Native Method)
	at sun.reflect.NativeMethodAccessorImpl.invoke(NativeMethodAccessorImpl.java:39)
	at sun.reflect.DelegatingMethodAccessorImpl.invoke(DelegatingMethodAccessorImpl.java:25)
	at java.lang.reflect.Method.invoke(Method.java:592)
	at org.apache.catalina.startup.Bootstrap.load(Bootstrap.java:261)
	at org.apache.catalina.startup.Bootstrap.main(Bootstrap.java:413)
2013-mar-03 13:01:28 org.apache.catalina.startup.Catalina load
INFO: Initialization processed in 7543 ms
2013-mar-03 13:01:28 org.apache.catalina.core.StandardService start
INFO: Starting service Catalina
2013-mar-03 13:01:28 org.apache.catalina.core.StandardEngine start
INFO: Starting Servlet Engine: Apache Tomcat/6.0.26
2013-mar-03 13:01:28 org.apache.catalina.startup.HostConfig deployDescriptor
INFO: Deploying configuration descriptor host-manager.xml
2013-mar-03 13:01:29 org.apache.catalina.startup.HostConfig deployDescriptor
INFO: Deploying configuration descriptor manager.xml
2013-mar-03 13:01:30 org.apache.catalina.startup.HostConfig deployDescriptor
INFO: Deploying configuration descriptor openejb.xml
2013-mar-03 13:01:31 org.apache.catalina.startup.HostConfig deployDirectory
INFO: Deploying web application directory docs
2013-mar-03 13:01:31 org.apache.catalina.startup.HostConfig deployDirectory
INFO: Deploying web application directory examples
2013-mar-03 13:01:32 org.apache.catalina.startup.HostConfig deployDirectory
INFO: Deploying web application directory ROOT
2013-mar-03 13:01:34 org.apache.coyote.http11.Http11Protocol start
ALLVARLIG: Error starting endpoint
java.net.BindException: Address already in use: JVM_Bind <null>:8080
	at org.apache.tomcat.util.net.JIoEndpoint.init(JIoEndpoint.java:549)
	at org.apache.tomcat.util.net.JIoEndpoint.start(JIoEndpoint.java:565)
	at org.apache.coyote.http11.Http11Protocol.start(Http11Protocol.java:203)
	at org.apache.catalina.connector.Connector.start(Connector.java:1087)
	at org.apache.catalina.core.StandardService.start(StandardService.java:534)
	at org.apache.catalina.core.StandardServer.start(StandardServer.java:710)
	at org.apache.catalina.startup.Catalina.start(Catalina.java:581)
	at sun.reflect.NativeMethodAccessorImpl.invoke0(Native Method)
	at sun.reflect.NativeMethodAccessorImpl.invoke(NativeMethodAccessorImpl.java:39)
	at sun.reflect.DelegatingMethodAccessorImpl.invoke(DelegatingMethodAccessorImpl.java:25)
	at java.lang.reflect.Method.invoke(Method.java:592)
	at org.apache.catalina.startup.Bootstrap.start(Bootstrap.java:289)
	at org.apache.catalina.startup.Bootstrap.main(Bootstrap.java:414)
Caused by: java.net.BindException: Address already in use: JVM_Bind
	at java.net.PlainSocketImpl.socketBind(Native Method)
	at java.net.PlainSocketImpl.bind(PlainSocketImpl.java:359)
	at java.net.ServerSocket.bind(ServerSocket.java:319)
	at java.net.ServerSocket.<init>(ServerSocket.java:185)
	at java.net.ServerSocket.<init>(ServerSocket.java:141)
	at org.apache.tomcat.util.net.DefaultServerSocketFactory.createSocket(DefaultServerSocketFactory.java:50)
	at org.apache.tomcat.util.net.JIoEndpoint.init(JIoEndpoint.java:538)
	... 12 more
2013-mar-03 13:01:34 org.apache.catalina.startup.Catalina start
ALLVARLIG: Catalina.start: 
LifecycleException:  service.getName(): "Catalina";  Protocol handler start failed: java.net.BindException: Address already in use: JVM_Bind <null>:8080
	at org.apache.catalina.connector.Connector.start(Connector.java:1094)
	at org.apache.catalina.core.StandardService.start(StandardService.java:534)
	at org.apache.catalina.core.StandardServer.start(StandardServer.java:710)
	at org.apache.catalina.startup.Catalina.start(Catalina.java:581)
	at sun.reflect.NativeMethodAccessorImpl.invoke0(Native Method)
	at sun.reflect.NativeMethodAccessorImpl.invoke(NativeMethodAccessorImpl.java:39)
	at sun.reflect.DelegatingMethodAccessorImpl.invoke(DelegatingMethodAccessorImpl.java:25)
	at java.lang.reflect.Method.invoke(Method.java:592)
	at org.apache.catalina.startup.Bootstrap.start(Bootstrap.java:289)
	at org.apache.catalina.startup.Bootstrap.main(Bootstrap.java:414)
2013-mar-03 13:01:34 org.apache.catalina.startup.Catalina start
INFO: Server startup in 6524 ms
2013-mar-03 13:01:34 org.apache.catalina.core.StandardServer await
ALLVARLIG: StandardServer.await: create[8005]: 
java.net.BindException: Address already in use: JVM_Bind
	at java.net.PlainSocketImpl.socketBind(Native Method)
	at java.net.PlainSocketImpl.bind(PlainSocketImpl.java:359)
	at java.net.ServerSocket.bind(ServerSocket.java:319)
	at java.net.ServerSocket.<init>(ServerSocket.java:185)
	at org.apache.catalina.core.StandardServer.await(StandardServer.java:373)
	at org.apache.catalina.startup.Catalina.await(Catalina.java:662)
	at org.apache.catalina.startup.Catalina.start(Catalina.java:614)
	at sun.reflect.NativeMethodAccessorImpl.invoke0(Native Method)
	at sun.reflect.NativeMethodAccessorImpl.invoke(NativeMethodAccessorImpl.java:39)
	at sun.reflect.DelegatingMethodAccessorImpl.invoke(DelegatingMethodAccessorImpl.java:25)
	at java.lang.reflect.Method.invoke(Method.java:592)
	at org.apache.catalina.startup.Bootstrap.start(Bootstrap.java:289)
	at org.apache.catalina.startup.Bootstrap.main(Bootstrap.java:414)
2013-mar-03 13:01:34 org.apache.coyote.http11.Http11Protocol pause
INFO: Pausing Coyote HTTP/1.1 on http-8080
2013-mar-03 13:01:35 org.apache.catalina.core.StandardService stop
INFO: Stopping service Catalina
2013-mar-03 13:01:35 org.apache.catalina.connector.MapperListener destroy
VARNING: Error unregistering MBeanServerDelegate
java.lang.NullPointerException
	at org.apache.catalina.connector.MapperListener.destroy(MapperListener.java:176)
	at org.apache.catalina.connector.Connector.stop(Connector.java:1135)
	at org.apache.catalina.core.StandardService.stop(StandardService.java:596)
	at org.apache.catalina.core.StandardServer.stop(StandardServer.java:744)
	at org.apache.catalina.startup.Catalina.stop(Catalina.java:648)
	at org.apache.catalina.startup.Catalina$CatalinaShutdownHook.run(Catalina.java:692)
2013-mar-03 13:01:35 org.apache.coyote.http11.Http11Protocol destroy
INFO: Stopping Coyote HTTP/1.1 on http-8080
2013-mar-03 13:01:35 org.apache.catalina.connector.Connector stop
ALLVARLIG: Coyote connector has not been started
2013-mar-03 13:01:46 org.apache.catalina.core.AprLifecycleListener init
INFO: The APR based Apache Tomcat Native library which allows optimal performance in production environments was not found on the java.library.path: C:\Program Files\Java\jdk1.5.0_22\bin;.;C:\Windows\system32;C:\Windows;C:\Program Files\Java\jdk1.5.0_22\bin
2013-mar-03 13:01:54 org.apache.coyote.http11.Http11Protocol init
ALLVARLIG: Error initializing endpoint
java.net.BindException: Address already in use: JVM_Bind <null>:8080
	at org.apache.tomcat.util.net.JIoEndpoint.init(JIoEndpoint.java:549)
	at org.apache.coyote.http11.Http11Protocol.init(Http11Protocol.java:176)
	at org.apache.catalina.connector.Connector.initialize(Connector.java:1014)
	at org.apache.catalina.core.StandardService.initialize(StandardService.java:680)
	at org.apache.catalina.core.StandardServer.initialize(StandardServer.java:795)
	at org.apache.catalina.startup.Catalina.load(Catalina.java:524)
	at org.apache.catalina.startup.Catalina.load(Catalina.java:548)
	at sun.reflect.NativeMethodAccessorImpl.invoke0(Native Method)
	at sun.reflect.NativeMethodAccessorImpl.invoke(NativeMethodAccessorImpl.java:39)
	at sun.reflect.DelegatingMethodAccessorImpl.invoke(DelegatingMethodAccessorImpl.java:25)
	at java.lang.reflect.Method.invoke(Method.java:592)
	at org.apache.catalina.startup.Bootstrap.load(Bootstrap.java:261)
	at org.apache.catalina.startup.Bootstrap.main(Bootstrap.java:413)
Caused by: java.net.BindException: Address already in use: JVM_Bind
	at java.net.PlainSocketImpl.socketBind(Native Method)
	at java.net.PlainSocketImpl.bind(PlainSocketImpl.java:359)
	at java.net.ServerSocket.bind(ServerSocket.java:319)
	at java.net.ServerSocket.<init>(ServerSocket.java:185)
	at java.net.ServerSocket.<init>(ServerSocket.java:141)
	at org.apache.tomcat.util.net.DefaultServerSocketFactory.createSocket(DefaultServerSocketFactory.java:50)
	at org.apache.tomcat.util.net.JIoEndpoint.init(JIoEndpoint.java:538)
	... 12 more
2013-mar-03 13:01:54 org.apache.catalina.startup.Catalina load
ALLVARLIG: Catalina.start
LifecycleException:  Protocol handler initialization failed: java.net.BindException: Address already in use: JVM_Bind <null>:8080
	at org.apache.catalina.connector.Connector.initialize(Connector.java:1016)
	at org.apache.catalina.core.StandardService.initialize(StandardService.java:680)
	at org.apache.catalina.core.StandardServer.initialize(StandardServer.java:795)
	at org.apache.catalina.startup.Catalina.load(Catalina.java:524)
	at org.apache.catalina.startup.Catalina.load(Catalina.java:548)
	at sun.reflect.NativeMethodAccessorImpl.invoke0(Native Method)
	at sun.reflect.NativeMethodAccessorImpl.invoke(NativeMethodAccessorImpl.java:39)
	at sun.reflect.DelegatingMethodAccessorImpl.invoke(DelegatingMethodAccessorImpl.java:25)
	at java.lang.reflect.Method.invoke(Method.java:592)
	at org.apache.catalina.startup.Bootstrap.load(Bootstrap.java:261)
	at org.apache.catalina.startup.Bootstrap.main(Bootstrap.java:413)
2013-mar-03 13:01:54 org.apache.catalina.startup.Catalina load
INFO: Initialization processed in 7784 ms
2013-mar-03 13:01:54 org.apache.catalina.core.StandardService start
INFO: Starting service Catalina
2013-mar-03 13:01:54 org.apache.catalina.core.StandardEngine start
INFO: Starting Servlet Engine: Apache Tomcat/6.0.26
2013-mar-03 13:01:54 org.apache.catalina.startup.HostConfig deployDescriptor
INFO: Deploying configuration descriptor host-manager.xml
2013-mar-03 13:01:55 org.apache.catalina.startup.HostConfig deployDescriptor
INFO: Deploying configuration descriptor manager.xml
2013-mar-03 13:01:56 org.apache.catalina.startup.HostConfig deployDescriptor
INFO: Deploying configuration descriptor openejb.xml
2013-mar-03 13:01:57 org.apache.catalina.startup.HostConfig deployDirectory
INFO: Deploying web application directory docs
2013-mar-03 13:01:57 org.apache.catalina.startup.HostConfig deployDirectory
INFO: Deploying web application directory examples
2013-mar-03 13:01:58 org.apache.catalina.startup.HostConfig deployDirectory
INFO: Deploying web application directory ROOT
2013-mar-03 13:02:00 org.apache.coyote.http11.Http11Protocol start
ALLVARLIG: Error starting endpoint
java.net.BindException: Address already in use: JVM_Bind <null>:8080
	at org.apache.tomcat.util.net.JIoEndpoint.init(JIoEndpoint.java:549)
	at org.apache.tomcat.util.net.JIoEndpoint.start(JIoEndpoint.java:565)
	at org.apache.coyote.http11.Http11Protocol.start(Http11Protocol.java:203)
	at org.apache.catalina.connector.Connector.start(Connector.java:1087)
	at org.apache.catalina.core.StandardService.start(StandardService.java:534)
	at org.apache.catalina.core.StandardServer.start(StandardServer.java:710)
	at org.apache.catalina.startup.Catalina.start(Catalina.java:581)
	at sun.reflect.NativeMethodAccessorImpl.invoke0(Native Method)
	at sun.reflect.NativeMethodAccessorImpl.invoke(NativeMethodAccessorImpl.java:39)
	at sun.reflect.DelegatingMethodAccessorImpl.invoke(DelegatingMethodAccessorImpl.java:25)
	at java.lang.reflect.Method.invoke(Method.java:592)
	at org.apache.catalina.startup.Bootstrap.start(Bootstrap.java:289)
	at org.apache.catalina.startup.Bootstrap.main(Bootstrap.java:414)
Caused by: java.net.BindException: Address already in use: JVM_Bind
	at java.net.PlainSocketImpl.socketBind(Native Method)
	at java.net.PlainSocketImpl.bind(PlainSocketImpl.java:359)
	at java.net.ServerSocket.bind(ServerSocket.java:319)
	at java.net.ServerSocket.<init>(ServerSocket.java:185)
	at java.net.ServerSocket.<init>(ServerSocket.java:141)
	at org.apache.tomcat.util.net.DefaultServerSocketFactory.createSocket(DefaultServerSocketFactory.java:50)
	at org.apache.tomcat.util.net.JIoEndpoint.init(JIoEndpoint.java:538)
	... 12 more
2013-mar-03 13:02:00 org.apache.catalina.startup.Catalina start
ALLVARLIG: Catalina.start: 
LifecycleException:  service.getName(): "Catalina";  Protocol handler start failed: java.net.BindException: Address already in use: JVM_Bind <null>:8080
	at org.apache.catalina.connector.Connector.start(Connector.java:1094)
	at org.apache.catalina.core.StandardService.start(StandardService.java:534)
	at org.apache.catalina.core.StandardServer.start(StandardServer.java:710)
	at org.apache.catalina.startup.Catalina.start(Catalina.java:581)
	at sun.reflect.NativeMethodAccessorImpl.invoke0(Native Method)
	at sun.reflect.NativeMethodAccessorImpl.invoke(NativeMethodAccessorImpl.java:39)
	at sun.reflect.DelegatingMethodAccessorImpl.invoke(DelegatingMethodAccessorImpl.java:25)
	at java.lang.reflect.Method.invoke(Method.java:592)
	at org.apache.catalina.startup.Bootstrap.start(Bootstrap.java:289)
	at org.apache.catalina.startup.Bootstrap.main(Bootstrap.java:414)
2013-mar-03 13:02:00 org.apache.catalina.startup.Catalina start
INFO: Server startup in 6578 ms
2013-mar-03 13:02:00 org.apache.catalina.core.StandardServer await
ALLVARLIG: StandardServer.await: create[8005]: 
java.net.BindException: Address already in use: JVM_Bind
	at java.net.PlainSocketImpl.socketBind(Native Method)
	at java.net.PlainSocketImpl.bind(PlainSocketImpl.java:359)
	at java.net.ServerSocket.bind(ServerSocket.java:319)
	at java.net.ServerSocket.<init>(ServerSocket.java:185)
	at org.apache.catalina.core.StandardServer.await(StandardServer.java:373)
	at org.apache.catalina.startup.Catalina.await(Catalina.java:662)
	at org.apache.catalina.startup.Catalina.start(Catalina.java:614)
	at sun.reflect.NativeMethodAccessorImpl.invoke0(Native Method)
	at sun.reflect.NativeMethodAccessorImpl.invoke(NativeMethodAccessorImpl.java:39)
	at sun.reflect.DelegatingMethodAccessorImpl.invoke(DelegatingMethodAccessorImpl.java:25)
	at java.lang.reflect.Method.invoke(Method.java:592)
	at org.apache.catalina.startup.Bootstrap.start(Bootstrap.java:289)
	at org.apache.catalina.startup.Bootstrap.main(Bootstrap.java:414)
2013-mar-03 13:02:00 org.apache.coyote.http11.Http11Protocol pause
INFO: Pausing Coyote HTTP/1.1 on http-8080
2013-mar-03 13:02:01 org.apache.catalina.core.StandardService stop
INFO: Stopping service Catalina
2013-mar-03 13:02:01 org.apache.catalina.connector.MapperListener destroy
VARNING: Error unregistering MBeanServerDelegate
java.lang.NullPointerException
	at org.apache.catalina.connector.MapperListener.destroy(MapperListener.java:176)
	at org.apache.catalina.connector.Connector.stop(Connector.java:1135)
	at org.apache.catalina.core.StandardService.stop(StandardService.java:596)
	at org.apache.catalina.core.StandardServer.stop(StandardServer.java:744)
	at org.apache.catalina.startup.Catalina.stop(Catalina.java:648)
	at org.apache.catalina.startup.Catalina$CatalinaShutdownHook.run(Catalina.java:692)
2013-mar-03 13:02:01 org.apache.coyote.http11.Http11Protocol destroy
INFO: Stopping Coyote HTTP/1.1 on http-8080
2013-mar-03 13:02:01 org.apache.catalina.connector.Connector stop
ALLVARLIG: Coyote connector has not been started
2013-mar-03 13:02:25 org.apache.coyote.http11.Http11Protocol pause
INFO: Pausing Coyote HTTP/1.1 on http-8080
2013-mar-03 13:02:26 org.apache.catalina.core.StandardService stop
INFO: Stopping service Catalina
2013-mar-03 13:02:26 org.apache.catalina.loader.WebappClassLoader clearReferencesStopTimerThread
ALLVARLIG: A web application appears to have started a TimerThread named [Timer-1] via the java.util.Timer API but has failed to stop it. To prevent a memory leak, the timer (and hence the associated thread) has been forcibly cancelled. 
2013-mar-03 13:02:26 org.apache.catalina.loader.WebappClassLoader clearReferencesThreads
ALLVARLIG: A web application appears to have started a thread named [StatelessPool] but has failed to stop it. This is very likely to create a memory leak.
2013-mar-03 13:02:26 org.apache.catalina.loader.WebappClassLoader clearReferencesThreads
ALLVARLIG: A web application appears to have started a thread named [StatelessPool] but has failed to stop it. This is very likely to create a memory leak.
2013-mar-03 13:02:26 org.apache.coyote.http11.Http11Protocol destroy
INFO: Stopping Coyote HTTP/1.1 on http-8080
2013-mar-03 13:02:28 org.apache.catalina.core.AprLifecycleListener init
INFO: The APR based Apache Tomcat Native library which allows optimal performance in production environments was not found on the java.library.path: C:\Program Files\Java\jdk1.5.0_22\bin;.;C:\Windows\system32;C:\Windows;C:\Program Files\Java\jdk1.5.0_22\bin
2013-mar-03 13:02:36 org.apache.coyote.http11.Http11Protocol init
INFO: Initializing Coyote HTTP/1.1 on http-8080
2013-mar-03 13:02:36 org.apache.catalina.startup.Catalina load
INFO: Initialization processed in 7856 ms
2013-mar-03 13:02:36 org.apache.catalina.core.StandardService start
INFO: Starting service Catalina
2013-mar-03 13:02:36 org.apache.catalina.core.StandardEngine start
INFO: Starting Servlet Engine: Apache Tomcat/6.0.26
2013-mar-03 13:02:36 org.apache.catalina.startup.HostConfig deployDescriptor
INFO: Deploying configuration descriptor host-manager.xml
2013-mar-03 13:02:37 org.apache.catalina.startup.HostConfig deployDescriptor
INFO: Deploying configuration descriptor manager.xml
2013-mar-03 13:02:38 org.apache.catalina.startup.HostConfig deployDescriptor
INFO: Deploying configuration descriptor openejb.xml
2013-mar-03 13:02:39 org.apache.catalina.startup.HostConfig deployDirectory
INFO: Deploying web application directory docs
2013-mar-03 13:02:39 org.apache.catalina.startup.HostConfig deployDirectory
INFO: Deploying web application directory examples
2013-mar-03 13:02:40 org.apache.catalina.startup.HostConfig deployDirectory
INFO: Deploying web application directory ROOT
2013-mar-03 13:02:42 org.apache.coyote.http11.Http11Protocol start
INFO: Starting Coyote HTTP/1.1 on http-8080
2013-mar-03 13:02:42 org.apache.jk.common.ChannelSocket init
INFO: JK: ajp13 listening on /0.0.0.0:8009
2013-mar-03 13:02:42 org.apache.jk.server.JkMain start
INFO: Jk running ID=0 time=0/40  config=null
2013-mar-03 13:02:42 org.apache.catalina.startup.Catalina start
INFO: Server startup in 6641 ms
2013-mar-03 15:35:54 org.apache.coyote.http11.Http11Protocol pause
INFO: Pausing Coyote HTTP/1.1 on http-8080
2013-mar-03 15:35:55 org.apache.catalina.core.StandardService stop
INFO: Stopping service Catalina
2013-mar-03 15:35:55 org.apache.catalina.loader.WebappClassLoader clearReferencesStopTimerThread
ALLVARLIG: A web application appears to have started a TimerThread named [Timer-1] via the java.util.Timer API but has failed to stop it. To prevent a memory leak, the timer (and hence the associated thread) has been forcibly cancelled. 
2013-mar-03 15:35:55 org.apache.catalina.loader.WebappClassLoader clearReferencesThreads
ALLVARLIG: A web application appears to have started a thread named [StatelessPool] but has failed to stop it. This is very likely to create a memory leak.
2013-mar-03 15:35:55 org.apache.catalina.loader.WebappClassLoader clearReferencesThreads
ALLVARLIG: A web application appears to have started a thread named [StatelessPool] but has failed to stop it. This is very likely to create a memory leak.
2013-mar-03 15:35:55 org.apache.catalina.loader.WebappClassLoader clearReferencesThreads
ALLVARLIG: A web application appears to have started a thread named [StatelessPool] but has failed to stop it. This is very likely to create a memory leak.
2013-mar-03 15:35:55 org.apache.coyote.http11.Http11Protocol destroy
INFO: Stopping Coyote HTTP/1.1 on http-8080
2013-mar-03 15:55:57 org.apache.catalina.core.AprLifecycleListener init
INFO: The APR based Apache Tomcat Native library which allows optimal performance in production environments was not found on the java.library.path: C:\Program Files\Java\jdk1.5.0_22\bin;.;C:\Windows\system32;C:\Windows;C:\Program Files\Java\jdk1.5.0_22\bin
2013-mar-03 15:56:05 org.apache.coyote.http11.Http11Protocol init
INFO: Initializing Coyote HTTP/1.1 on http-8080
2013-mar-03 15:56:05 org.apache.catalina.startup.Catalina load
INFO: Initialization processed in 7881 ms
2013-mar-03 15:56:05 org.apache.catalina.core.StandardService start
INFO: Starting service Catalina
2013-mar-03 15:56:05 org.apache.catalina.core.StandardEngine start
INFO: Starting Servlet Engine: Apache Tomcat/6.0.26
2013-mar-03 15:56:05 org.apache.catalina.startup.HostConfig deployDescriptor
INFO: Deploying configuration descriptor host-manager.xml
2013-mar-03 15:56:07 org.apache.catalina.startup.HostConfig deployDescriptor
INFO: Deploying configuration descriptor manager.xml
2013-mar-03 15:56:07 org.apache.catalina.startup.HostConfig deployDescriptor
INFO: Deploying configuration descriptor openejb.xml
2013-mar-03 15:56:08 org.apache.catalina.startup.HostConfig deployDirectory
INFO: Deploying web application directory docs
2013-mar-03 15:56:08 org.apache.catalina.startup.HostConfig deployDirectory
INFO: Deploying web application directory examples
2013-mar-03 15:56:10 org.apache.catalina.startup.HostConfig deployDirectory
INFO: Deploying web application directory ROOT
2013-mar-03 15:56:12 org.apache.coyote.http11.Http11Protocol start
INFO: Starting Coyote HTTP/1.1 on http-8080
2013-mar-03 15:56:12 org.apache.jk.common.ChannelSocket init
INFO: JK: ajp13 listening on /0.0.0.0:8009
2013-mar-03 15:56:12 org.apache.jk.server.JkMain start
INFO: Jk running ID=0 time=0/44  config=null
2013-mar-03 15:56:12 org.apache.catalina.startup.Catalina start
INFO: Server startup in 6794 ms
2013-mar-03 15:57:52 org.apache.coyote.http11.Http11Protocol pause
INFO: Pausing Coyote HTTP/1.1 on http-8080
2013-mar-03 15:57:53 org.apache.catalina.core.StandardService stop
INFO: Stopping service Catalina
2013-mar-03 15:57:53 org.apache.catalina.loader.WebappClassLoader clearReferencesStopTimerThread
ALLVARLIG: A web application appears to have started a TimerThread named [Timer-1] via the java.util.Timer API but has failed to stop it. To prevent a memory leak, the timer (and hence the associated thread) has been forcibly cancelled. 
2013-mar-03 15:57:53 org.apache.catalina.loader.WebappClassLoader clearReferencesThreads
ALLVARLIG: A web application appears to have started a thread named [StatelessPool] but has failed to stop it. This is very likely to create a memory leak.
2013-mar-03 15:57:53 org.apache.catalina.loader.WebappClassLoader clearReferencesThreads
ALLVARLIG: A web application appears to have started a thread named [StatelessPool] but has failed to stop it. This is very likely to create a memory leak.
2013-mar-03 15:57:53 org.apache.catalina.loader.WebappClassLoader clearReferencesThreads
ALLVARLIG: A web application appears to have started a thread named [StatelessPool] but has failed to stop it. This is very likely to create a memory leak.
2013-mar-03 15:57:53 org.apache.coyote.http11.Http11Protocol destroy
INFO: Stopping Coyote HTTP/1.1 on http-8080
2013-mar-03 15:59:59 org.apache.catalina.core.AprLifecycleListener init
INFO: The APR based Apache Tomcat Native library which allows optimal performance in production environments was not found on the java.library.path: C:\Program Files\Java\jdk1.5.0_22\bin;.;C:\Windows\system32;C:\Windows;C:\Program Files\Java\jdk1.5.0_22\bin
2013-mar-03 16:00:06 org.apache.coyote.http11.Http11Protocol init
INFO: Initializing Coyote HTTP/1.1 on http-8080
2013-mar-03 16:00:06 org.apache.catalina.startup.Catalina load
INFO: Initialization processed in 7846 ms
2013-mar-03 16:00:06 org.apache.catalina.core.StandardService start
INFO: Starting service Catalina
2013-mar-03 16:00:06 org.apache.catalina.core.StandardEngine start
INFO: Starting Servlet Engine: Apache Tomcat/6.0.26
2013-mar-03 16:00:06 org.apache.catalina.startup.HostConfig deployDescriptor
INFO: Deploying configuration descriptor host-manager.xml
2013-mar-03 16:00:08 org.apache.catalina.startup.HostConfig deployDescriptor
INFO: Deploying configuration descriptor manager.xml
2013-mar-03 16:00:08 org.apache.catalina.startup.HostConfig deployDescriptor
INFO: Deploying configuration descriptor openejb.xml
2013-mar-03 16:00:09 org.apache.catalina.startup.HostConfig deployDirectory
INFO: Deploying web application directory docs
2013-mar-03 16:00:09 org.apache.catalina.startup.HostConfig deployDirectory
INFO: Deploying web application directory examples
2013-mar-03 16:00:11 org.apache.catalina.startup.HostConfig deployDirectory
INFO: Deploying web application directory ROOT
2013-mar-03 16:00:13 org.apache.coyote.http11.Http11Protocol start
INFO: Starting Coyote HTTP/1.1 on http-8080
2013-mar-03 16:00:13 org.apache.jk.common.ChannelSocket init
INFO: JK: ajp13 listening on /0.0.0.0:8009
2013-mar-03 16:00:13 org.apache.jk.server.JkMain start
INFO: Jk running ID=0 time=0/45  config=null
2013-mar-03 16:00:13 org.apache.catalina.startup.Catalina start
INFO: Server startup in 6808 ms
2013-mar-03 16:02:29 org.apache.coyote.http11.Http11Protocol pause
INFO: Pausing Coyote HTTP/1.1 on http-8080
2013-mar-03 16:02:30 org.apache.catalina.core.StandardService stop
INFO: Stopping service Catalina
2013-mar-03 16:02:30 org.apache.catalina.loader.WebappClassLoader clearReferencesStopTimerThread
ALLVARLIG: A web application appears to have started a TimerThread named [Timer-1] via the java.util.Timer API but has failed to stop it. To prevent a memory leak, the timer (and hence the associated thread) has been forcibly cancelled. 
2013-mar-03 16:02:30 org.apache.catalina.loader.WebappClassLoader clearReferencesThreads
ALLVARLIG: A web application appears to have started a thread named [StatelessPool] but has failed to stop it. This is very likely to create a memory leak.
2013-mar-03 16:02:30 org.apache.catalina.loader.WebappClassLoader clearReferencesThreads
ALLVARLIG: A web application appears to have started a thread named [StatelessPool] but has failed to stop it. This is very likely to create a memory leak.
2013-mar-03 16:02:30 org.apache.catalina.loader.WebappClassLoader clearReferencesThreads
ALLVARLIG: A web application appears to have started a thread named [StatelessPool] but has failed to stop it. This is very likely to create a memory leak.
2013-mar-03 16:02:30 org.apache.coyote.http11.Http11Protocol destroy
INFO: Stopping Coyote HTTP/1.1 on http-8080
2013-mar-03 16:02:36 org.apache.catalina.core.AprLifecycleListener init
INFO: The APR based Apache Tomcat Native library which allows optimal performance in production environments was not found on the java.library.path: C:\Program Files\Java\jdk1.5.0_22\bin;.;C:\Windows\system32;C:\Windows;C:\Program Files\Java\jdk1.5.0_22\bin
2013-mar-03 16:02:44 org.apache.coyote.http11.Http11Protocol init
INFO: Initializing Coyote HTTP/1.1 on http-8080
2013-mar-03 16:02:44 org.apache.catalina.startup.Catalina load
INFO: Initialization processed in 8245 ms
2013-mar-03 16:02:44 org.apache.catalina.core.StandardService start
INFO: Starting service Catalina
2013-mar-03 16:02:44 org.apache.catalina.core.StandardEngine start
INFO: Starting Servlet Engine: Apache Tomcat/6.0.26
2013-mar-03 16:02:44 org.apache.catalina.startup.HostConfig deployDescriptor
INFO: Deploying configuration descriptor host-manager.xml
2013-mar-03 16:02:45 org.apache.catalina.startup.HostConfig deployDescriptor
INFO: Deploying configuration descriptor manager.xml
2013-mar-03 16:02:46 org.apache.catalina.startup.HostConfig deployDescriptor
INFO: Deploying configuration descriptor openejb.xml
2013-mar-03 16:02:47 org.apache.catalina.startup.HostConfig deployDirectory
INFO: Deploying web application directory docs
2013-mar-03 16:02:47 org.apache.catalina.startup.HostConfig deployDirectory
INFO: Deploying web application directory examples
2013-mar-03 16:02:48 org.apache.catalina.startup.HostConfig deployDirectory
INFO: Deploying web application directory ROOT
2013-mar-03 16:02:50 org.apache.coyote.http11.Http11Protocol start
INFO: Starting Coyote HTTP/1.1 on http-8080
2013-mar-03 16:02:50 org.apache.jk.common.ChannelSocket init
INFO: JK: ajp13 listening on /0.0.0.0:8009
2013-mar-03 16:02:50 org.apache.jk.server.JkMain start
INFO: Jk running ID=0 time=0/43  config=null
2013-mar-03 16:02:50 org.apache.catalina.startup.Catalina start
INFO: Server startup in 6837 ms
2013-mar-03 16:04:23 org.apache.coyote.http11.Http11Protocol pause
INFO: Pausing Coyote HTTP/1.1 on http-8080
2013-mar-03 16:04:24 org.apache.catalina.core.StandardService stop
INFO: Stopping service Catalina
2013-mar-03 16:04:24 org.apache.catalina.loader.WebappClassLoader clearReferencesStopTimerThread
ALLVARLIG: A web application appears to have started a TimerThread named [Timer-1] via the java.util.Timer API but has failed to stop it. To prevent a memory leak, the timer (and hence the associated thread) has been forcibly cancelled. 
2013-mar-03 16:04:24 org.apache.catalina.loader.WebappClassLoader clearReferencesThreads
ALLVARLIG: A web application appears to have started a thread named [StatelessPool] but has failed to stop it. This is very likely to create a memory leak.
2013-mar-03 16:04:24 org.apache.catalina.loader.WebappClassLoader clearReferencesThreads
ALLVARLIG: A web application appears to have started a thread named [StatelessPool] but has failed to stop it. This is very likely to create a memory leak.
2013-mar-03 16:04:24 org.apache.catalina.loader.WebappClassLoader clearReferencesThreads
ALLVARLIG: A web application appears to have started a thread named [StatelessPool] but has failed to stop it. This is very likely to create a memory leak.
2013-mar-03 16:04:24 org.apache.catalina.loader.WebappClassLoader clearReferencesThreads
ALLVARLIG: A web application appears to have started a thread named [StatelessPool] but has failed to stop it. This is very likely to create a memory leak.
2013-mar-03 16:04:24 org.apache.coyote.http11.Http11Protocol destroy
INFO: Stopping Coyote HTTP/1.1 on http-8080
2013-mar-03 16:04:28 org.apache.catalina.core.AprLifecycleListener init
INFO: The APR based Apache Tomcat Native library which allows optimal performance in production environments was not found on the java.library.path: C:\Program Files\Java\jdk1.5.0_22\bin;.;C:\Windows\system32;C:\Windows;C:\Program Files\Java\jdk1.5.0_22\bin
2013-mar-03 16:04:36 org.apache.coyote.http11.Http11Protocol init
INFO: Initializing Coyote HTTP/1.1 on http-8080
2013-mar-03 16:04:36 org.apache.catalina.startup.Catalina load
INFO: Initialization processed in 7867 ms
2013-mar-03 16:04:36 org.apache.catalina.core.StandardService start
INFO: Starting service Catalina
2013-mar-03 16:04:36 org.apache.catalina.core.StandardEngine start
INFO: Starting Servlet Engine: Apache Tomcat/6.0.26
2013-mar-03 16:04:36 org.apache.catalina.startup.HostConfig deployDescriptor
INFO: Deploying configuration descriptor host-manager.xml
2013-mar-03 16:04:38 org.apache.catalina.startup.HostConfig deployDescriptor
INFO: Deploying configuration descriptor manager.xml
2013-mar-03 16:04:38 org.apache.catalina.startup.HostConfig deployDescriptor
INFO: Deploying configuration descriptor openejb.xml
2013-mar-03 16:04:39 org.apache.catalina.startup.HostConfig deployDirectory
INFO: Deploying web application directory docs
2013-mar-03 16:04:39 org.apache.catalina.startup.HostConfig deployDirectory
INFO: Deploying web application directory examples
2013-mar-03 16:04:40 org.apache.catalina.startup.HostConfig deployDirectory
INFO: Deploying web application directory ROOT
2013-mar-03 16:04:43 org.apache.coyote.http11.Http11Protocol start
INFO: Starting Coyote HTTP/1.1 on http-8080
2013-mar-03 16:04:43 org.apache.jk.common.ChannelSocket init
INFO: JK: ajp13 listening on /0.0.0.0:8009
2013-mar-03 16:04:43 org.apache.jk.server.JkMain start
INFO: Jk running ID=0 time=0/44  config=null
2013-mar-03 16:04:43 org.apache.catalina.startup.Catalina start
INFO: Server startup in 6819 ms
2013-mar-03 16:31:49 org.apache.coyote.http11.Http11Protocol pause
INFO: Pausing Coyote HTTP/1.1 on http-8080
2013-mar-03 16:31:50 org.apache.catalina.core.StandardService stop
INFO: Stopping service Catalina
2013-mar-03 16:31:50 org.apache.catalina.loader.WebappClassLoader clearReferencesStopTimerThread
ALLVARLIG: A web application appears to have started a TimerThread named [Timer-1] via the java.util.Timer API but has failed to stop it. To prevent a memory leak, the timer (and hence the associated thread) has been forcibly cancelled. 
2013-mar-03 16:31:50 org.apache.catalina.loader.WebappClassLoader clearReferencesThreads
ALLVARLIG: A web application appears to have started a thread named [StatelessPool] but has failed to stop it. This is very likely to create a memory leak.
2013-mar-03 16:31:50 org.apache.catalina.loader.WebappClassLoader clearReferencesThreads
ALLVARLIG: A web application appears to have started a thread named [StatelessPool] but has failed to stop it. This is very likely to create a memory leak.
2013-mar-03 16:31:50 org.apache.catalina.loader.WebappClassLoader clearReferencesThreads
ALLVARLIG: A web application appears to have started a thread named [StatelessPool] but has failed to stop it. This is very likely to create a memory leak.
2013-mar-03 16:31:50 org.apache.catalina.loader.WebappClassLoader clearReferencesThreads
ALLVARLIG: A web application appears to have started a thread named [StatelessPool] but has failed to stop it. This is very likely to create a memory leak.
2013-mar-03 16:31:50 org.apache.coyote.http11.Http11Protocol destroy
INFO: Stopping Coyote HTTP/1.1 on http-8080
2013-mar-03 17:30:17 org.apache.catalina.core.AprLifecycleListener init
INFO: The APR based Apache Tomcat Native library which allows optimal performance in production environments was not found on the java.library.path: C:\Program Files\Java\jdk1.5.0_22\bin;.;C:\Windows\system32;C:\Windows;C:\Program Files\Java\jdk1.5.0_22\bin
2013-mar-03 17:30:24 org.apache.coyote.http11.Http11Protocol init
INFO: Initializing Coyote HTTP/1.1 on http-8080
2013-mar-03 17:30:24 org.apache.catalina.startup.Catalina load
INFO: Initialization processed in 7857 ms
2013-mar-03 17:30:24 org.apache.catalina.core.StandardService start
INFO: Starting service Catalina
2013-mar-03 17:30:24 org.apache.catalina.core.StandardEngine start
INFO: Starting Servlet Engine: Apache Tomcat/6.0.26
2013-mar-03 17:30:24 org.apache.catalina.startup.HostConfig deployDescriptor
INFO: Deploying configuration descriptor host-manager.xml
2013-mar-03 17:30:26 org.apache.catalina.startup.HostConfig deployDescriptor
INFO: Deploying configuration descriptor manager.xml
2013-mar-03 17:30:26 org.apache.catalina.startup.HostConfig deployDescriptor
INFO: Deploying configuration descriptor openejb.xml
2013-mar-03 17:30:27 org.apache.catalina.startup.HostConfig deployDirectory
INFO: Deploying web application directory docs
2013-mar-03 17:30:27 org.apache.catalina.startup.HostConfig deployDirectory
INFO: Deploying web application directory examples
2013-mar-03 17:30:29 org.apache.catalina.startup.HostConfig deployDirectory
INFO: Deploying web application directory ROOT
2013-mar-03 17:30:31 org.apache.coyote.http11.Http11Protocol start
INFO: Starting Coyote HTTP/1.1 on http-8080
2013-mar-03 17:30:31 org.apache.jk.common.ChannelSocket init
INFO: JK: ajp13 listening on /0.0.0.0:8009
2013-mar-03 17:30:31 org.apache.jk.server.JkMain start
INFO: Jk running ID=0 time=0/42  config=null
2013-mar-03 17:30:31 org.apache.catalina.startup.Catalina start
INFO: Server startup in 6787 ms
2013-mar-03 17:40:14 org.apache.coyote.http11.Http11Protocol pause
INFO: Pausing Coyote HTTP/1.1 on http-8080
2013-mar-03 17:40:15 org.apache.catalina.core.StandardService stop
INFO: Stopping service Catalina
2013-mar-03 17:40:15 org.apache.catalina.loader.WebappClassLoader clearReferencesStopTimerThread
ALLVARLIG: A web application appears to have started a TimerThread named [Timer-1] via the java.util.Timer API but has failed to stop it. To prevent a memory leak, the timer (and hence the associated thread) has been forcibly cancelled. 
2013-mar-03 17:40:15 org.apache.catalina.loader.WebappClassLoader clearReferencesThreads
ALLVARLIG: A web application appears to have started a thread named [StatelessPool] but has failed to stop it. This is very likely to create a memory leak.
2013-mar-03 17:40:15 org.apache.coyote.http11.Http11Protocol destroy
INFO: Stopping Coyote HTTP/1.1 on http-8080
2013-mar-03 17:40:22 org.apache.catalina.core.AprLifecycleListener init
INFO: The APR based Apache Tomcat Native library which allows optimal performance in production environments was not found on the java.library.path: C:\Program Files\Java\jdk1.5.0_22\bin;.;C:\Windows\system32;C:\Windows;C:\Program Files\Java\jdk1.5.0_22\bin
2013-mar-03 17:40:30 org.apache.coyote.http11.Http11Protocol init
INFO: Initializing Coyote HTTP/1.1 on http-8080
2013-mar-03 17:40:30 org.apache.catalina.startup.Catalina load
INFO: Initialization processed in 8150 ms
2013-mar-03 17:40:30 org.apache.catalina.core.StandardService start
INFO: Starting service Catalina
2013-mar-03 17:40:30 org.apache.catalina.core.StandardEngine start
INFO: Starting Servlet Engine: Apache Tomcat/6.0.26
2013-mar-03 17:40:30 org.apache.catalina.startup.HostConfig deployDescriptor
INFO: Deploying configuration descriptor host-manager.xml
2013-mar-03 17:40:32 org.apache.catalina.startup.HostConfig deployDescriptor
INFO: Deploying configuration descriptor manager.xml
2013-mar-03 17:40:32 org.apache.catalina.startup.HostConfig deployDescriptor
INFO: Deploying configuration descriptor openejb.xml
2013-mar-03 17:40:33 org.apache.catalina.startup.HostConfig deployDirectory
INFO: Deploying web application directory docs
2013-mar-03 17:40:34 org.apache.catalina.startup.HostConfig deployDirectory
INFO: Deploying web application directory examples
2013-mar-03 17:40:35 org.apache.catalina.startup.HostConfig deployDirectory
INFO: Deploying web application directory ROOT
2013-mar-03 17:40:37 org.apache.coyote.http11.Http11Protocol start
INFO: Starting Coyote HTTP/1.1 on http-8080
2013-mar-03 17:40:37 org.apache.jk.common.ChannelSocket init
INFO: JK: ajp13 listening on /0.0.0.0:8009
2013-mar-03 17:40:37 org.apache.jk.server.JkMain start
INFO: Jk running ID=0 time=0/45  config=null
2013-mar-03 17:40:37 org.apache.catalina.startup.Catalina start
INFO: Server startup in 6810 ms
2013-mar-03 18:00:29 org.apache.coyote.http11.Http11Protocol pause
INFO: Pausing Coyote HTTP/1.1 on http-8080
2013-mar-03 18:00:30 org.apache.catalina.core.StandardService stop
INFO: Stopping service Catalina
2013-mar-03 18:00:30 org.apache.catalina.loader.WebappClassLoader clearReferencesStopTimerThread
ALLVARLIG: A web application appears to have started a TimerThread named [Timer-1] via the java.util.Timer API but has failed to stop it. To prevent a memory leak, the timer (and hence the associated thread) has been forcibly cancelled. 
2013-mar-03 18:00:30 org.apache.catalina.loader.WebappClassLoader clearReferencesThreads
ALLVARLIG: A web application appears to have started a thread named [StatelessPool] but has failed to stop it. This is very likely to create a memory leak.
2013-mar-03 18:00:30 org.apache.catalina.loader.WebappClassLoader clearReferencesThreads
ALLVARLIG: A web application appears to have started a thread named [StatelessPool] but has failed to stop it. This is very likely to create a memory leak.
2013-mar-03 18:00:30 org.apache.catalina.loader.WebappClassLoader clearReferencesThreads
ALLVARLIG: A web application appears to have started a thread named [StatelessPool] but has failed to stop it. This is very likely to create a memory leak.
2013-mar-03 18:00:30 org.apache.catalina.loader.WebappClassLoader clearReferencesThreads
ALLVARLIG: A web application appears to have started a thread named [StatelessPool] but has failed to stop it. This is very likely to create a memory leak.
2013-mar-03 18:00:30 org.apache.coyote.http11.Http11Protocol destroy
INFO: Stopping Coyote HTTP/1.1 on http-8080
2013-mar-03 22:17:05 org.apache.catalina.core.AprLifecycleListener init
INFO: The APR based Apache Tomcat Native library which allows optimal performance in production environments was not found on the java.library.path: C:\Program Files\Java\jdk1.5.0_22\bin;.;C:\Windows\system32;C:\Windows;C:\Program Files\Java\jdk1.5.0_22\bin
2013-mar-03 22:17:12 org.apache.coyote.http11.Http11Protocol init
INFO: Initializing Coyote HTTP/1.1 on http-8080
2013-mar-03 22:17:12 org.apache.catalina.startup.Catalina load
INFO: Initialization processed in 8039 ms
2013-mar-03 22:17:12 org.apache.catalina.core.StandardService start
INFO: Starting service Catalina
2013-mar-03 22:17:12 org.apache.catalina.core.StandardEngine start
INFO: Starting Servlet Engine: Apache Tomcat/6.0.26
2013-mar-03 22:17:12 org.apache.catalina.startup.HostConfig deployDescriptor
INFO: Deploying configuration descriptor host-manager.xml
2013-mar-03 22:17:14 org.apache.catalina.startup.HostConfig deployDescriptor
INFO: Deploying configuration descriptor manager.xml
2013-mar-03 22:17:14 org.apache.catalina.startup.HostConfig deployDescriptor
INFO: Deploying configuration descriptor openejb.xml
2013-mar-03 22:17:15 org.apache.catalina.startup.HostConfig deployDirectory
INFO: Deploying web application directory docs
2013-mar-03 22:17:16 org.apache.catalina.startup.HostConfig deployDirectory
INFO: Deploying web application directory examples
2013-mar-03 22:17:17 org.apache.catalina.startup.HostConfig deployDirectory
INFO: Deploying web application directory ROOT
2013-mar-03 22:17:19 org.apache.coyote.http11.Http11Protocol start
INFO: Starting Coyote HTTP/1.1 on http-8080
2013-mar-03 22:17:19 org.apache.jk.common.ChannelSocket init
INFO: JK: ajp13 listening on /0.0.0.0:8009
2013-mar-03 22:17:19 org.apache.jk.server.JkMain start
INFO: Jk running ID=0 time=0/43  config=null
2013-mar-03 22:17:19 org.apache.catalina.startup.Catalina start
INFO: Server startup in 6988 ms
2013-mar-03 22:32:10 org.apache.coyote.http11.Http11Protocol pause
INFO: Pausing Coyote HTTP/1.1 on http-8080
2013-mar-03 22:32:12 org.apache.catalina.core.StandardService stop
INFO: Stopping service Catalina
2013-mar-03 22:32:12 org.apache.catalina.loader.WebappClassLoader clearReferencesStopTimerThread
ALLVARLIG: A web application appears to have started a TimerThread named [Timer-1] via the java.util.Timer API but has failed to stop it. To prevent a memory leak, the timer (and hence the associated thread) has been forcibly cancelled. 
2013-mar-03 22:32:12 org.apache.catalina.loader.WebappClassLoader clearReferencesThreads
ALLVARLIG: A web application appears to have started a thread named [StatelessPool] but has failed to stop it. This is very likely to create a memory leak.
2013-mar-03 22:32:12 org.apache.catalina.loader.WebappClassLoader clearReferencesThreads
ALLVARLIG: A web application appears to have started a thread named [StatelessPool] but has failed to stop it. This is very likely to create a memory leak.
2013-mar-03 22:32:12 org.apache.catalina.loader.WebappClassLoader clearReferencesThreads
ALLVARLIG: A web application appears to have started a thread named [StatelessPool] but has failed to stop it. This is very likely to create a memory leak.
2013-mar-03 22:32:12 org.apache.catalina.loader.WebappClassLoader clearReferencesThreads
ALLVARLIG: A web application appears to have started a thread named [StatelessPool] but has failed to stop it. This is very likely to create a memory leak.
2013-mar-03 22:32:12 org.apache.coyote.http11.Http11Protocol destroy
INFO: Stopping Coyote HTTP/1.1 on http-8080
2013-mar-03 22:32:17 org.apache.catalina.core.AprLifecycleListener init
INFO: The APR based Apache Tomcat Native library which allows optimal performance in production environments was not found on the java.library.path: C:\Program Files\Java\jdk1.5.0_22\bin;.;C:\Windows\system32;C:\Windows;C:\Program Files\Java\jdk1.5.0_22\bin
2013-mar-03 22:32:24 org.apache.coyote.http11.Http11Protocol init
INFO: Initializing Coyote HTTP/1.1 on http-8080
2013-mar-03 22:32:24 org.apache.catalina.startup.Catalina load
INFO: Initialization processed in 7720 ms
2013-mar-03 22:32:25 org.apache.catalina.core.StandardService start
INFO: Starting service Catalina
2013-mar-03 22:32:25 org.apache.catalina.core.StandardEngine start
INFO: Starting Servlet Engine: Apache Tomcat/6.0.26
2013-mar-03 22:32:25 org.apache.catalina.startup.HostConfig deployDescriptor
INFO: Deploying configuration descriptor host-manager.xml
2013-mar-03 22:32:26 org.apache.catalina.startup.HostConfig deployDescriptor
INFO: Deploying configuration descriptor manager.xml
2013-mar-03 22:32:27 org.apache.catalina.startup.HostConfig deployDescriptor
INFO: Deploying configuration descriptor openejb.xml
2013-mar-03 22:32:27 org.apache.catalina.startup.HostConfig deployDirectory
INFO: Deploying web application directory docs
2013-mar-03 22:32:28 org.apache.catalina.startup.HostConfig deployDirectory
INFO: Deploying web application directory examples
2013-mar-03 22:32:29 org.apache.catalina.startup.HostConfig deployDirectory
INFO: Deploying web application directory ROOT
2013-mar-03 22:32:31 org.apache.coyote.http11.Http11Protocol start
INFO: Starting Coyote HTTP/1.1 on http-8080
2013-mar-03 22:32:31 org.apache.jk.common.ChannelSocket init
INFO: JK: ajp13 listening on /0.0.0.0:8009
2013-mar-03 22:32:31 org.apache.jk.server.JkMain start
INFO: Jk running ID=0 time=0/46  config=null
2013-mar-03 22:32:31 org.apache.catalina.startup.Catalina start
INFO: Server startup in 6668 ms
2013-mar-03 23:03:05 org.apache.coyote.http11.Http11Protocol pause
INFO: Pausing Coyote HTTP/1.1 on http-8080
2013-mar-03 23:03:06 org.apache.catalina.core.StandardService stop
INFO: Stopping service Catalina
2013-mar-03 23:03:06 org.apache.catalina.loader.WebappClassLoader clearReferencesStopTimerThread
ALLVARLIG: A web application appears to have started a TimerThread named [Timer-1] via the java.util.Timer API but has failed to stop it. To prevent a memory leak, the timer (and hence the associated thread) has been forcibly cancelled. 
2013-mar-03 23:03:06 org.apache.catalina.loader.WebappClassLoader clearReferencesThreads
ALLVARLIG: A web application appears to have started a thread named [StatelessPool] but has failed to stop it. This is very likely to create a memory leak.
2013-mar-03 23:03:06 org.apache.catalina.loader.WebappClassLoader clearReferencesThreads
ALLVARLIG: A web application appears to have started a thread named [StatelessPool] but has failed to stop it. This is very likely to create a memory leak.
2013-mar-03 23:03:06 org.apache.catalina.loader.WebappClassLoader clearReferencesThreads
ALLVARLIG: A web application appears to have started a thread named [StatelessPool] but has failed to stop it. This is very likely to create a memory leak.
2013-mar-03 23:03:06 org.apache.catalina.loader.WebappClassLoader clearReferencesThreads
ALLVARLIG: A web application appears to have started a thread named [StatelessPool] but has failed to stop it. This is very likely to create a memory leak.
2013-mar-03 23:03:06 org.apache.coyote.http11.Http11Protocol destroy
INFO: Stopping Coyote HTTP/1.1 on http-8080
2013-mar-03 23:05:17 org.apache.catalina.core.AprLifecycleListener init
INFO: The APR based Apache Tomcat Native library which allows optimal performance in production environments was not found on the java.library.path: C:\Program Files\Java\jdk1.5.0_22\bin;.;C:\Windows\system32;C:\Windows;C:\Program Files\Java\jdk1.5.0_22\bin
2013-mar-03 23:05:25 org.apache.coyote.http11.Http11Protocol init
INFO: Initializing Coyote HTTP/1.1 on http-8080
2013-mar-03 23:05:25 org.apache.catalina.startup.Catalina load
INFO: Initialization processed in 7859 ms
2013-mar-03 23:05:25 org.apache.catalina.core.StandardService start
INFO: Starting service Catalina
2013-mar-03 23:05:25 org.apache.catalina.core.StandardEngine start
INFO: Starting Servlet Engine: Apache Tomcat/6.0.26
2013-mar-03 23:05:25 org.apache.catalina.startup.HostConfig deployDescriptor
INFO: Deploying configuration descriptor host-manager.xml
2013-mar-03 23:05:27 org.apache.catalina.startup.HostConfig deployDescriptor
INFO: Deploying configuration descriptor manager.xml
2013-mar-03 23:05:27 org.apache.catalina.startup.HostConfig deployDescriptor
INFO: Deploying configuration descriptor openejb.xml
2013-mar-03 23:05:28 org.apache.catalina.startup.HostConfig deployDirectory
INFO: Deploying web application directory docs
2013-mar-03 23:05:28 org.apache.catalina.startup.HostConfig deployDirectory
INFO: Deploying web application directory examples
2013-mar-03 23:05:29 org.apache.catalina.startup.HostConfig deployDirectory
INFO: Deploying web application directory ROOT
2013-mar-03 23:05:32 org.apache.coyote.http11.Http11Protocol start
INFO: Starting Coyote HTTP/1.1 on http-8080
2013-mar-03 23:05:32 org.apache.jk.common.ChannelSocket init
INFO: JK: ajp13 listening on /0.0.0.0:8009
2013-mar-03 23:05:32 org.apache.jk.server.JkMain start
INFO: Jk running ID=0 time=0/46  config=null
2013-mar-03 23:05:32 org.apache.catalina.startup.Catalina start
INFO: Server startup in 6880 ms
2013-mar-03 23:07:50 org.apache.coyote.http11.Http11Protocol pause
INFO: Pausing Coyote HTTP/1.1 on http-8080
2013-mar-03 23:07:52 org.apache.catalina.core.StandardService stop
INFO: Stopping service Catalina
2013-mar-03 23:07:52 org.apache.catalina.loader.WebappClassLoader clearReferencesStopTimerThread
ALLVARLIG: A web application appears to have started a TimerThread named [Timer-1] via the java.util.Timer API but has failed to stop it. To prevent a memory leak, the timer (and hence the associated thread) has been forcibly cancelled. 
2013-mar-03 23:07:52 org.apache.catalina.loader.WebappClassLoader clearReferencesThreads
ALLVARLIG: A web application appears to have started a thread named [StatelessPool] but has failed to stop it. This is very likely to create a memory leak.
2013-mar-03 23:07:52 org.apache.catalina.loader.WebappClassLoader clearReferencesThreads
ALLVARLIG: A web application appears to have started a thread named [StatelessPool] but has failed to stop it. This is very likely to create a memory leak.
2013-mar-03 23:07:52 org.apache.catalina.loader.WebappClassLoader clearReferencesThreads
ALLVARLIG: A web application appears to have started a thread named [StatelessPool] but has failed to stop it. This is very likely to create a memory leak.
2013-mar-03 23:07:52 org.apache.coyote.http11.Http11Protocol destroy
INFO: Stopping Coyote HTTP/1.1 on http-8080
2013-mar-03 23:09:05 org.apache.catalina.core.AprLifecycleListener init
INFO: The APR based Apache Tomcat Native library which allows optimal performance in production environments was not found on the java.library.path: C:\Program Files\Java\jdk1.5.0_22\bin;.;C:\Windows\system32;C:\Windows;C:\Program Files\Java\jdk1.5.0_22\bin
2013-mar-03 23:09:12 org.apache.coyote.http11.Http11Protocol init
INFO: Initializing Coyote HTTP/1.1 on http-8080
2013-mar-03 23:09:12 org.apache.catalina.startup.Catalina load
INFO: Initialization processed in 7838 ms
2013-mar-03 23:09:13 org.apache.catalina.core.StandardService start
INFO: Starting service Catalina
2013-mar-03 23:09:13 org.apache.catalina.core.StandardEngine start
INFO: Starting Servlet Engine: Apache Tomcat/6.0.26
2013-mar-03 23:09:13 org.apache.catalina.startup.HostConfig deployDescriptor
INFO: Deploying configuration descriptor host-manager.xml
2013-mar-03 23:09:14 org.apache.catalina.startup.HostConfig deployDescriptor
INFO: Deploying configuration descriptor manager.xml
2013-mar-03 23:09:15 org.apache.catalina.startup.HostConfig deployDescriptor
INFO: Deploying configuration descriptor openejb.xml
2013-mar-03 23:09:15 org.apache.catalina.startup.HostConfig deployDirectory
INFO: Deploying web application directory docs
2013-mar-03 23:09:16 org.apache.catalina.startup.HostConfig deployDirectory
INFO: Deploying web application directory examples
2013-mar-03 23:09:17 org.apache.catalina.startup.HostConfig deployDirectory
INFO: Deploying web application directory ROOT
2013-mar-03 23:09:19 org.apache.coyote.http11.Http11Protocol start
INFO: Starting Coyote HTTP/1.1 on http-8080
2013-mar-03 23:09:19 org.apache.jk.common.ChannelSocket init
INFO: JK: ajp13 listening on /0.0.0.0:8009
2013-mar-03 23:09:19 org.apache.jk.server.JkMain start
INFO: Jk running ID=0 time=0/43  config=null
2013-mar-03 23:09:19 org.apache.catalina.startup.Catalina start
INFO: Server startup in 6812 ms
2013-mar-03 23:10:02 org.apache.coyote.http11.Http11Protocol pause
INFO: Pausing Coyote HTTP/1.1 on http-8080
2013-mar-03 23:10:03 org.apache.catalina.core.StandardService stop
INFO: Stopping service Catalina
2013-mar-03 23:10:03 org.apache.catalina.loader.WebappClassLoader clearReferencesStopTimerThread
ALLVARLIG: A web application appears to have started a TimerThread named [Timer-1] via the java.util.Timer API but has failed to stop it. To prevent a memory leak, the timer (and hence the associated thread) has been forcibly cancelled. 
2013-mar-03 23:10:03 org.apache.catalina.loader.WebappClassLoader clearReferencesThreads
ALLVARLIG: A web application appears to have started a thread named [StatelessPool] but has failed to stop it. This is very likely to create a memory leak.
2013-mar-03 23:10:03 org.apache.catalina.loader.WebappClassLoader clearReferencesThreads
ALLVARLIG: A web application appears to have started a thread named [StatelessPool] but has failed to stop it. This is very likely to create a memory leak.
2013-mar-03 23:10:03 org.apache.catalina.loader.WebappClassLoader clearReferencesThreads
ALLVARLIG: A web application appears to have started a thread named [StatelessPool] but has failed to stop it. This is very likely to create a memory leak.
2013-mar-03 23:10:03 org.apache.coyote.http11.Http11Protocol destroy
INFO: Stopping Coyote HTTP/1.1 on http-8080
2013-mar-03 23:10:34 org.apache.catalina.core.AprLifecycleListener init
INFO: The APR based Apache Tomcat Native library which allows optimal performance in production environments was not found on the java.library.path: C:\Program Files\Java\jdk1.5.0_22\bin;.;C:\Windows\system32;C:\Windows;C:\Program Files\Java\jdk1.5.0_22\bin
2013-mar-03 23:10:42 org.apache.coyote.http11.Http11Protocol init
INFO: Initializing Coyote HTTP/1.1 on http-8080
2013-mar-03 23:10:42 org.apache.catalina.startup.Catalina load
INFO: Initialization processed in 7924 ms
2013-mar-03 23:10:42 org.apache.catalina.core.StandardService start
INFO: Starting service Catalina
2013-mar-03 23:10:42 org.apache.catalina.core.StandardEngine start
INFO: Starting Servlet Engine: Apache Tomcat/6.0.26
2013-mar-03 23:10:42 org.apache.catalina.startup.HostConfig deployDescriptor
INFO: Deploying configuration descriptor host-manager.xml
2013-mar-03 23:10:43 org.apache.catalina.startup.HostConfig deployDescriptor
INFO: Deploying configuration descriptor manager.xml
2013-mar-03 23:10:44 org.apache.catalina.startup.HostConfig deployDescriptor
INFO: Deploying configuration descriptor openejb.xml
2013-mar-03 23:10:45 org.apache.catalina.startup.HostConfig deployDirectory
INFO: Deploying web application directory docs
2013-mar-03 23:10:45 org.apache.catalina.startup.HostConfig deployDirectory
INFO: Deploying web application directory examples
2013-mar-03 23:10:46 org.apache.catalina.startup.HostConfig deployDirectory
INFO: Deploying web application directory ROOT
2013-mar-03 23:10:48 org.apache.coyote.http11.Http11Protocol start
INFO: Starting Coyote HTTP/1.1 on http-8080
2013-mar-03 23:10:48 org.apache.jk.common.ChannelSocket init
INFO: JK: ajp13 listening on /0.0.0.0:8009
2013-mar-03 23:10:48 org.apache.jk.server.JkMain start
INFO: Jk running ID=0 time=0/43  config=null
2013-mar-03 23:10:48 org.apache.catalina.startup.Catalina start
INFO: Server startup in 6760 ms
2013-mar-03 23:11:51 org.apache.coyote.http11.Http11Protocol pause
INFO: Pausing Coyote HTTP/1.1 on http-8080
2013-mar-03 23:11:52 org.apache.catalina.core.StandardService stop
INFO: Stopping service Catalina
2013-mar-03 23:11:52 org.apache.catalina.loader.WebappClassLoader clearReferencesStopTimerThread
ALLVARLIG: A web application appears to have started a TimerThread named [Timer-1] via the java.util.Timer API but has failed to stop it. To prevent a memory leak, the timer (and hence the associated thread) has been forcibly cancelled. 
2013-mar-03 23:11:52 org.apache.coyote.http11.Http11Protocol destroy
INFO: Stopping Coyote HTTP/1.1 on http-8080
2013-mar-03 23:12:03 org.apache.catalina.core.AprLifecycleListener init
INFO: The APR based Apache Tomcat Native library which allows optimal performance in production environments was not found on the java.library.path: C:\Program Files\Java\jdk1.5.0_22\bin;.;C:\Windows\system32;C:\Windows;C:\Program Files\Java\jdk1.5.0_22\bin
2013-mar-03 23:12:11 org.apache.coyote.http11.Http11Protocol init
INFO: Initializing Coyote HTTP/1.1 on http-8080
2013-mar-03 23:12:11 org.apache.catalina.startup.Catalina load
INFO: Initialization processed in 7867 ms
2013-mar-03 23:12:11 org.apache.catalina.core.StandardService start
INFO: Starting service Catalina
2013-mar-03 23:12:11 org.apache.catalina.core.StandardEngine start
INFO: Starting Servlet Engine: Apache Tomcat/6.0.26
2013-mar-03 23:12:11 org.apache.catalina.startup.HostConfig deployDescriptor
INFO: Deploying configuration descriptor host-manager.xml
2013-mar-03 23:12:13 org.apache.catalina.startup.HostConfig deployDescriptor
INFO: Deploying configuration descriptor manager.xml
2013-mar-03 23:12:13 org.apache.catalina.startup.HostConfig deployDescriptor
INFO: Deploying configuration descriptor openejb.xml
2013-mar-03 23:12:14 org.apache.catalina.startup.HostConfig deployDirectory
INFO: Deploying web application directory docs
2013-mar-03 23:12:14 org.apache.catalina.startup.HostConfig deployDirectory
INFO: Deploying web application directory examples
2013-mar-03 23:12:16 org.apache.catalina.startup.HostConfig deployDirectory
INFO: Deploying web application directory ROOT
2013-mar-03 23:12:18 org.apache.coyote.http11.Http11Protocol start
INFO: Starting Coyote HTTP/1.1 on http-8080
2013-mar-03 23:12:18 org.apache.jk.common.ChannelSocket init
INFO: JK: ajp13 listening on /0.0.0.0:8009
2013-mar-03 23:12:18 org.apache.jk.server.JkMain start
INFO: Jk running ID=0 time=0/44  config=null
2013-mar-03 23:12:18 org.apache.catalina.startup.Catalina start
INFO: Server startup in 6880 ms
2013-mar-03 23:14:55 org.apache.coyote.http11.Http11Protocol pause
INFO: Pausing Coyote HTTP/1.1 on http-8080
2013-mar-03 23:14:56 org.apache.catalina.core.StandardService stop
INFO: Stopping service Catalina
2013-mar-03 23:14:56 org.apache.catalina.loader.WebappClassLoader clearReferencesStopTimerThread
ALLVARLIG: A web application appears to have started a TimerThread named [Timer-1] via the java.util.Timer API but has failed to stop it. To prevent a memory leak, the timer (and hence the associated thread) has been forcibly cancelled. 
2013-mar-03 23:14:56 org.apache.catalina.loader.WebappClassLoader clearReferencesThreads
ALLVARLIG: A web application appears to have started a thread named [StatelessPool] but has failed to stop it. This is very likely to create a memory leak.
2013-mar-03 23:14:56 org.apache.catalina.loader.WebappClassLoader clearReferencesThreads
ALLVARLIG: A web application appears to have started a thread named [StatelessPool] but has failed to stop it. This is very likely to create a memory leak.
2013-mar-03 23:14:56 org.apache.catalina.loader.WebappClassLoader clearReferencesThreads
ALLVARLIG: A web application appears to have started a thread named [StatelessPool] but has failed to stop it. This is very likely to create a memory leak.
2013-mar-03 23:14:56 org.apache.coyote.http11.Http11Protocol destroy
INFO: Stopping Coyote HTTP/1.1 on http-8080
2013-mar-03 23:20:59 org.apache.catalina.core.AprLifecycleListener init
INFO: The APR based Apache Tomcat Native library which allows optimal performance in production environments was not found on the java.library.path: C:\Program Files\Java\jdk1.5.0_22\bin;.;C:\Windows\system32;C:\Windows;C:\Program Files\Java\jdk1.5.0_22\bin
2013-mar-03 23:21:07 org.apache.coyote.http11.Http11Protocol init
INFO: Initializing Coyote HTTP/1.1 on http-8080
2013-mar-03 23:21:07 org.apache.catalina.startup.Catalina load
INFO: Initialization processed in 7871 ms
2013-mar-03 23:21:07 org.apache.catalina.core.StandardService start
INFO: Starting service Catalina
2013-mar-03 23:21:07 org.apache.catalina.core.StandardEngine start
INFO: Starting Servlet Engine: Apache Tomcat/6.0.26
2013-mar-03 23:21:07 org.apache.catalina.startup.HostConfig deployDescriptor
INFO: Deploying configuration descriptor host-manager.xml
2013-mar-03 23:21:08 org.apache.catalina.startup.HostConfig deployDescriptor
INFO: Deploying configuration descriptor manager.xml
2013-mar-03 23:21:09 org.apache.catalina.startup.HostConfig deployDescriptor
INFO: Deploying configuration descriptor openejb.xml
2013-mar-03 23:21:10 org.apache.catalina.startup.HostConfig deployDirectory
INFO: Deploying web application directory docs
2013-mar-03 23:21:10 org.apache.catalina.startup.HostConfig deployDirectory
INFO: Deploying web application directory examples
2013-mar-03 23:21:11 org.apache.catalina.startup.HostConfig deployDirectory
INFO: Deploying web application directory ROOT
2013-mar-03 23:21:13 org.apache.coyote.http11.Http11Protocol start
INFO: Starting Coyote HTTP/1.1 on http-8080
2013-mar-03 23:21:13 org.apache.jk.common.ChannelSocket init
INFO: JK: ajp13 listening on /0.0.0.0:8009
2013-mar-03 23:21:13 org.apache.jk.server.JkMain start
INFO: Jk running ID=0 time=0/45  config=null
2013-mar-03 23:21:13 org.apache.catalina.startup.Catalina start
INFO: Server startup in 6852 ms
2013-mar-03 23:36:26 org.apache.coyote.http11.Http11Protocol pause
INFO: Pausing Coyote HTTP/1.1 on http-8080
2013-mar-03 23:36:27 org.apache.catalina.core.StandardService stop
INFO: Stopping service Catalina
2013-mar-03 23:36:28 org.apache.catalina.loader.WebappClassLoader clearReferencesStopTimerThread
ALLVARLIG: A web application appears to have started a TimerThread named [Timer-1] via the java.util.Timer API but has failed to stop it. To prevent a memory leak, the timer (and hence the associated thread) has been forcibly cancelled. 
2013-mar-03 23:36:28 org.apache.catalina.loader.WebappClassLoader clearReferencesThreads
ALLVARLIG: A web application appears to have started a thread named [StatelessPool] but has failed to stop it. This is very likely to create a memory leak.
2013-mar-03 23:36:28 org.apache.coyote.http11.Http11Protocol destroy
INFO: Stopping Coyote HTTP/1.1 on http-8080
2013-mar-03 23:36:32 org.apache.catalina.core.AprLifecycleListener init
INFO: The APR based Apache Tomcat Native library which allows optimal performance in production environments was not found on the java.library.path: C:\Program Files\Java\jdk1.5.0_22\bin;.;C:\Windows\system32;C:\Windows;C:\Program Files\Java\jdk1.5.0_22\bin
2013-mar-03 23:36:40 org.apache.coyote.http11.Http11Protocol init
INFO: Initializing Coyote HTTP/1.1 on http-8080
2013-mar-03 23:36:40 org.apache.catalina.startup.Catalina load
INFO: Initialization processed in 7868 ms
2013-mar-03 23:36:40 org.apache.catalina.core.StandardService start
INFO: Starting service Catalina
2013-mar-03 23:36:40 org.apache.catalina.core.StandardEngine start
INFO: Starting Servlet Engine: Apache Tomcat/6.0.26
2013-mar-03 23:36:40 org.apache.catalina.startup.HostConfig deployDescriptor
INFO: Deploying configuration descriptor host-manager.xml
2013-mar-03 23:36:41 org.apache.catalina.startup.HostConfig deployDescriptor
INFO: Deploying configuration descriptor manager.xml
2013-mar-03 23:36:42 org.apache.catalina.startup.HostConfig deployDescriptor
INFO: Deploying configuration descriptor openejb.xml
2013-mar-03 23:36:43 org.apache.catalina.startup.HostConfig deployDirectory
INFO: Deploying web application directory docs
2013-mar-03 23:36:43 org.apache.catalina.startup.HostConfig deployDirectory
INFO: Deploying web application directory examples
2013-mar-03 23:36:44 org.apache.catalina.startup.HostConfig deployDirectory
INFO: Deploying web application directory ROOT
2013-mar-03 23:36:46 org.apache.coyote.http11.Http11Protocol start
INFO: Starting Coyote HTTP/1.1 on http-8080
2013-mar-03 23:36:47 org.apache.jk.common.ChannelSocket init
INFO: JK: ajp13 listening on /0.0.0.0:8009
2013-mar-03 23:36:47 org.apache.jk.server.JkMain start
INFO: Jk running ID=0 time=0/44  config=null
2013-mar-03 23:36:47 org.apache.catalina.startup.Catalina start
INFO: Server startup in 6810 ms
2013-mar-03 23:37:35 org.apache.coyote.http11.Http11Protocol pause
INFO: Pausing Coyote HTTP/1.1 on http-8080
2013-mar-03 23:37:36 org.apache.catalina.core.StandardService stop
INFO: Stopping service Catalina
2013-mar-03 23:37:36 org.apache.catalina.loader.WebappClassLoader clearReferencesStopTimerThread
ALLVARLIG: A web application appears to have started a TimerThread named [Timer-1] via the java.util.Timer API but has failed to stop it. To prevent a memory leak, the timer (and hence the associated thread) has been forcibly cancelled. 
2013-mar-03 23:37:36 org.apache.catalina.loader.WebappClassLoader clearReferencesThreads
ALLVARLIG: A web application appears to have started a thread named [StatelessPool] but has failed to stop it. This is very likely to create a memory leak.
2013-mar-03 23:37:36 org.apache.coyote.http11.Http11Protocol destroy
INFO: Stopping Coyote HTTP/1.1 on http-8080
