2013-mar-11 19:53:42 org.apache.catalina.core.AprLifecycleListener init
INFO: The APR based Apache Tomcat Native library which allows optimal performance in production environments was not found on the java.library.path: C:\Program Files\Java\jdk1.5.0_22\bin;.;C:\Windows\system32;C:\Windows;C:\Program Files\Java\jdk1.6.0_21\bin;C:\Program Files\Java\jdk1.5.0_22\bin;C:\Program Files\Common Files\Nero\Lib\;C:\Program Files\Common Files\Nero\Lib\
2013-mar-11 19:53:52 org.apache.coyote.http11.Http11Protocol init
INFO: Initializing Coyote HTTP/1.1 on http-8080
2013-mar-11 19:53:52 org.apache.catalina.startup.Catalina load
INFO: Initialization processed in 10565 ms
2013-mar-11 19:53:52 org.apache.catalina.core.StandardService start
INFO: Starting service Catalina
2013-mar-11 19:53:52 org.apache.catalina.core.StandardEngine start
INFO: Starting Servlet Engine: Apache Tomcat/6.0.26
2013-mar-11 19:53:52 org.apache.catalina.startup.HostConfig deployDescriptor
INFO: Deploying configuration descriptor host-manager.xml
2013-mar-11 19:53:54 org.apache.catalina.startup.HostConfig deployDescriptor
INFO: Deploying configuration descriptor manager.xml
2013-mar-11 19:53:54 org.apache.catalina.startup.HostConfig deployDescriptor
INFO: Deploying configuration descriptor openejb.xml
2013-mar-11 19:53:55 org.apache.catalina.startup.HostConfig deployDirectory
INFO: Deploying web application directory docs
2013-mar-11 19:53:55 org.apache.catalina.startup.HostConfig deployDirectory
INFO: Deploying web application directory examples
2013-mar-11 19:53:57 org.apache.catalina.startup.HostConfig deployDirectory
INFO: Deploying web application directory ROOT
2013-mar-11 19:53:59 org.apache.coyote.http11.Http11Protocol start
INFO: Starting Coyote HTTP/1.1 on http-8080
2013-mar-11 19:53:59 org.apache.jk.common.ChannelSocket init
INFO: JK: ajp13 listening on /0.0.0.0:8009
2013-mar-11 19:53:59 org.apache.jk.server.JkMain start
INFO: Jk running ID=0 time=0/44  config=null
2013-mar-11 19:53:59 org.apache.catalina.startup.Catalina start
INFO: Server startup in 7554 ms
2013-mar-11 23:03:46 org.apache.coyote.http11.Http11Protocol pause
INFO: Pausing Coyote HTTP/1.1 on http-8080
2013-mar-11 23:03:47 org.apache.catalina.core.StandardService stop
INFO: Stopping service Catalina
2013-mar-11 23:03:47 org.apache.catalina.loader.WebappClassLoader clearReferencesStopTimerThread
ALLVARLIG: A web application appears to have started a TimerThread named [Timer-1] via the java.util.Timer API but has failed to stop it. To prevent a memory leak, the timer (and hence the associated thread) has been forcibly cancelled. 
2013-mar-11 23:03:47 org.apache.catalina.loader.WebappClassLoader clearReferencesThreads
ALLVARLIG: A web application appears to have started a thread named [StatelessPool] but has failed to stop it. This is very likely to create a memory leak.
2013-mar-11 23:03:47 org.apache.catalina.loader.WebappClassLoader clearReferencesThreads
ALLVARLIG: A web application appears to have started a thread named [StatelessPool] but has failed to stop it. This is very likely to create a memory leak.
2013-mar-11 23:03:47 org.apache.catalina.loader.WebappClassLoader clearReferencesThreads
ALLVARLIG: A web application appears to have started a thread named [StatelessPool] but has failed to stop it. This is very likely to create a memory leak.
2013-mar-11 23:03:47 org.apache.catalina.loader.WebappClassLoader clearReferencesThreads
ALLVARLIG: A web application appears to have started a thread named [StatelessPool] but has failed to stop it. This is very likely to create a memory leak.
2013-mar-11 23:03:47 org.apache.coyote.http11.Http11Protocol destroy
INFO: Stopping Coyote HTTP/1.1 on http-8080
2013-mar-11 23:03:51 org.apache.catalina.core.AprLifecycleListener init
INFO: The APR based Apache Tomcat Native library which allows optimal performance in production environments was not found on the java.library.path: C:\Program Files\Java\jdk1.5.0_22\bin;.;C:\Windows\system32;C:\Windows;C:\Program Files\Java\jdk1.6.0_21\bin;C:\Program Files\Java\jdk1.5.0_22\bin;C:\Program Files\Common Files\Nero\Lib\;C:\Program Files\Common Files\Nero\Lib\
2013-mar-11 23:03:58 org.apache.coyote.http11.Http11Protocol init
INFO: Initializing Coyote HTTP/1.1 on http-8080
2013-mar-11 23:03:58 org.apache.catalina.startup.Catalina load
INFO: Initialization processed in 7867 ms
2013-mar-11 23:03:58 org.apache.catalina.core.StandardService start
INFO: Starting service Catalina
2013-mar-11 23:03:58 org.apache.catalina.core.StandardEngine start
INFO: Starting Servlet Engine: Apache Tomcat/6.0.26
2013-mar-11 23:03:58 org.apache.catalina.startup.HostConfig deployDescriptor
INFO: Deploying configuration descriptor host-manager.xml
2013-mar-11 23:04:00 org.apache.catalina.startup.HostConfig deployDescriptor
INFO: Deploying configuration descriptor manager.xml
2013-mar-11 23:04:00 org.apache.catalina.startup.HostConfig deployDescriptor
INFO: Deploying configuration descriptor openejb.xml
2013-mar-11 23:04:01 org.apache.catalina.startup.HostConfig deployDirectory
INFO: Deploying web application directory docs
2013-mar-11 23:04:01 org.apache.catalina.startup.HostConfig deployDirectory
INFO: Deploying web application directory examples
2013-mar-11 23:04:03 org.apache.catalina.startup.HostConfig deployDirectory
INFO: Deploying web application directory ROOT
2013-mar-11 23:04:05 org.apache.coyote.http11.Http11Protocol start
INFO: Starting Coyote HTTP/1.1 on http-8080
2013-mar-11 23:04:05 org.apache.jk.common.ChannelSocket init
INFO: JK: ajp13 listening on /0.0.0.0:8009
2013-mar-11 23:04:05 org.apache.jk.server.JkMain start
INFO: Jk running ID=0 time=0/43  config=null
2013-mar-11 23:04:05 org.apache.catalina.startup.Catalina start
INFO: Server startup in 6648 ms
2013-mar-11 23:08:39 org.apache.coyote.http11.Http11Protocol pause
INFO: Pausing Coyote HTTP/1.1 on http-8080
2013-mar-11 23:08:40 org.apache.catalina.core.StandardService stop
INFO: Stopping service Catalina
2013-mar-11 23:08:40 org.apache.catalina.loader.WebappClassLoader clearReferencesStopTimerThread
ALLVARLIG: A web application appears to have started a TimerThread named [Timer-1] via the java.util.Timer API but has failed to stop it. To prevent a memory leak, the timer (and hence the associated thread) has been forcibly cancelled. 
2013-mar-11 23:08:40 org.apache.catalina.loader.WebappClassLoader clearReferencesThreads
ALLVARLIG: A web application appears to have started a thread named [StatelessPool] but has failed to stop it. This is very likely to create a memory leak.
2013-mar-11 23:08:40 org.apache.catalina.loader.WebappClassLoader clearReferencesThreads
ALLVARLIG: A web application appears to have started a thread named [StatelessPool] but has failed to stop it. This is very likely to create a memory leak.
2013-mar-11 23:08:40 org.apache.catalina.loader.WebappClassLoader clearReferencesThreads
ALLVARLIG: A web application appears to have started a thread named [StatelessPool] but has failed to stop it. This is very likely to create a memory leak.
2013-mar-11 23:08:40 org.apache.catalina.loader.WebappClassLoader clearReferencesThreads
ALLVARLIG: A web application appears to have started a thread named [StatelessPool] but has failed to stop it. This is very likely to create a memory leak.
2013-mar-11 23:08:40 org.apache.coyote.http11.Http11Protocol destroy
INFO: Stopping Coyote HTTP/1.1 on http-8080
