2013-mar-01 00:12:36 org.apache.coyote.http11.Http11Protocol pause
INFO: Pausing Coyote HTTP/1.1 on http-8080
2013-mar-01 00:12:37 org.apache.catalina.core.StandardService stop
INFO: Stopping service Catalina
2013-mar-01 00:12:38 org.apache.catalina.loader.WebappClassLoader clearReferencesStopTimerThread
ALLVARLIG: A web application appears to have started a TimerThread named [Timer-1] via the java.util.Timer API but has failed to stop it. To prevent a memory leak, the timer (and hence the associated thread) has been forcibly cancelled. 
2013-mar-01 00:12:38 org.apache.catalina.loader.WebappClassLoader clearReferencesThreads
ALLVARLIG: A web application appears to have started a thread named [StatelessPool] but has failed to stop it. This is very likely to create a memory leak.
2013-mar-01 00:12:38 org.apache.coyote.http11.Http11Protocol destroy
INFO: Stopping Coyote HTTP/1.1 on http-8080
2013-mar-01 00:13:55 org.apache.catalina.core.AprLifecycleListener init
INFO: The APR based Apache Tomcat Native library which allows optimal performance in production environments was not found on the java.library.path: C:\Program Files\Java\jdk1.5.0_22\bin;.;C:\Windows\system32;C:\Windows;C:\Program Files\Java\jdk1.5.0_22\bin
2013-mar-01 00:14:03 org.apache.coyote.http11.Http11Protocol init
INFO: Initializing Coyote HTTP/1.1 on http-8080
2013-mar-01 00:14:03 org.apache.catalina.startup.Catalina load
INFO: Initialization processed in 7661 ms
2013-mar-01 00:14:03 org.apache.catalina.core.StandardService start
INFO: Starting service Catalina
2013-mar-01 00:14:03 org.apache.catalina.core.StandardEngine start
INFO: Starting Servlet Engine: Apache Tomcat/6.0.26
2013-mar-01 00:14:03 org.apache.catalina.startup.HostConfig deployDescriptor
INFO: Deploying configuration descriptor host-manager.xml
2013-mar-01 00:14:04 org.apache.catalina.startup.HostConfig deployDescriptor
INFO: Deploying configuration descriptor manager.xml
2013-mar-01 00:14:05 org.apache.catalina.startup.HostConfig deployDescriptor
INFO: Deploying configuration descriptor openejb.xml
2013-mar-01 00:14:06 org.apache.catalina.startup.HostConfig deployDirectory
INFO: Deploying web application directory docs
2013-mar-01 00:14:06 org.apache.catalina.startup.HostConfig deployDirectory
INFO: Deploying web application directory examples
2013-mar-01 00:14:07 org.apache.catalina.startup.HostConfig deployDirectory
INFO: Deploying web application directory ROOT
2013-mar-01 00:14:09 org.apache.coyote.http11.Http11Protocol start
INFO: Starting Coyote HTTP/1.1 on http-8080
2013-mar-01 00:14:09 org.apache.jk.common.ChannelSocket init
INFO: JK: ajp13 listening on /0.0.0.0:8009
2013-mar-01 00:14:09 org.apache.jk.server.JkMain start
INFO: Jk running ID=0 time=0/42  config=null
2013-mar-01 00:14:09 org.apache.catalina.startup.Catalina start
INFO: Server startup in 6500 ms
2013-mar-01 00:45:49 org.apache.coyote.http11.Http11Protocol pause
INFO: Pausing Coyote HTTP/1.1 on http-8080
2013-mar-01 00:45:50 org.apache.catalina.core.StandardService stop
INFO: Stopping service Catalina
2013-mar-01 00:45:50 org.apache.catalina.loader.WebappClassLoader clearReferencesStopTimerThread
ALLVARLIG: A web application appears to have started a TimerThread named [Timer-1] via the java.util.Timer API but has failed to stop it. To prevent a memory leak, the timer (and hence the associated thread) has been forcibly cancelled. 
2013-mar-01 00:45:50 org.apache.catalina.loader.WebappClassLoader clearReferencesThreads
ALLVARLIG: A web application appears to have started a thread named [StatelessPool] but has failed to stop it. This is very likely to create a memory leak.
2013-mar-01 00:45:50 org.apache.coyote.http11.Http11Protocol destroy
INFO: Stopping Coyote HTTP/1.1 on http-8080
2013-mar-01 00:45:52 org.apache.catalina.core.AprLifecycleListener init
INFO: The APR based Apache Tomcat Native library which allows optimal performance in production environments was not found on the java.library.path: C:\Program Files\Java\jdk1.5.0_22\bin;.;C:\Windows\system32;C:\Windows;C:\Program Files\Java\jdk1.5.0_22\bin
2013-mar-01 00:46:03 org.apache.catalina.core.AprLifecycleListener init
INFO: The APR based Apache Tomcat Native library which allows optimal performance in production environments was not found on the java.library.path: C:\Program Files\Java\jdk1.5.0_22\bin;.;C:\Windows\system32;C:\Windows;C:\Program Files\Java\jdk1.5.0_22\bin
2013-mar-01 00:46:10 org.apache.coyote.http11.Http11Protocol init
INFO: Initializing Coyote HTTP/1.1 on http-8080
2013-mar-01 00:46:10 org.apache.catalina.startup.Catalina load
INFO: Initialization processed in 7578 ms
2013-mar-01 00:46:10 org.apache.catalina.core.StandardService start
INFO: Starting service Catalina
2013-mar-01 00:46:10 org.apache.catalina.core.StandardEngine start
INFO: Starting Servlet Engine: Apache Tomcat/6.0.26
2013-mar-01 00:46:10 org.apache.catalina.startup.HostConfig deployDescriptor
INFO: Deploying configuration descriptor host-manager.xml
2013-mar-01 00:46:11 org.apache.catalina.startup.HostConfig deployDescriptor
INFO: Deploying configuration descriptor manager.xml
2013-mar-01 00:46:12 org.apache.catalina.startup.HostConfig deployDescriptor
INFO: Deploying configuration descriptor openejb.xml
2013-mar-01 00:46:13 org.apache.catalina.startup.HostConfig deployDirectory
INFO: Deploying web application directory docs
2013-mar-01 00:46:13 org.apache.catalina.startup.HostConfig deployDirectory
INFO: Deploying web application directory examples
2013-mar-01 00:46:15 org.apache.catalina.startup.HostConfig deployDirectory
INFO: Deploying web application directory ROOT
2013-mar-01 00:46:17 org.apache.coyote.http11.Http11Protocol start
INFO: Starting Coyote HTTP/1.1 on http-8080
2013-mar-01 00:46:17 org.apache.jk.common.ChannelSocket init
INFO: JK: ajp13 listening on /0.0.0.0:8009
2013-mar-01 00:46:17 org.apache.jk.server.JkMain start
INFO: Jk running ID=0 time=0/44  config=null
2013-mar-01 00:46:17 org.apache.catalina.startup.Catalina start
INFO: Server startup in 7264 ms
2013-mar-01 00:58:07 org.apache.coyote.http11.Http11Protocol pause
INFO: Pausing Coyote HTTP/1.1 on http-8080
2013-mar-01 00:58:08 org.apache.catalina.core.StandardService stop
INFO: Stopping service Catalina
2013-mar-01 00:58:08 org.apache.catalina.loader.WebappClassLoader clearReferencesStopTimerThread
ALLVARLIG: A web application appears to have started a TimerThread named [Timer-1] via the java.util.Timer API but has failed to stop it. To prevent a memory leak, the timer (and hence the associated thread) has been forcibly cancelled. 
2013-mar-01 00:58:08 org.apache.catalina.loader.WebappClassLoader clearReferencesThreads
ALLVARLIG: A web application appears to have started a thread named [StatelessPool] but has failed to stop it. This is very likely to create a memory leak.
2013-mar-01 00:58:08 org.apache.coyote.http11.Http11Protocol destroy
INFO: Stopping Coyote HTTP/1.1 on http-8080
2013-mar-01 00:59:45 org.apache.catalina.core.AprLifecycleListener init
INFO: The APR based Apache Tomcat Native library which allows optimal performance in production environments was not found on the java.library.path: C:\Program Files\Java\jdk1.5.0_22\bin;.;C:\Windows\system32;C:\Windows;C:\Program Files\Java\jdk1.5.0_22\bin
2013-mar-01 00:59:53 org.apache.coyote.http11.Http11Protocol init
INFO: Initializing Coyote HTTP/1.1 on http-8080
2013-mar-01 00:59:53 org.apache.catalina.startup.Catalina load
INFO: Initialization processed in 7667 ms
2013-mar-01 00:59:53 org.apache.catalina.core.StandardService start
INFO: Starting service Catalina
2013-mar-01 00:59:53 org.apache.catalina.core.StandardEngine start
INFO: Starting Servlet Engine: Apache Tomcat/6.0.26
2013-mar-01 00:59:53 org.apache.catalina.startup.HostConfig deployDescriptor
INFO: Deploying configuration descriptor host-manager.xml
2013-mar-01 00:59:54 org.apache.catalina.startup.HostConfig deployDescriptor
INFO: Deploying configuration descriptor manager.xml
2013-mar-01 00:59:55 org.apache.catalina.startup.HostConfig deployDescriptor
INFO: Deploying configuration descriptor openejb.xml
2013-mar-01 00:59:56 org.apache.catalina.startup.HostConfig deployDirectory
INFO: Deploying web application directory docs
2013-mar-01 00:59:56 org.apache.catalina.startup.HostConfig deployDirectory
INFO: Deploying web application directory examples
2013-mar-01 00:59:57 org.apache.catalina.startup.HostConfig deployDirectory
INFO: Deploying web application directory ROOT
2013-mar-01 00:59:59 org.apache.coyote.http11.Http11Protocol start
INFO: Starting Coyote HTTP/1.1 on http-8080
2013-mar-01 00:59:59 org.apache.jk.common.ChannelSocket init
INFO: JK: ajp13 listening on /0.0.0.0:8009
2013-mar-01 00:59:59 org.apache.jk.server.JkMain start
INFO: Jk running ID=0 time=0/40  config=null
2013-mar-01 00:59:59 org.apache.catalina.startup.Catalina start
INFO: Server startup in 6450 ms
2013-mar-01 01:01:07 org.apache.coyote.http11.Http11Protocol pause
INFO: Pausing Coyote HTTP/1.1 on http-8080
2013-mar-01 01:01:08 org.apache.catalina.core.StandardService stop
INFO: Stopping service Catalina
2013-mar-01 01:01:08 org.apache.catalina.loader.WebappClassLoader clearReferencesStopTimerThread
ALLVARLIG: A web application appears to have started a TimerThread named [Timer-1] via the java.util.Timer API but has failed to stop it. To prevent a memory leak, the timer (and hence the associated thread) has been forcibly cancelled. 
2013-mar-01 01:01:08 org.apache.catalina.loader.WebappClassLoader clearReferencesThreads
ALLVARLIG: A web application appears to have started a thread named [StatelessPool] but has failed to stop it. This is very likely to create a memory leak.
2013-mar-01 01:01:08 org.apache.coyote.http11.Http11Protocol destroy
INFO: Stopping Coyote HTTP/1.1 on http-8080
2013-mar-01 01:01:09 org.apache.catalina.core.AprLifecycleListener init
INFO: The APR based Apache Tomcat Native library which allows optimal performance in production environments was not found on the java.library.path: C:\Program Files\Java\jdk1.5.0_22\bin;.;C:\Windows\system32;C:\Windows;C:\Program Files\Java\jdk1.5.0_22\bin
2013-mar-01 01:01:16 org.apache.coyote.http11.Http11Protocol init
INFO: Initializing Coyote HTTP/1.1 on http-8080
2013-mar-01 01:01:16 org.apache.catalina.startup.Catalina load
INFO: Initialization processed in 7769 ms
2013-mar-01 01:01:16 org.apache.catalina.core.StandardService start
INFO: Starting service Catalina
2013-mar-01 01:01:16 org.apache.catalina.core.StandardEngine start
INFO: Starting Servlet Engine: Apache Tomcat/6.0.26
2013-mar-01 01:01:16 org.apache.catalina.startup.HostConfig deployDescriptor
INFO: Deploying configuration descriptor host-manager.xml
2013-mar-01 01:01:18 org.apache.catalina.startup.HostConfig deployDescriptor
INFO: Deploying configuration descriptor manager.xml
2013-mar-01 01:01:18 org.apache.catalina.startup.HostConfig deployDescriptor
INFO: Deploying configuration descriptor openejb.xml
2013-mar-01 01:01:19 org.apache.catalina.startup.HostConfig deployDirectory
INFO: Deploying web application directory docs
2013-mar-01 01:01:19 org.apache.catalina.startup.HostConfig deployDirectory
INFO: Deploying web application directory examples
2013-mar-01 01:01:21 org.apache.catalina.startup.HostConfig deployDirectory
INFO: Deploying web application directory ROOT
2013-mar-01 01:01:22 org.apache.coyote.http11.Http11Protocol start
INFO: Starting Coyote HTTP/1.1 on http-8080
2013-mar-01 01:01:22 org.apache.jk.common.ChannelSocket init
INFO: JK: ajp13 listening on /0.0.0.0:8009
2013-mar-01 01:01:22 org.apache.jk.server.JkMain start
INFO: Jk running ID=0 time=0/38  config=null
2013-mar-01 01:01:22 org.apache.catalina.startup.Catalina start
INFO: Server startup in 6398 ms
2013-mar-01 01:01:31 org.apache.catalina.core.AprLifecycleListener init
INFO: The APR based Apache Tomcat Native library which allows optimal performance in production environments was not found on the java.library.path: C:\Program Files\Java\jdk1.5.0_22\bin;.;C:\Windows\system32;C:\Windows;C:\Program Files\Java\jdk1.5.0_22\bin
2013-mar-01 01:01:38 org.apache.coyote.http11.Http11Protocol init
INFO: Initializing Coyote HTTP/1.1 on http-8080
2013-mar-01 01:01:38 org.apache.catalina.startup.Catalina load
INFO: Initialization processed in 7873 ms
2013-mar-01 01:01:38 org.apache.catalina.core.StandardService start
INFO: Starting service Catalina
2013-mar-01 01:01:38 org.apache.catalina.core.StandardEngine start
INFO: Starting Servlet Engine: Apache Tomcat/6.0.26
2013-mar-01 01:01:38 org.apache.catalina.startup.HostConfig deployDescriptor
INFO: Deploying configuration descriptor host-manager.xml
2013-mar-01 01:01:40 org.apache.catalina.startup.HostConfig deployDescriptor
INFO: Deploying configuration descriptor manager.xml
2013-mar-01 01:01:41 org.apache.catalina.startup.HostConfig deployDescriptor
INFO: Deploying configuration descriptor openejb.xml
2013-mar-01 01:01:41 org.apache.catalina.startup.HostConfig deployDirectory
INFO: Deploying web application directory docs
2013-mar-01 01:01:42 org.apache.catalina.startup.HostConfig deployDirectory
INFO: Deploying web application directory examples
2013-mar-01 01:01:43 org.apache.catalina.startup.HostConfig deployDirectory
INFO: Deploying web application directory ROOT
2013-mar-01 01:01:45 org.apache.coyote.http11.Http11Protocol start
INFO: Starting Coyote HTTP/1.1 on http-8080
2013-mar-01 01:01:45 org.apache.jk.common.ChannelSocket init
INFO: JK: ajp13 listening on /0.0.0.0:8009
2013-mar-01 01:01:45 org.apache.jk.server.JkMain start
INFO: Jk running ID=0 time=0/42  config=null
2013-mar-01 01:01:45 org.apache.catalina.startup.Catalina start
INFO: Server startup in 6578 ms
2013-mar-01 01:03:43 org.apache.coyote.http11.Http11Protocol pause
INFO: Pausing Coyote HTTP/1.1 on http-8080
2013-mar-01 01:03:44 org.apache.catalina.core.StandardService stop
INFO: Stopping service Catalina
2013-mar-01 01:03:44 org.apache.catalina.loader.WebappClassLoader clearReferencesStopTimerThread
ALLVARLIG: A web application appears to have started a TimerThread named [Timer-1] via the java.util.Timer API but has failed to stop it. To prevent a memory leak, the timer (and hence the associated thread) has been forcibly cancelled. 
2013-mar-01 01:03:44 org.apache.catalina.loader.WebappClassLoader clearReferencesThreads
ALLVARLIG: A web application appears to have started a thread named [StatelessPool] but has failed to stop it. This is very likely to create a memory leak.
2013-mar-01 01:03:45 org.apache.coyote.http11.Http11Protocol destroy
INFO: Stopping Coyote HTTP/1.1 on http-8080
2013-mar-01 19:33:50 org.apache.catalina.core.AprLifecycleListener init
INFO: The APR based Apache Tomcat Native library which allows optimal performance in production environments was not found on the java.library.path: C:\Program Files\Java\jdk1.5.0_22\bin;.;C:\Windows\system32;C:\Windows;C:\Program Files\Java\jdk1.5.0_22\bin
2013-mar-01 19:33:59 org.apache.coyote.http11.Http11Protocol init
INFO: Initializing Coyote HTTP/1.1 on http-8080
2013-mar-01 19:33:59 org.apache.catalina.startup.Catalina load
INFO: Initialization processed in 9392 ms
2013-mar-01 19:33:59 org.apache.catalina.core.StandardService start
INFO: Starting service Catalina
2013-mar-01 19:33:59 org.apache.catalina.core.StandardEngine start
INFO: Starting Servlet Engine: Apache Tomcat/6.0.26
2013-mar-01 19:33:59 org.apache.catalina.startup.HostConfig deployDescriptor
INFO: Deploying configuration descriptor host-manager.xml
2013-mar-01 19:34:00 org.apache.catalina.startup.HostConfig deployDescriptor
INFO: Deploying configuration descriptor manager.xml
2013-mar-01 19:34:01 org.apache.catalina.startup.HostConfig deployDescriptor
INFO: Deploying configuration descriptor openejb.xml
2013-mar-01 19:34:02 org.apache.catalina.startup.HostConfig deployDirectory
INFO: Deploying web application directory docs
2013-mar-01 19:34:02 org.apache.catalina.startup.HostConfig deployDirectory
INFO: Deploying web application directory examples
2013-mar-01 19:34:03 org.apache.catalina.startup.HostConfig deployDirectory
INFO: Deploying web application directory ROOT
2013-mar-01 19:34:05 org.apache.coyote.http11.Http11Protocol start
INFO: Starting Coyote HTTP/1.1 on http-8080
2013-mar-01 19:34:05 org.apache.jk.common.ChannelSocket init
INFO: JK: ajp13 listening on /0.0.0.0:8009
2013-mar-01 19:34:05 org.apache.jk.server.JkMain start
INFO: Jk running ID=0 time=0/41  config=null
2013-mar-01 19:34:05 org.apache.catalina.startup.Catalina start
INFO: Server startup in 6777 ms
2013-mar-01 19:50:31 org.apache.coyote.http11.Http11Protocol pause
INFO: Pausing Coyote HTTP/1.1 on http-8080
2013-mar-01 19:50:32 org.apache.catalina.core.StandardService stop
INFO: Stopping service Catalina
2013-mar-01 19:50:32 org.apache.catalina.loader.WebappClassLoader clearReferencesStopTimerThread
ALLVARLIG: A web application appears to have started a TimerThread named [Timer-1] via the java.util.Timer API but has failed to stop it. To prevent a memory leak, the timer (and hence the associated thread) has been forcibly cancelled. 
2013-mar-01 19:50:32 org.apache.catalina.loader.WebappClassLoader clearReferencesThreads
ALLVARLIG: A web application appears to have started a thread named [StatelessPool] but has failed to stop it. This is very likely to create a memory leak.
2013-mar-01 19:50:32 org.apache.coyote.http11.Http11Protocol destroy
INFO: Stopping Coyote HTTP/1.1 on http-8080
2013-mar-01 19:52:48 org.apache.catalina.core.AprLifecycleListener init
INFO: The APR based Apache Tomcat Native library which allows optimal performance in production environments was not found on the java.library.path: C:\Program Files\Java\jdk1.5.0_22\bin;.;C:\Windows\system32;C:\Windows;C:\Program Files\Java\jdk1.5.0_22\bin
2013-mar-01 19:52:55 org.apache.coyote.http11.Http11Protocol init
INFO: Initializing Coyote HTTP/1.1 on http-8080
2013-mar-01 19:52:55 org.apache.catalina.startup.Catalina load
INFO: Initialization processed in 7778 ms
2013-mar-01 19:52:55 org.apache.catalina.core.StandardService start
INFO: Starting service Catalina
2013-mar-01 19:52:55 org.apache.catalina.core.StandardEngine start
INFO: Starting Servlet Engine: Apache Tomcat/6.0.26
2013-mar-01 19:52:55 org.apache.catalina.startup.HostConfig deployDescriptor
INFO: Deploying configuration descriptor host-manager.xml
2013-mar-01 19:52:57 org.apache.catalina.startup.HostConfig deployDescriptor
INFO: Deploying configuration descriptor manager.xml
2013-mar-01 19:52:57 org.apache.catalina.startup.HostConfig deployDescriptor
INFO: Deploying configuration descriptor openejb.xml
2013-mar-01 19:52:58 org.apache.catalina.startup.HostConfig deployDirectory
INFO: Deploying web application directory docs
2013-mar-01 19:52:58 org.apache.catalina.startup.HostConfig deployDirectory
INFO: Deploying web application directory examples
2013-mar-01 19:52:59 org.apache.catalina.startup.HostConfig deployDirectory
INFO: Deploying web application directory ROOT
2013-mar-01 19:53:01 org.apache.coyote.http11.Http11Protocol start
INFO: Starting Coyote HTTP/1.1 on http-8080
2013-mar-01 19:53:01 org.apache.jk.common.ChannelSocket init
INFO: JK: ajp13 listening on /0.0.0.0:8009
2013-mar-01 19:53:01 org.apache.jk.server.JkMain start
INFO: Jk running ID=0 time=0/41  config=null
2013-mar-01 19:53:01 org.apache.catalina.startup.Catalina start
INFO: Server startup in 6430 ms
2013-mar-01 19:54:41 org.apache.coyote.http11.Http11Protocol pause
INFO: Pausing Coyote HTTP/1.1 on http-8080
2013-mar-01 19:54:42 org.apache.catalina.core.StandardService stop
INFO: Stopping service Catalina
2013-mar-01 19:54:42 org.apache.catalina.loader.WebappClassLoader clearReferencesStopTimerThread
ALLVARLIG: A web application appears to have started a TimerThread named [Timer-1] via the java.util.Timer API but has failed to stop it. To prevent a memory leak, the timer (and hence the associated thread) has been forcibly cancelled. 
2013-mar-01 19:54:42 org.apache.catalina.loader.WebappClassLoader clearReferencesThreads
ALLVARLIG: A web application appears to have started a thread named [StatelessPool] but has failed to stop it. This is very likely to create a memory leak.
2013-mar-01 19:54:42 org.apache.coyote.http11.Http11Protocol destroy
INFO: Stopping Coyote HTTP/1.1 on http-8080
2013-mar-01 19:55:02 org.apache.catalina.core.AprLifecycleListener init
INFO: The APR based Apache Tomcat Native library which allows optimal performance in production environments was not found on the java.library.path: C:\Program Files\Java\jdk1.5.0_22\bin;.;C:\Windows\system32;C:\Windows;C:\Program Files\Java\jdk1.5.0_22\bin
2013-mar-01 19:55:09 org.apache.coyote.http11.Http11Protocol init
INFO: Initializing Coyote HTTP/1.1 on http-8080
2013-mar-01 19:55:09 org.apache.catalina.startup.Catalina load
INFO: Initialization processed in 7652 ms
2013-mar-01 19:55:09 org.apache.catalina.core.StandardService start
INFO: Starting service Catalina
2013-mar-01 19:55:09 org.apache.catalina.core.StandardEngine start
INFO: Starting Servlet Engine: Apache Tomcat/6.0.26
2013-mar-01 19:55:09 org.apache.catalina.startup.HostConfig deployDescriptor
INFO: Deploying configuration descriptor host-manager.xml
2013-mar-01 19:55:11 org.apache.catalina.startup.HostConfig deployDescriptor
INFO: Deploying configuration descriptor manager.xml
2013-mar-01 19:55:11 org.apache.catalina.startup.HostConfig deployDescriptor
INFO: Deploying configuration descriptor openejb.xml
2013-mar-01 19:55:12 org.apache.catalina.startup.HostConfig deployDirectory
INFO: Deploying web application directory docs
2013-mar-01 19:55:12 org.apache.catalina.startup.HostConfig deployDirectory
INFO: Deploying web application directory examples
2013-mar-01 19:55:14 org.apache.catalina.startup.HostConfig deployDirectory
INFO: Deploying web application directory ROOT
2013-mar-01 19:55:16 org.apache.coyote.http11.Http11Protocol start
INFO: Starting Coyote HTTP/1.1 on http-8080
2013-mar-01 19:55:16 org.apache.jk.common.ChannelSocket init
INFO: JK: ajp13 listening on /0.0.0.0:8009
2013-mar-01 19:55:16 org.apache.jk.server.JkMain start
INFO: Jk running ID=0 time=0/41  config=null
2013-mar-01 19:55:16 org.apache.catalina.startup.Catalina start
INFO: Server startup in 6416 ms
2013-mar-01 20:56:50 org.apache.coyote.http11.Http11Protocol pause
INFO: Pausing Coyote HTTP/1.1 on http-8080
2013-mar-01 20:56:51 org.apache.catalina.core.StandardService stop
INFO: Stopping service Catalina
2013-mar-01 20:56:51 org.apache.catalina.loader.WebappClassLoader clearReferencesStopTimerThread
ALLVARLIG: A web application appears to have started a TimerThread named [Timer-1] via the java.util.Timer API but has failed to stop it. To prevent a memory leak, the timer (and hence the associated thread) has been forcibly cancelled. 
2013-mar-01 20:56:51 org.apache.catalina.loader.WebappClassLoader clearReferencesThreads
ALLVARLIG: A web application appears to have started a thread named [StatelessPool] but has failed to stop it. This is very likely to create a memory leak.
2013-mar-01 20:56:51 org.apache.coyote.http11.Http11Protocol destroy
INFO: Stopping Coyote HTTP/1.1 on http-8080
2013-mar-01 21:34:04 org.apache.catalina.core.AprLifecycleListener init
INFO: The APR based Apache Tomcat Native library which allows optimal performance in production environments was not found on the java.library.path: C:\Program Files\Java\jdk1.5.0_22\bin;.;C:\Windows\system32;C:\Windows;C:\Program Files\Java\jdk1.5.0_22\bin
2013-mar-01 21:34:11 org.apache.coyote.http11.Http11Protocol init
INFO: Initializing Coyote HTTP/1.1 on http-8080
2013-mar-01 21:34:11 org.apache.catalina.startup.Catalina load
INFO: Initialization processed in 7804 ms
2013-mar-01 21:34:11 org.apache.catalina.core.StandardService start
INFO: Starting service Catalina
2013-mar-01 21:34:11 org.apache.catalina.core.StandardEngine start
INFO: Starting Servlet Engine: Apache Tomcat/6.0.26
2013-mar-01 21:34:11 org.apache.catalina.startup.HostConfig deployDescriptor
INFO: Deploying configuration descriptor host-manager.xml
2013-mar-01 21:34:13 org.apache.catalina.startup.HostConfig deployDescriptor
INFO: Deploying configuration descriptor manager.xml
2013-mar-01 21:34:13 org.apache.catalina.startup.HostConfig deployDescriptor
INFO: Deploying configuration descriptor openejb.xml
2013-mar-01 21:34:14 org.apache.catalina.startup.HostConfig deployDirectory
INFO: Deploying web application directory docs
2013-mar-01 21:34:14 org.apache.catalina.startup.HostConfig deployDirectory
INFO: Deploying web application directory examples
2013-mar-01 21:34:16 org.apache.catalina.startup.HostConfig deployDirectory
INFO: Deploying web application directory ROOT
2013-mar-01 21:34:18 org.apache.coyote.http11.Http11Protocol start
INFO: Starting Coyote HTTP/1.1 on http-8080
2013-mar-01 21:34:18 org.apache.jk.common.ChannelSocket init
INFO: JK: ajp13 listening on /0.0.0.0:8009
2013-mar-01 21:34:18 org.apache.jk.server.JkMain start
INFO: Jk running ID=0 time=0/40  config=null
2013-mar-01 21:34:18 org.apache.catalina.startup.Catalina start
INFO: Server startup in 6511 ms
