2013-mar-02 12:01:32 org.apache.catalina.core.ApplicationContext log
INFO: ContextListener: contextInitialized()
2013-mar-02 12:01:32 org.apache.catalina.core.ApplicationContext log
INFO: SessionListener: contextInitialized()
2013-mar-02 12:01:57 org.apache.catalina.core.ApplicationDispatcher invoke
ALLVARLIG: Servlet.service() for servlet jsp threw exception
<openjpa-1.2.1-r752877:753278 nonfatal user error> org.apache.openjpa.persistence.ArgumentException: Encountered "*" at character 18, but expected: [",", "FROM"].
	at org.apache.openjpa.kernel.jpql.JPQL.generateParseException(JPQL.java:9501)
	at org.apache.openjpa.kernel.jpql.JPQL.jj_consume_token(JPQL.java:9378)
	at org.apache.openjpa.kernel.jpql.JPQL.from_clause(JPQL.java:245)
	at org.apache.openjpa.kernel.jpql.JPQL.select_statement(JPQL.java:88)
	at org.apache.openjpa.kernel.jpql.JPQL.parseQuery(JPQL.java:63)
	at org.apache.openjpa.kernel.jpql.JPQLExpressionBuilder$ParsedJPQL.parse(JPQLExpressionBuilder.java:1740)
	at org.apache.openjpa.kernel.jpql.JPQLExpressionBuilder$ParsedJPQL.<init>(JPQLExpressionBuilder.java:1727)
	at org.apache.openjpa.kernel.jpql.JPQLParser.parse(JPQLParser.java:48)
	at org.apache.openjpa.kernel.ExpressionStoreQuery.newCompilation(ExpressionStoreQuery.java:149)
	at org.apache.openjpa.kernel.QueryImpl.newCompilation(QueryImpl.java:657)
	at org.apache.openjpa.kernel.QueryImpl.compilationFromCache(QueryImpl.java:639)
	at org.apache.openjpa.kernel.QueryImpl.compileForCompilation(QueryImpl.java:605)
	at org.apache.openjpa.kernel.QueryImpl.compileForExecutor(QueryImpl.java:667)
	at org.apache.openjpa.kernel.QueryImpl.getOperation(QueryImpl.java:1492)
	at org.apache.openjpa.kernel.DelegatingQuery.getOperation(DelegatingQuery.java:123)
	at org.apache.openjpa.persistence.QueryImpl.execute(QueryImpl.java:243)
	at org.apache.openjpa.persistence.QueryImpl.getResultList(QueryImpl.java:294)
	at ejb.TaskEJB.findAllOpen(TaskEJB.java:40)
	at sun.reflect.NativeMethodAccessorImpl.invoke0(Native Method)
	at sun.reflect.NativeMethodAccessorImpl.invoke(NativeMethodAccessorImpl.java:39)
	at sun.reflect.DelegatingMethodAccessorImpl.invoke(DelegatingMethodAccessorImpl.java:25)
	at java.lang.reflect.Method.invoke(Method.java:592)
	at org.apache.openejb.core.interceptor.ReflectionInvocationContext$Invocation.invoke(ReflectionInvocationContext.java:162)
	at org.apache.openejb.core.interceptor.ReflectionInvocationContext.proceed(ReflectionInvocationContext.java:144)
	at org.apache.openejb.monitoring.StatsInterceptor.record(StatsInterceptor.java:164)
	at org.apache.openejb.monitoring.StatsInterceptor.invoke(StatsInterceptor.java:92)
	at sun.reflect.NativeMethodAccessorImpl.invoke0(Native Method)
	at sun.reflect.NativeMethodAccessorImpl.invoke(NativeMethodAccessorImpl.java:39)
	at sun.reflect.DelegatingMethodAccessorImpl.invoke(DelegatingMethodAccessorImpl.java:25)
	at java.lang.reflect.Method.invoke(Method.java:592)
	at org.apache.openejb.core.interceptor.ReflectionInvocationContext$Invocation.invoke(ReflectionInvocationContext.java:162)
	at org.apache.openejb.core.interceptor.ReflectionInvocationContext.proceed(ReflectionInvocationContext.java:144)
	at org.apache.openejb.core.interceptor.InterceptorStack.invoke(InterceptorStack.java:122)
	at org.apache.openejb.core.stateless.StatelessContainer._invoke(StatelessContainer.java:221)
	at org.apache.openejb.core.stateless.StatelessContainer.invoke(StatelessContainer.java:174)
	at org.apache.openejb.core.ivm.EjbObjectProxyHandler.businessMethod(EjbObjectProxyHandler.java:217)
	at org.apache.openejb.core.ivm.EjbObjectProxyHandler._invoke(EjbObjectProxyHandler.java:77)
	at org.apache.openejb.core.ivm.BaseEjbProxyHandler.invoke(BaseEjbProxyHandler.java:282)
	at $Proxy67.findAllOpen(Unknown Source)
	at bean.TaskLogic.getTasks(TaskLogic.java:44)
	at org.apache.jsp.main_jsp._jspService(main_jsp.java:93)
	at org.apache.jasper.runtime.HttpJspBase.service(HttpJspBase.java:70)
	at javax.servlet.http.HttpServlet.service(HttpServlet.java:717)
	at org.apache.jasper.servlet.JspServletWrapper.service(JspServletWrapper.java:377)
	at org.apache.jasper.servlet.JspServlet.serviceJspFile(JspServlet.java:313)
	at org.apache.jasper.servlet.JspServlet.service(JspServlet.java:260)
	at javax.servlet.http.HttpServlet.service(HttpServlet.java:717)
	at org.apache.catalina.core.ApplicationFilterChain.internalDoFilter(ApplicationFilterChain.java:290)
	at org.apache.catalina.core.ApplicationFilterChain.doFilter(ApplicationFilterChain.java:206)
	at org.apache.catalina.core.ApplicationDispatcher.invoke(ApplicationDispatcher.java:646)
	at org.apache.catalina.core.ApplicationDispatcher.processRequest(ApplicationDispatcher.java:436)
	at org.apache.catalina.core.ApplicationDispatcher.doForward(ApplicationDispatcher.java:374)
	at org.apache.catalina.core.ApplicationDispatcher.forward(ApplicationDispatcher.java:302)
	at LoginController.doPost(LoginController.java:136)
	at javax.servlet.http.HttpServlet.service(HttpServlet.java:637)
	at javax.servlet.http.HttpServlet.service(HttpServlet.java:717)
	at org.apache.catalina.core.ApplicationFilterChain.internalDoFilter(ApplicationFilterChain.java:290)
	at org.apache.catalina.core.ApplicationFilterChain.doFilter(ApplicationFilterChain.java:206)
	at org.apache.catalina.core.StandardWrapperValve.invoke(StandardWrapperValve.java:233)
	at org.apache.catalina.core.StandardContextValve.invoke(StandardContextValve.java:191)
	at org.apache.openejb.tomcat.catalina.OpenEJBValve.invoke(OpenEJBValve.java:45)
	at org.apache.catalina.core.StandardHostValve.invoke(StandardHostValve.java:127)
	at org.apache.catalina.valves.ErrorReportValve.invoke(ErrorReportValve.java:102)
	at org.apache.catalina.core.StandardEngineValve.invoke(StandardEngineValve.java:109)
	at org.apache.catalina.connector.CoyoteAdapter.service(CoyoteAdapter.java:298)
	at org.apache.coyote.http11.Http11Processor.process(Http11Processor.java:852)
	at org.apache.coyote.http11.Http11Protocol$Http11ConnectionHandler.process(Http11Protocol.java:588)
	at org.apache.tomcat.util.net.JIoEndpoint$Worker.run(JIoEndpoint.java:489)
	at java.lang.Thread.run(Thread.java:595)
2013-mar-02 12:03:13 org.apache.catalina.core.ApplicationContext log
INFO: SessionListener: contextDestroyed()
2013-mar-02 12:03:13 org.apache.catalina.core.ApplicationContext log
INFO: ContextListener: contextDestroyed()
2013-mar-02 12:03:39 org.apache.catalina.core.ApplicationContext log
INFO: ContextListener: contextInitialized()
2013-mar-02 12:03:39 org.apache.catalina.core.ApplicationContext log
INFO: SessionListener: contextInitialized()
2013-mar-02 12:03:51 org.apache.catalina.core.ApplicationDispatcher invoke
ALLVARLIG: Servlet.service() for servlet jsp threw exception
<openjpa-1.2.1-r752877:753278 nonfatal user error> org.apache.openjpa.persistence.ArgumentException: Filter invalid. Cannot compare field open of type boolean to value of type java.lang.Long. Numeric comparisons must be between numeric types only. To enable such comparisons for backwards-compatibility, add "QuotedNumbersInQueries=true" to the org.apache.openjpa.Compatibility setting in your configuration.
	at org.apache.openjpa.kernel.exps.AbstractExpressionBuilder.convertTypes(AbstractExpressionBuilder.java:407)
	at org.apache.openjpa.kernel.exps.AbstractExpressionBuilder.setImplicitTypes(AbstractExpressionBuilder.java:358)
	at org.apache.openjpa.kernel.jpql.JPQLExpressionBuilder.setImplicitTypes(JPQLExpressionBuilder.java:1146)
	at org.apache.openjpa.kernel.jpql.JPQLExpressionBuilder.eval(JPQLExpressionBuilder.java:775)
	at org.apache.openjpa.kernel.jpql.JPQLExpressionBuilder.getExpression(JPQLExpressionBuilder.java:1408)
	at org.apache.openjpa.kernel.jpql.JPQLExpressionBuilder.eval(JPQLExpressionBuilder.java:723)
	at org.apache.openjpa.kernel.jpql.JPQLExpressionBuilder.evalWhereClause(JPQLExpressionBuilder.java:498)
	at org.apache.openjpa.kernel.jpql.JPQLExpressionBuilder.getQueryExpressions(JPQLExpressionBuilder.java:273)
	at org.apache.openjpa.kernel.jpql.JPQLParser.eval(JPQLParser.java:62)
	at org.apache.openjpa.kernel.ExpressionStoreQuery$DataStoreExecutor.<init>(ExpressionStoreQuery.java:661)
	at org.apache.openjpa.kernel.ExpressionStoreQuery.newDataStoreExecutor(ExpressionStoreQuery.java:170)
	at org.apache.openjpa.kernel.QueryImpl.createExecutor(QueryImpl.java:734)
	at org.apache.openjpa.kernel.QueryImpl.compileForDataStore(QueryImpl.java:692)
	at org.apache.openjpa.kernel.QueryImpl.compileForExecutor(QueryImpl.java:674)
	at org.apache.openjpa.kernel.QueryImpl.getOperation(QueryImpl.java:1492)
	at org.apache.openjpa.kernel.DelegatingQuery.getOperation(DelegatingQuery.java:123)
	at org.apache.openjpa.persistence.QueryImpl.execute(QueryImpl.java:243)
	at org.apache.openjpa.persistence.QueryImpl.getResultList(QueryImpl.java:294)
	at ejb.TaskEJB.findAllOpen(TaskEJB.java:40)
	at sun.reflect.NativeMethodAccessorImpl.invoke0(Native Method)
	at sun.reflect.NativeMethodAccessorImpl.invoke(NativeMethodAccessorImpl.java:39)
	at sun.reflect.DelegatingMethodAccessorImpl.invoke(DelegatingMethodAccessorImpl.java:25)
	at java.lang.reflect.Method.invoke(Method.java:592)
	at org.apache.openejb.core.interceptor.ReflectionInvocationContext$Invocation.invoke(ReflectionInvocationContext.java:162)
	at org.apache.openejb.core.interceptor.ReflectionInvocationContext.proceed(ReflectionInvocationContext.java:144)
	at org.apache.openejb.monitoring.StatsInterceptor.record(StatsInterceptor.java:164)
	at org.apache.openejb.monitoring.StatsInterceptor.invoke(StatsInterceptor.java:92)
	at sun.reflect.NativeMethodAccessorImpl.invoke0(Native Method)
	at sun.reflect.NativeMethodAccessorImpl.invoke(NativeMethodAccessorImpl.java:39)
	at sun.reflect.DelegatingMethodAccessorImpl.invoke(DelegatingMethodAccessorImpl.java:25)
	at java.lang.reflect.Method.invoke(Method.java:592)
	at org.apache.openejb.core.interceptor.ReflectionInvocationContext$Invocation.invoke(ReflectionInvocationContext.java:162)
	at org.apache.openejb.core.interceptor.ReflectionInvocationContext.proceed(ReflectionInvocationContext.java:144)
	at org.apache.openejb.core.interceptor.InterceptorStack.invoke(InterceptorStack.java:122)
	at org.apache.openejb.core.stateless.StatelessContainer._invoke(StatelessContainer.java:221)
	at org.apache.openejb.core.stateless.StatelessContainer.invoke(StatelessContainer.java:174)
	at org.apache.openejb.core.ivm.EjbObjectProxyHandler.businessMethod(EjbObjectProxyHandler.java:217)
	at org.apache.openejb.core.ivm.EjbObjectProxyHandler._invoke(EjbObjectProxyHandler.java:77)
	at org.apache.openejb.core.ivm.BaseEjbProxyHandler.invoke(BaseEjbProxyHandler.java:282)
	at $Proxy67.findAllOpen(Unknown Source)
	at bean.TaskLogic.getTasks(TaskLogic.java:44)
	at org.apache.jsp.main_jsp._jspService(main_jsp.java:93)
	at org.apache.jasper.runtime.HttpJspBase.service(HttpJspBase.java:70)
	at javax.servlet.http.HttpServlet.service(HttpServlet.java:717)
	at org.apache.jasper.servlet.JspServletWrapper.service(JspServletWrapper.java:377)
	at org.apache.jasper.servlet.JspServlet.serviceJspFile(JspServlet.java:313)
	at org.apache.jasper.servlet.JspServlet.service(JspServlet.java:260)
	at javax.servlet.http.HttpServlet.service(HttpServlet.java:717)
	at org.apache.catalina.core.ApplicationFilterChain.internalDoFilter(ApplicationFilterChain.java:290)
	at org.apache.catalina.core.ApplicationFilterChain.doFilter(ApplicationFilterChain.java:206)
	at org.apache.catalina.core.ApplicationDispatcher.invoke(ApplicationDispatcher.java:646)
	at org.apache.catalina.core.ApplicationDispatcher.processRequest(ApplicationDispatcher.java:436)
	at org.apache.catalina.core.ApplicationDispatcher.doForward(ApplicationDispatcher.java:374)
	at org.apache.catalina.core.ApplicationDispatcher.forward(ApplicationDispatcher.java:302)
	at LoginController.doPost(LoginController.java:136)
	at javax.servlet.http.HttpServlet.service(HttpServlet.java:637)
	at javax.servlet.http.HttpServlet.service(HttpServlet.java:717)
	at org.apache.catalina.core.ApplicationFilterChain.internalDoFilter(ApplicationFilterChain.java:290)
	at org.apache.catalina.core.ApplicationFilterChain.doFilter(ApplicationFilterChain.java:206)
	at org.apache.catalina.core.StandardWrapperValve.invoke(StandardWrapperValve.java:233)
	at org.apache.catalina.core.StandardContextValve.invoke(StandardContextValve.java:191)
	at org.apache.openejb.tomcat.catalina.OpenEJBValve.invoke(OpenEJBValve.java:45)
	at org.apache.catalina.core.StandardHostValve.invoke(StandardHostValve.java:127)
	at org.apache.catalina.valves.ErrorReportValve.invoke(ErrorReportValve.java:102)
	at org.apache.catalina.core.StandardEngineValve.invoke(StandardEngineValve.java:109)
	at org.apache.catalina.connector.CoyoteAdapter.service(CoyoteAdapter.java:298)
	at org.apache.coyote.http11.Http11Processor.process(Http11Processor.java:852)
	at org.apache.coyote.http11.Http11Protocol$Http11ConnectionHandler.process(Http11Protocol.java:588)
	at org.apache.tomcat.util.net.JIoEndpoint$Worker.run(JIoEndpoint.java:489)
	at java.lang.Thread.run(Thread.java:595)
2013-mar-02 12:04:22 org.apache.catalina.core.ApplicationContext log
INFO: SessionListener: contextDestroyed()
2013-mar-02 12:04:22 org.apache.catalina.core.ApplicationContext log
INFO: ContextListener: contextDestroyed()
2013-mar-02 12:06:14 org.apache.catalina.core.ApplicationContext log
INFO: ContextListener: contextInitialized()
2013-mar-02 12:06:14 org.apache.catalina.core.ApplicationContext log
INFO: SessionListener: contextInitialized()
2013-mar-02 12:06:28 org.apache.catalina.core.ApplicationDispatcher invoke
ALLVARLIG: Servlet.service() for servlet jsp threw exception
<openjpa-1.2.1-r752877:753278 nonfatal user error> org.apache.openjpa.persistence.ArgumentException: Encountered "t . open is true" at character 42, but expected: ["(", "*", "+", "-", ".", "/", ":", "<", "<=", "<>", "=", ">", ">=", "?", "ABS", "ALL", "AND", "ANY", "AS", "ASC", "AVG", "BETWEEN", "BOTH", "BY", "CONCAT", "COUNT", "CURRENT_DATE", "CURRENT_TIME", "CURRENT_TIMESTAMP", "DELETE", "DESC", "DISTINCT", "EMPTY", "ESCAPE", "EXISTS", "FETCH", "FROM", "GROUP", "HAVING", "IN", "INNER", "IS", "JOIN", "LEADING", "LEFT", "LENGTH", "LIKE", "LOCATE", "LOWER", "MAX", "MEMBER", "MIN", "MOD", "NEW", "NOT", "NULL", "OBJECT", "OF", "OR", "ORDER", "OUTER", "SELECT", "SET", "SIZE", "SOME", "SQRT", "SUBSTRING", "SUM", "TRAILING", "TRIM", "UPDATE", "UPPER", "WHERE", <DECIMAL_LITERAL>, <IDENTIFIER>, <INTEGER_LITERAL>, <STRING_LITERAL>].
	at org.apache.openjpa.kernel.jpql.JPQL.generateParseException(JPQL.java:9501)
	at org.apache.openjpa.kernel.jpql.JPQL.jj_consume_token(JPQL.java:9378)
	at org.apache.openjpa.kernel.jpql.JPQL.conditional_primary(JPQL.java:1947)
	at org.apache.openjpa.kernel.jpql.JPQL.conditional_factor(JPQL.java:1925)
	at org.apache.openjpa.kernel.jpql.JPQL.conditional_term(JPQL.java:1791)
	at org.apache.openjpa.kernel.jpql.JPQL.conditional_expression(JPQL.java:1753)
	at org.apache.openjpa.kernel.jpql.JPQL.where_clause(JPQL.java:1556)
	at org.apache.openjpa.kernel.jpql.JPQL.select_statement(JPQL.java:91)
	at org.apache.openjpa.kernel.jpql.JPQL.parseQuery(JPQL.java:63)
	at org.apache.openjpa.kernel.jpql.JPQLExpressionBuilder$ParsedJPQL.parse(JPQLExpressionBuilder.java:1740)
	at org.apache.openjpa.kernel.jpql.JPQLExpressionBuilder$ParsedJPQL.<init>(JPQLExpressionBuilder.java:1727)
	at org.apache.openjpa.kernel.jpql.JPQLParser.parse(JPQLParser.java:48)
	at org.apache.openjpa.kernel.ExpressionStoreQuery.newCompilation(ExpressionStoreQuery.java:149)
	at org.apache.openjpa.kernel.QueryImpl.newCompilation(QueryImpl.java:657)
	at org.apache.openjpa.kernel.QueryImpl.compilationFromCache(QueryImpl.java:639)
	at org.apache.openjpa.kernel.QueryImpl.compileForCompilation(QueryImpl.java:605)
	at org.apache.openjpa.kernel.QueryImpl.compileForExecutor(QueryImpl.java:667)
	at org.apache.openjpa.kernel.QueryImpl.getOperation(QueryImpl.java:1492)
	at org.apache.openjpa.kernel.DelegatingQuery.getOperation(DelegatingQuery.java:123)
	at org.apache.openjpa.persistence.QueryImpl.execute(QueryImpl.java:243)
	at org.apache.openjpa.persistence.QueryImpl.getResultList(QueryImpl.java:294)
	at ejb.TaskEJB.findAllOpen(TaskEJB.java:40)
	at sun.reflect.NativeMethodAccessorImpl.invoke0(Native Method)
	at sun.reflect.NativeMethodAccessorImpl.invoke(NativeMethodAccessorImpl.java:39)
	at sun.reflect.DelegatingMethodAccessorImpl.invoke(DelegatingMethodAccessorImpl.java:25)
	at java.lang.reflect.Method.invoke(Method.java:592)
	at org.apache.openejb.core.interceptor.ReflectionInvocationContext$Invocation.invoke(ReflectionInvocationContext.java:162)
	at org.apache.openejb.core.interceptor.ReflectionInvocationContext.proceed(ReflectionInvocationContext.java:144)
	at org.apache.openejb.monitoring.StatsInterceptor.record(StatsInterceptor.java:164)
	at org.apache.openejb.monitoring.StatsInterceptor.invoke(StatsInterceptor.java:92)
	at sun.reflect.NativeMethodAccessorImpl.invoke0(Native Method)
	at sun.reflect.NativeMethodAccessorImpl.invoke(NativeMethodAccessorImpl.java:39)
	at sun.reflect.DelegatingMethodAccessorImpl.invoke(DelegatingMethodAccessorImpl.java:25)
	at java.lang.reflect.Method.invoke(Method.java:592)
	at org.apache.openejb.core.interceptor.ReflectionInvocationContext$Invocation.invoke(ReflectionInvocationContext.java:162)
	at org.apache.openejb.core.interceptor.ReflectionInvocationContext.proceed(ReflectionInvocationContext.java:144)
	at org.apache.openejb.core.interceptor.InterceptorStack.invoke(InterceptorStack.java:122)
	at org.apache.openejb.core.stateless.StatelessContainer._invoke(StatelessContainer.java:221)
	at org.apache.openejb.core.stateless.StatelessContainer.invoke(StatelessContainer.java:174)
	at org.apache.openejb.core.ivm.EjbObjectProxyHandler.businessMethod(EjbObjectProxyHandler.java:217)
	at org.apache.openejb.core.ivm.EjbObjectProxyHandler._invoke(EjbObjectProxyHandler.java:77)
	at org.apache.openejb.core.ivm.BaseEjbProxyHandler.invoke(BaseEjbProxyHandler.java:282)
	at $Proxy67.findAllOpen(Unknown Source)
	at bean.TaskLogic.getTasks(TaskLogic.java:44)
	at org.apache.jsp.main_jsp._jspService(main_jsp.java:93)
	at org.apache.jasper.runtime.HttpJspBase.service(HttpJspBase.java:70)
	at javax.servlet.http.HttpServlet.service(HttpServlet.java:717)
	at org.apache.jasper.servlet.JspServletWrapper.service(JspServletWrapper.java:377)
	at org.apache.jasper.servlet.JspServlet.serviceJspFile(JspServlet.java:313)
	at org.apache.jasper.servlet.JspServlet.service(JspServlet.java:260)
	at javax.servlet.http.HttpServlet.service(HttpServlet.java:717)
	at org.apache.catalina.core.ApplicationFilterChain.internalDoFilter(ApplicationFilterChain.java:290)
	at org.apache.catalina.core.ApplicationFilterChain.doFilter(ApplicationFilterChain.java:206)
	at org.apache.catalina.core.ApplicationDispatcher.invoke(ApplicationDispatcher.java:646)
	at org.apache.catalina.core.ApplicationDispatcher.processRequest(ApplicationDispatcher.java:436)
	at org.apache.catalina.core.ApplicationDispatcher.doForward(ApplicationDispatcher.java:374)
	at org.apache.catalina.core.ApplicationDispatcher.forward(ApplicationDispatcher.java:302)
	at LoginController.doPost(LoginController.java:136)
	at javax.servlet.http.HttpServlet.service(HttpServlet.java:637)
	at javax.servlet.http.HttpServlet.service(HttpServlet.java:717)
	at org.apache.catalina.core.ApplicationFilterChain.internalDoFilter(ApplicationFilterChain.java:290)
	at org.apache.catalina.core.ApplicationFilterChain.doFilter(ApplicationFilterChain.java:206)
	at org.apache.catalina.core.StandardWrapperValve.invoke(StandardWrapperValve.java:233)
	at org.apache.catalina.core.StandardContextValve.invoke(StandardContextValve.java:191)
	at org.apache.openejb.tomcat.catalina.OpenEJBValve.invoke(OpenEJBValve.java:45)
	at org.apache.catalina.core.StandardHostValve.invoke(StandardHostValve.java:127)
	at org.apache.catalina.valves.ErrorReportValve.invoke(ErrorReportValve.java:102)
	at org.apache.catalina.core.StandardEngineValve.invoke(StandardEngineValve.java:109)
	at org.apache.catalina.connector.CoyoteAdapter.service(CoyoteAdapter.java:298)
	at org.apache.coyote.http11.Http11Processor.process(Http11Processor.java:852)
	at org.apache.coyote.http11.Http11Protocol$Http11ConnectionHandler.process(Http11Protocol.java:588)
	at org.apache.tomcat.util.net.JIoEndpoint$Worker.run(JIoEndpoint.java:489)
	at java.lang.Thread.run(Thread.java:595)
2013-mar-02 12:48:43 org.apache.catalina.core.ApplicationContext log
INFO: SessionListener: contextDestroyed()
2013-mar-02 12:48:43 org.apache.catalina.core.ApplicationContext log
INFO: ContextListener: contextDestroyed()
2013-mar-02 12:49:55 org.apache.catalina.core.ApplicationContext log
INFO: ContextListener: contextInitialized()
2013-mar-02 12:49:55 org.apache.catalina.core.ApplicationContext log
INFO: SessionListener: contextInitialized()
2013-mar-02 12:50:07 org.apache.catalina.core.ApplicationDispatcher invoke
ALLVARLIG: Servlet.service() for servlet jsp threw exception
<openjpa-1.2.1-r752877:753278 nonfatal user error> org.apache.openjpa.persistence.ArgumentException: Encountered "t . open IS TRUE" at character 42, but expected: ["(", "*", "+", "-", ".", "/", ":", "<", "<=", "<>", "=", ">", ">=", "?", "ABS", "ALL", "AND", "ANY", "AS", "ASC", "AVG", "BETWEEN", "BOTH", "BY", "CONCAT", "COUNT", "CURRENT_DATE", "CURRENT_TIME", "CURRENT_TIMESTAMP", "DELETE", "DESC", "DISTINCT", "EMPTY", "ESCAPE", "EXISTS", "FETCH", "FROM", "GROUP", "HAVING", "IN", "INNER", "IS", "JOIN", "LEADING", "LEFT", "LENGTH", "LIKE", "LOCATE", "LOWER", "MAX", "MEMBER", "MIN", "MOD", "NEW", "NOT", "NULL", "OBJECT", "OF", "OR", "ORDER", "OUTER", "SELECT", "SET", "SIZE", "SOME", "SQRT", "SUBSTRING", "SUM", "TRAILING", "TRIM", "UPDATE", "UPPER", "WHERE", <DECIMAL_LITERAL>, <IDENTIFIER>, <INTEGER_LITERAL>, <STRING_LITERAL>].
	at org.apache.openjpa.kernel.jpql.JPQL.generateParseException(JPQL.java:9501)
	at org.apache.openjpa.kernel.jpql.JPQL.jj_consume_token(JPQL.java:9378)
	at org.apache.openjpa.kernel.jpql.JPQL.conditional_primary(JPQL.java:1947)
	at org.apache.openjpa.kernel.jpql.JPQL.conditional_factor(JPQL.java:1925)
	at org.apache.openjpa.kernel.jpql.JPQL.conditional_term(JPQL.java:1791)
	at org.apache.openjpa.kernel.jpql.JPQL.conditional_expression(JPQL.java:1753)
	at org.apache.openjpa.kernel.jpql.JPQL.where_clause(JPQL.java:1556)
	at org.apache.openjpa.kernel.jpql.JPQL.select_statement(JPQL.java:91)
	at org.apache.openjpa.kernel.jpql.JPQL.parseQuery(JPQL.java:63)
	at org.apache.openjpa.kernel.jpql.JPQLExpressionBuilder$ParsedJPQL.parse(JPQLExpressionBuilder.java:1740)
	at org.apache.openjpa.kernel.jpql.JPQLExpressionBuilder$ParsedJPQL.<init>(JPQLExpressionBuilder.java:1727)
	at org.apache.openjpa.kernel.jpql.JPQLParser.parse(JPQLParser.java:48)
	at org.apache.openjpa.kernel.ExpressionStoreQuery.newCompilation(ExpressionStoreQuery.java:149)
	at org.apache.openjpa.kernel.QueryImpl.newCompilation(QueryImpl.java:657)
	at org.apache.openjpa.kernel.QueryImpl.compilationFromCache(QueryImpl.java:639)
	at org.apache.openjpa.kernel.QueryImpl.compileForCompilation(QueryImpl.java:605)
	at org.apache.openjpa.kernel.QueryImpl.compileForExecutor(QueryImpl.java:667)
	at org.apache.openjpa.kernel.QueryImpl.getOperation(QueryImpl.java:1492)
	at org.apache.openjpa.kernel.DelegatingQuery.getOperation(DelegatingQuery.java:123)
	at org.apache.openjpa.persistence.QueryImpl.execute(QueryImpl.java:243)
	at org.apache.openjpa.persistence.QueryImpl.getResultList(QueryImpl.java:294)
	at ejb.TaskEJB.findAllOpen(TaskEJB.java:40)
	at sun.reflect.NativeMethodAccessorImpl.invoke0(Native Method)
	at sun.reflect.NativeMethodAccessorImpl.invoke(NativeMethodAccessorImpl.java:39)
	at sun.reflect.DelegatingMethodAccessorImpl.invoke(DelegatingMethodAccessorImpl.java:25)
	at java.lang.reflect.Method.invoke(Method.java:592)
	at org.apache.openejb.core.interceptor.ReflectionInvocationContext$Invocation.invoke(ReflectionInvocationContext.java:162)
	at org.apache.openejb.core.interceptor.ReflectionInvocationContext.proceed(ReflectionInvocationContext.java:144)
	at org.apache.openejb.monitoring.StatsInterceptor.record(StatsInterceptor.java:164)
	at org.apache.openejb.monitoring.StatsInterceptor.invoke(StatsInterceptor.java:92)
	at sun.reflect.NativeMethodAccessorImpl.invoke0(Native Method)
	at sun.reflect.NativeMethodAccessorImpl.invoke(NativeMethodAccessorImpl.java:39)
	at sun.reflect.DelegatingMethodAccessorImpl.invoke(DelegatingMethodAccessorImpl.java:25)
	at java.lang.reflect.Method.invoke(Method.java:592)
	at org.apache.openejb.core.interceptor.ReflectionInvocationContext$Invocation.invoke(ReflectionInvocationContext.java:162)
	at org.apache.openejb.core.interceptor.ReflectionInvocationContext.proceed(ReflectionInvocationContext.java:144)
	at org.apache.openejb.core.interceptor.InterceptorStack.invoke(InterceptorStack.java:122)
	at org.apache.openejb.core.stateless.StatelessContainer._invoke(StatelessContainer.java:221)
	at org.apache.openejb.core.stateless.StatelessContainer.invoke(StatelessContainer.java:174)
	at org.apache.openejb.core.ivm.EjbObjectProxyHandler.businessMethod(EjbObjectProxyHandler.java:217)
	at org.apache.openejb.core.ivm.EjbObjectProxyHandler._invoke(EjbObjectProxyHandler.java:77)
	at org.apache.openejb.core.ivm.BaseEjbProxyHandler.invoke(BaseEjbProxyHandler.java:282)
	at $Proxy67.findAllOpen(Unknown Source)
	at bean.TaskLogic.getTasks(TaskLogic.java:44)
	at org.apache.jsp.main_jsp._jspService(main_jsp.java:93)
	at org.apache.jasper.runtime.HttpJspBase.service(HttpJspBase.java:70)
	at javax.servlet.http.HttpServlet.service(HttpServlet.java:717)
	at org.apache.jasper.servlet.JspServletWrapper.service(JspServletWrapper.java:377)
	at org.apache.jasper.servlet.JspServlet.serviceJspFile(JspServlet.java:313)
	at org.apache.jasper.servlet.JspServlet.service(JspServlet.java:260)
	at javax.servlet.http.HttpServlet.service(HttpServlet.java:717)
	at org.apache.catalina.core.ApplicationFilterChain.internalDoFilter(ApplicationFilterChain.java:290)
	at org.apache.catalina.core.ApplicationFilterChain.doFilter(ApplicationFilterChain.java:206)
	at org.apache.catalina.core.ApplicationDispatcher.invoke(ApplicationDispatcher.java:646)
	at org.apache.catalina.core.ApplicationDispatcher.processRequest(ApplicationDispatcher.java:436)
	at org.apache.catalina.core.ApplicationDispatcher.doForward(ApplicationDispatcher.java:374)
	at org.apache.catalina.core.ApplicationDispatcher.forward(ApplicationDispatcher.java:302)
	at LoginController.doPost(LoginController.java:136)
	at javax.servlet.http.HttpServlet.service(HttpServlet.java:637)
	at javax.servlet.http.HttpServlet.service(HttpServlet.java:717)
	at org.apache.catalina.core.ApplicationFilterChain.internalDoFilter(ApplicationFilterChain.java:290)
	at org.apache.catalina.core.ApplicationFilterChain.doFilter(ApplicationFilterChain.java:206)
	at org.apache.catalina.core.StandardWrapperValve.invoke(StandardWrapperValve.java:233)
	at org.apache.catalina.core.StandardContextValve.invoke(StandardContextValve.java:191)
	at org.apache.openejb.tomcat.catalina.OpenEJBValve.invoke(OpenEJBValve.java:45)
	at org.apache.catalina.core.StandardHostValve.invoke(StandardHostValve.java:127)
	at org.apache.catalina.valves.ErrorReportValve.invoke(ErrorReportValve.java:102)
	at org.apache.catalina.core.StandardEngineValve.invoke(StandardEngineValve.java:109)
	at org.apache.catalina.connector.CoyoteAdapter.service(CoyoteAdapter.java:298)
	at org.apache.coyote.http11.Http11Processor.process(Http11Processor.java:852)
	at org.apache.coyote.http11.Http11Protocol$Http11ConnectionHandler.process(Http11Protocol.java:588)
	at org.apache.tomcat.util.net.JIoEndpoint$Worker.run(JIoEndpoint.java:489)
	at java.lang.Thread.run(Thread.java:595)
2013-mar-02 12:54:47 org.apache.catalina.core.ApplicationContext log
INFO: SessionListener: contextDestroyed()
2013-mar-02 12:54:47 org.apache.catalina.core.ApplicationContext log
INFO: ContextListener: contextDestroyed()
2013-mar-02 12:55:05 org.apache.catalina.core.ApplicationContext log
INFO: ContextListener: contextInitialized()
2013-mar-02 12:55:05 org.apache.catalina.core.ApplicationContext log
INFO: SessionListener: contextInitialized()
2013-mar-02 12:55:18 org.apache.catalina.core.ApplicationDispatcher invoke
ALLVARLIG: Servlet.service() for servlet jsp threw exception
<openjpa-1.2.1-r752877:753278 nonfatal user error> org.apache.openjpa.persistence.ArgumentException: Encountered "t . open IS ?" at character 42, but expected: ["(", "*", "+", "-", ".", "/", ":", "<", "<=", "<>", "=", ">", ">=", "?", "ABS", "ALL", "AND", "ANY", "AS", "ASC", "AVG", "BETWEEN", "BOTH", "BY", "CONCAT", "COUNT", "CURRENT_DATE", "CURRENT_TIME", "CURRENT_TIMESTAMP", "DELETE", "DESC", "DISTINCT", "EMPTY", "ESCAPE", "EXISTS", "FETCH", "FROM", "GROUP", "HAVING", "IN", "INNER", "IS", "JOIN", "LEADING", "LEFT", "LENGTH", "LIKE", "LOCATE", "LOWER", "MAX", "MEMBER", "MIN", "MOD", "NEW", "NOT", "NULL", "OBJECT", "OF", "OR", "ORDER", "OUTER", "SELECT", "SET", "SIZE", "SOME", "SQRT", "SUBSTRING", "SUM", "TRAILING", "TRIM", "UPDATE", "UPPER", "WHERE", <DECIMAL_LITERAL>, <IDENTIFIER>, <INTEGER_LITERAL>, <STRING_LITERAL>].
	at org.apache.openjpa.kernel.jpql.JPQL.generateParseException(JPQL.java:9501)
	at org.apache.openjpa.kernel.jpql.JPQL.jj_consume_token(JPQL.java:9378)
	at org.apache.openjpa.kernel.jpql.JPQL.conditional_primary(JPQL.java:1947)
	at org.apache.openjpa.kernel.jpql.JPQL.conditional_factor(JPQL.java:1925)
	at org.apache.openjpa.kernel.jpql.JPQL.conditional_term(JPQL.java:1791)
	at org.apache.openjpa.kernel.jpql.JPQL.conditional_expression(JPQL.java:1753)
	at org.apache.openjpa.kernel.jpql.JPQL.where_clause(JPQL.java:1556)
	at org.apache.openjpa.kernel.jpql.JPQL.select_statement(JPQL.java:91)
	at org.apache.openjpa.kernel.jpql.JPQL.parseQuery(JPQL.java:63)
	at org.apache.openjpa.kernel.jpql.JPQLExpressionBuilder$ParsedJPQL.parse(JPQLExpressionBuilder.java:1740)
	at org.apache.openjpa.kernel.jpql.JPQLExpressionBuilder$ParsedJPQL.<init>(JPQLExpressionBuilder.java:1727)
	at org.apache.openjpa.kernel.jpql.JPQLParser.parse(JPQLParser.java:48)
	at org.apache.openjpa.kernel.ExpressionStoreQuery.newCompilation(ExpressionStoreQuery.java:149)
	at org.apache.openjpa.kernel.QueryImpl.newCompilation(QueryImpl.java:657)
	at org.apache.openjpa.kernel.QueryImpl.compilationFromCache(QueryImpl.java:639)
	at org.apache.openjpa.kernel.QueryImpl.compileForCompilation(QueryImpl.java:605)
	at org.apache.openjpa.kernel.QueryImpl.compileForExecutor(QueryImpl.java:667)
	at org.apache.openjpa.kernel.QueryImpl.getOperation(QueryImpl.java:1492)
	at org.apache.openjpa.kernel.DelegatingQuery.getOperation(DelegatingQuery.java:123)
	at org.apache.openjpa.persistence.QueryImpl.execute(QueryImpl.java:243)
	at org.apache.openjpa.persistence.QueryImpl.getResultList(QueryImpl.java:294)
	at ejb.TaskEJB.findAllOpen(TaskEJB.java:43)
	at sun.reflect.NativeMethodAccessorImpl.invoke0(Native Method)
	at sun.reflect.NativeMethodAccessorImpl.invoke(NativeMethodAccessorImpl.java:39)
	at sun.reflect.DelegatingMethodAccessorImpl.invoke(DelegatingMethodAccessorImpl.java:25)
	at java.lang.reflect.Method.invoke(Method.java:592)
	at org.apache.openejb.core.interceptor.ReflectionInvocationContext$Invocation.invoke(ReflectionInvocationContext.java:162)
	at org.apache.openejb.core.interceptor.ReflectionInvocationContext.proceed(ReflectionInvocationContext.java:144)
	at org.apache.openejb.monitoring.StatsInterceptor.record(StatsInterceptor.java:164)
	at org.apache.openejb.monitoring.StatsInterceptor.invoke(StatsInterceptor.java:92)
	at sun.reflect.NativeMethodAccessorImpl.invoke0(Native Method)
	at sun.reflect.NativeMethodAccessorImpl.invoke(NativeMethodAccessorImpl.java:39)
	at sun.reflect.DelegatingMethodAccessorImpl.invoke(DelegatingMethodAccessorImpl.java:25)
	at java.lang.reflect.Method.invoke(Method.java:592)
	at org.apache.openejb.core.interceptor.ReflectionInvocationContext$Invocation.invoke(ReflectionInvocationContext.java:162)
	at org.apache.openejb.core.interceptor.ReflectionInvocationContext.proceed(ReflectionInvocationContext.java:144)
	at org.apache.openejb.core.interceptor.InterceptorStack.invoke(InterceptorStack.java:122)
	at org.apache.openejb.core.stateless.StatelessContainer._invoke(StatelessContainer.java:221)
	at org.apache.openejb.core.stateless.StatelessContainer.invoke(StatelessContainer.java:174)
	at org.apache.openejb.core.ivm.EjbObjectProxyHandler.businessMethod(EjbObjectProxyHandler.java:217)
	at org.apache.openejb.core.ivm.EjbObjectProxyHandler._invoke(EjbObjectProxyHandler.java:77)
	at org.apache.openejb.core.ivm.BaseEjbProxyHandler.invoke(BaseEjbProxyHandler.java:282)
	at $Proxy67.findAllOpen(Unknown Source)
	at bean.TaskLogic.getTasks(TaskLogic.java:44)
	at org.apache.jsp.main_jsp._jspService(main_jsp.java:93)
	at org.apache.jasper.runtime.HttpJspBase.service(HttpJspBase.java:70)
	at javax.servlet.http.HttpServlet.service(HttpServlet.java:717)
	at org.apache.jasper.servlet.JspServletWrapper.service(JspServletWrapper.java:377)
	at org.apache.jasper.servlet.JspServlet.serviceJspFile(JspServlet.java:313)
	at org.apache.jasper.servlet.JspServlet.service(JspServlet.java:260)
	at javax.servlet.http.HttpServlet.service(HttpServlet.java:717)
	at org.apache.catalina.core.ApplicationFilterChain.internalDoFilter(ApplicationFilterChain.java:290)
	at org.apache.catalina.core.ApplicationFilterChain.doFilter(ApplicationFilterChain.java:206)
	at org.apache.catalina.core.ApplicationDispatcher.invoke(ApplicationDispatcher.java:646)
	at org.apache.catalina.core.ApplicationDispatcher.processRequest(ApplicationDispatcher.java:436)
	at org.apache.catalina.core.ApplicationDispatcher.doForward(ApplicationDispatcher.java:374)
	at org.apache.catalina.core.ApplicationDispatcher.forward(ApplicationDispatcher.java:302)
	at LoginController.doPost(LoginController.java:136)
	at javax.servlet.http.HttpServlet.service(HttpServlet.java:637)
	at javax.servlet.http.HttpServlet.service(HttpServlet.java:717)
	at org.apache.catalina.core.ApplicationFilterChain.internalDoFilter(ApplicationFilterChain.java:290)
	at org.apache.catalina.core.ApplicationFilterChain.doFilter(ApplicationFilterChain.java:206)
	at org.apache.catalina.core.StandardWrapperValve.invoke(StandardWrapperValve.java:233)
	at org.apache.catalina.core.StandardContextValve.invoke(StandardContextValve.java:191)
	at org.apache.openejb.tomcat.catalina.OpenEJBValve.invoke(OpenEJBValve.java:45)
	at org.apache.catalina.core.StandardHostValve.invoke(StandardHostValve.java:127)
	at org.apache.catalina.valves.ErrorReportValve.invoke(ErrorReportValve.java:102)
	at org.apache.catalina.core.StandardEngineValve.invoke(StandardEngineValve.java:109)
	at org.apache.catalina.connector.CoyoteAdapter.service(CoyoteAdapter.java:298)
	at org.apache.coyote.http11.Http11Processor.process(Http11Processor.java:852)
	at org.apache.coyote.http11.Http11Protocol$Http11ConnectionHandler.process(Http11Protocol.java:588)
	at org.apache.tomcat.util.net.JIoEndpoint$Worker.run(JIoEndpoint.java:489)
	at java.lang.Thread.run(Thread.java:595)
2013-mar-02 12:58:39 org.apache.catalina.core.ApplicationContext log
INFO: SessionListener: contextDestroyed()
2013-mar-02 12:58:39 org.apache.catalina.core.ApplicationContext log
INFO: ContextListener: contextDestroyed()
2013-mar-02 12:58:55 org.apache.catalina.core.ApplicationContext log
INFO: ContextListener: contextInitialized()
2013-mar-02 12:58:55 org.apache.catalina.core.ApplicationContext log
INFO: SessionListener: contextInitialized()
2013-mar-02 12:59:09 org.apache.catalina.core.ApplicationDispatcher invoke
ALLVARLIG: Servlet.service() for servlet jsp threw exception
<openjpa-1.2.1-r752877:753278 nonfatal user error> org.apache.openjpa.persistence.ArgumentException: Encountered "open IS" at character 42, but expected: ["(", "+", "-", ".", ":", "<>", "=", "?", "ABS", "ALL", "AND", "ANY", "AS", "ASC", "AVG", "BETWEEN", "BOTH", "BY", "CONCAT", "COUNT", "CURRENT_DATE", "CURRENT_TIME", "CURRENT_TIMESTAMP", "DELETE", "DESC", "DISTINCT", "EMPTY", "ESCAPE", "EXISTS", "FETCH", "FROM", "GROUP", "HAVING", "IN", "INNER", "IS", "JOIN", "LEADING", "LEFT", "LENGTH", "LIKE", "LOCATE", "LOWER", "MAX", "MEMBER", "MIN", "MOD", "NEW", "NOT", "NULL", "OBJECT", "OF", "OR", "ORDER", "OUTER", "SELECT", "SET", "SIZE", "SOME", "SQRT", "SUBSTRING", "SUM", "TRAILING", "TRIM", "UPDATE", "UPPER", "WHERE", <BOOLEAN_LITERAL>, <DECIMAL_LITERAL>, <IDENTIFIER>, <INTEGER_LITERAL>, <STRING_LITERAL>].
	at org.apache.openjpa.kernel.jpql.JPQL.generateParseException(JPQL.java:9501)
	at org.apache.openjpa.kernel.jpql.JPQL.jj_consume_token(JPQL.java:9378)
	at org.apache.openjpa.kernel.jpql.JPQL.conditional_primary(JPQL.java:1947)
	at org.apache.openjpa.kernel.jpql.JPQL.conditional_factor(JPQL.java:1925)
	at org.apache.openjpa.kernel.jpql.JPQL.conditional_term(JPQL.java:1791)
	at org.apache.openjpa.kernel.jpql.JPQL.conditional_expression(JPQL.java:1753)
	at org.apache.openjpa.kernel.jpql.JPQL.where_clause(JPQL.java:1556)
	at org.apache.openjpa.kernel.jpql.JPQL.select_statement(JPQL.java:91)
	at org.apache.openjpa.kernel.jpql.JPQL.parseQuery(JPQL.java:63)
	at org.apache.openjpa.kernel.jpql.JPQLExpressionBuilder$ParsedJPQL.parse(JPQLExpressionBuilder.java:1740)
	at org.apache.openjpa.kernel.jpql.JPQLExpressionBuilder$ParsedJPQL.<init>(JPQLExpressionBuilder.java:1727)
	at org.apache.openjpa.kernel.jpql.JPQLParser.parse(JPQLParser.java:48)
	at org.apache.openjpa.kernel.ExpressionStoreQuery.newCompilation(ExpressionStoreQuery.java:149)
	at org.apache.openjpa.kernel.QueryImpl.newCompilation(QueryImpl.java:657)
	at org.apache.openjpa.kernel.QueryImpl.compilationFromCache(QueryImpl.java:639)
	at org.apache.openjpa.kernel.QueryImpl.compileForCompilation(QueryImpl.java:605)
	at org.apache.openjpa.kernel.QueryImpl.compileForExecutor(QueryImpl.java:667)
	at org.apache.openjpa.kernel.QueryImpl.getOperation(QueryImpl.java:1492)
	at org.apache.openjpa.kernel.DelegatingQuery.getOperation(DelegatingQuery.java:123)
	at org.apache.openjpa.persistence.QueryImpl.execute(QueryImpl.java:243)
	at org.apache.openjpa.persistence.QueryImpl.getResultList(QueryImpl.java:294)
	at ejb.TaskEJB.findAllOpen(TaskEJB.java:42)
	at sun.reflect.NativeMethodAccessorImpl.invoke0(Native Method)
	at sun.reflect.NativeMethodAccessorImpl.invoke(NativeMethodAccessorImpl.java:39)
	at sun.reflect.DelegatingMethodAccessorImpl.invoke(DelegatingMethodAccessorImpl.java:25)
	at java.lang.reflect.Method.invoke(Method.java:592)
	at org.apache.openejb.core.interceptor.ReflectionInvocationContext$Invocation.invoke(ReflectionInvocationContext.java:162)
	at org.apache.openejb.core.interceptor.ReflectionInvocationContext.proceed(ReflectionInvocationContext.java:144)
	at org.apache.openejb.monitoring.StatsInterceptor.record(StatsInterceptor.java:164)
	at org.apache.openejb.monitoring.StatsInterceptor.invoke(StatsInterceptor.java:92)
	at sun.reflect.NativeMethodAccessorImpl.invoke0(Native Method)
	at sun.reflect.NativeMethodAccessorImpl.invoke(NativeMethodAccessorImpl.java:39)
	at sun.reflect.DelegatingMethodAccessorImpl.invoke(DelegatingMethodAccessorImpl.java:25)
	at java.lang.reflect.Method.invoke(Method.java:592)
	at org.apache.openejb.core.interceptor.ReflectionInvocationContext$Invocation.invoke(ReflectionInvocationContext.java:162)
	at org.apache.openejb.core.interceptor.ReflectionInvocationContext.proceed(ReflectionInvocationContext.java:144)
	at org.apache.openejb.core.interceptor.InterceptorStack.invoke(InterceptorStack.java:122)
	at org.apache.openejb.core.stateless.StatelessContainer._invoke(StatelessContainer.java:221)
	at org.apache.openejb.core.stateless.StatelessContainer.invoke(StatelessContainer.java:174)
	at org.apache.openejb.core.ivm.EjbObjectProxyHandler.businessMethod(EjbObjectProxyHandler.java:217)
	at org.apache.openejb.core.ivm.EjbObjectProxyHandler._invoke(EjbObjectProxyHandler.java:77)
	at org.apache.openejb.core.ivm.BaseEjbProxyHandler.invoke(BaseEjbProxyHandler.java:282)
	at $Proxy67.findAllOpen(Unknown Source)
	at bean.TaskLogic.getTasks(TaskLogic.java:44)
	at org.apache.jsp.main_jsp._jspService(main_jsp.java:93)
	at org.apache.jasper.runtime.HttpJspBase.service(HttpJspBase.java:70)
	at javax.servlet.http.HttpServlet.service(HttpServlet.java:717)
	at org.apache.jasper.servlet.JspServletWrapper.service(JspServletWrapper.java:377)
	at org.apache.jasper.servlet.JspServlet.serviceJspFile(JspServlet.java:313)
	at org.apache.jasper.servlet.JspServlet.service(JspServlet.java:260)
	at javax.servlet.http.HttpServlet.service(HttpServlet.java:717)
	at org.apache.catalina.core.ApplicationFilterChain.internalDoFilter(ApplicationFilterChain.java:290)
	at org.apache.catalina.core.ApplicationFilterChain.doFilter(ApplicationFilterChain.java:206)
	at org.apache.catalina.core.ApplicationDispatcher.invoke(ApplicationDispatcher.java:646)
	at org.apache.catalina.core.ApplicationDispatcher.processRequest(ApplicationDispatcher.java:436)
	at org.apache.catalina.core.ApplicationDispatcher.doForward(ApplicationDispatcher.java:374)
	at org.apache.catalina.core.ApplicationDispatcher.forward(ApplicationDispatcher.java:302)
	at LoginController.doPost(LoginController.java:136)
	at javax.servlet.http.HttpServlet.service(HttpServlet.java:637)
	at javax.servlet.http.HttpServlet.service(HttpServlet.java:717)
	at org.apache.catalina.core.ApplicationFilterChain.internalDoFilter(ApplicationFilterChain.java:290)
	at org.apache.catalina.core.ApplicationFilterChain.doFilter(ApplicationFilterChain.java:206)
	at org.apache.catalina.core.StandardWrapperValve.invoke(StandardWrapperValve.java:233)
	at org.apache.catalina.core.StandardContextValve.invoke(StandardContextValve.java:191)
	at org.apache.openejb.tomcat.catalina.OpenEJBValve.invoke(OpenEJBValve.java:45)
	at org.apache.catalina.core.StandardHostValve.invoke(StandardHostValve.java:127)
	at org.apache.catalina.valves.ErrorReportValve.invoke(ErrorReportValve.java:102)
	at org.apache.catalina.core.StandardEngineValve.invoke(StandardEngineValve.java:109)
	at org.apache.catalina.connector.CoyoteAdapter.service(CoyoteAdapter.java:298)
	at org.apache.coyote.http11.Http11Processor.process(Http11Processor.java:852)
	at org.apache.coyote.http11.Http11Protocol$Http11ConnectionHandler.process(Http11Protocol.java:588)
	at org.apache.tomcat.util.net.JIoEndpoint$Worker.run(JIoEndpoint.java:489)
	at java.lang.Thread.run(Thread.java:595)
2013-mar-02 13:01:20 org.apache.catalina.core.ApplicationContext log
INFO: SessionListener: contextDestroyed()
2013-mar-02 13:01:20 org.apache.catalina.core.ApplicationContext log
INFO: ContextListener: contextDestroyed()
2013-mar-02 13:01:37 org.apache.catalina.core.ApplicationContext log
INFO: ContextListener: contextInitialized()
2013-mar-02 13:01:37 org.apache.catalina.core.ApplicationContext log
INFO: SessionListener: contextInitialized()
2013-mar-02 13:01:48 org.apache.catalina.core.ApplicationDispatcher invoke
ALLVARLIG: Servlet.service() for servlet jsp threw exception
<openjpa-1.2.1-r752877:753278 nonfatal user error> org.apache.openjpa.persistence.ArgumentException: Encountered "open IS" at character 40, but expected: ["(", "+", "-", ".", ":", "<>", "=", "?", "ABS", "ALL", "AND", "ANY", "AS", "ASC", "AVG", "BETWEEN", "BOTH", "BY", "CONCAT", "COUNT", "CURRENT_DATE", "CURRENT_TIME", "CURRENT_TIMESTAMP", "DELETE", "DESC", "DISTINCT", "EMPTY", "ESCAPE", "EXISTS", "FETCH", "FROM", "GROUP", "HAVING", "IN", "INNER", "IS", "JOIN", "LEADING", "LEFT", "LENGTH", "LIKE", "LOCATE", "LOWER", "MAX", "MEMBER", "MIN", "MOD", "NEW", "NOT", "NULL", "OBJECT", "OF", "OR", "ORDER", "OUTER", "SELECT", "SET", "SIZE", "SOME", "SQRT", "SUBSTRING", "SUM", "TRAILING", "TRIM", "UPDATE", "UPPER", "WHERE", <BOOLEAN_LITERAL>, <DECIMAL_LITERAL>, <IDENTIFIER>, <INTEGER_LITERAL>, <STRING_LITERAL>].
	at org.apache.openjpa.kernel.jpql.JPQL.generateParseException(JPQL.java:9501)
	at org.apache.openjpa.kernel.jpql.JPQL.jj_consume_token(JPQL.java:9378)
	at org.apache.openjpa.kernel.jpql.JPQL.conditional_primary(JPQL.java:1947)
	at org.apache.openjpa.kernel.jpql.JPQL.conditional_factor(JPQL.java:1925)
	at org.apache.openjpa.kernel.jpql.JPQL.conditional_term(JPQL.java:1791)
	at org.apache.openjpa.kernel.jpql.JPQL.conditional_expression(JPQL.java:1753)
	at org.apache.openjpa.kernel.jpql.JPQL.where_clause(JPQL.java:1556)
	at org.apache.openjpa.kernel.jpql.JPQL.select_statement(JPQL.java:91)
	at org.apache.openjpa.kernel.jpql.JPQL.parseQuery(JPQL.java:63)
	at org.apache.openjpa.kernel.jpql.JPQLExpressionBuilder$ParsedJPQL.parse(JPQLExpressionBuilder.java:1740)
	at org.apache.openjpa.kernel.jpql.JPQLExpressionBuilder$ParsedJPQL.<init>(JPQLExpressionBuilder.java:1727)
	at org.apache.openjpa.kernel.jpql.JPQLParser.parse(JPQLParser.java:48)
	at org.apache.openjpa.kernel.ExpressionStoreQuery.newCompilation(ExpressionStoreQuery.java:149)
	at org.apache.openjpa.kernel.QueryImpl.newCompilation(QueryImpl.java:657)
	at org.apache.openjpa.kernel.QueryImpl.compilationFromCache(QueryImpl.java:639)
	at org.apache.openjpa.kernel.QueryImpl.compileForCompilation(QueryImpl.java:605)
	at org.apache.openjpa.kernel.QueryImpl.compileForExecutor(QueryImpl.java:667)
	at org.apache.openjpa.kernel.QueryImpl.getOperation(QueryImpl.java:1492)
	at org.apache.openjpa.kernel.DelegatingQuery.getOperation(DelegatingQuery.java:123)
	at org.apache.openjpa.persistence.QueryImpl.execute(QueryImpl.java:243)
	at org.apache.openjpa.persistence.QueryImpl.getResultList(QueryImpl.java:294)
	at ejb.TaskEJB.findAllOpen(TaskEJB.java:42)
	at sun.reflect.NativeMethodAccessorImpl.invoke0(Native Method)
	at sun.reflect.NativeMethodAccessorImpl.invoke(NativeMethodAccessorImpl.java:39)
	at sun.reflect.DelegatingMethodAccessorImpl.invoke(DelegatingMethodAccessorImpl.java:25)
	at java.lang.reflect.Method.invoke(Method.java:592)
	at org.apache.openejb.core.interceptor.ReflectionInvocationContext$Invocation.invoke(ReflectionInvocationContext.java:162)
	at org.apache.openejb.core.interceptor.ReflectionInvocationContext.proceed(ReflectionInvocationContext.java:144)
	at org.apache.openejb.monitoring.StatsInterceptor.record(StatsInterceptor.java:164)
	at org.apache.openejb.monitoring.StatsInterceptor.invoke(StatsInterceptor.java:92)
	at sun.reflect.NativeMethodAccessorImpl.invoke0(Native Method)
	at sun.reflect.NativeMethodAccessorImpl.invoke(NativeMethodAccessorImpl.java:39)
	at sun.reflect.DelegatingMethodAccessorImpl.invoke(DelegatingMethodAccessorImpl.java:25)
	at java.lang.reflect.Method.invoke(Method.java:592)
	at org.apache.openejb.core.interceptor.ReflectionInvocationContext$Invocation.invoke(ReflectionInvocationContext.java:162)
	at org.apache.openejb.core.interceptor.ReflectionInvocationContext.proceed(ReflectionInvocationContext.java:144)
	at org.apache.openejb.core.interceptor.InterceptorStack.invoke(InterceptorStack.java:122)
	at org.apache.openejb.core.stateless.StatelessContainer._invoke(StatelessContainer.java:221)
	at org.apache.openejb.core.stateless.StatelessContainer.invoke(StatelessContainer.java:174)
	at org.apache.openejb.core.ivm.EjbObjectProxyHandler.businessMethod(EjbObjectProxyHandler.java:217)
	at org.apache.openejb.core.ivm.EjbObjectProxyHandler._invoke(EjbObjectProxyHandler.java:77)
	at org.apache.openejb.core.ivm.BaseEjbProxyHandler.invoke(BaseEjbProxyHandler.java:282)
	at $Proxy67.findAllOpen(Unknown Source)
	at bean.TaskLogic.getTasks(TaskLogic.java:44)
	at org.apache.jsp.main_jsp._jspService(main_jsp.java:93)
	at org.apache.jasper.runtime.HttpJspBase.service(HttpJspBase.java:70)
	at javax.servlet.http.HttpServlet.service(HttpServlet.java:717)
	at org.apache.jasper.servlet.JspServletWrapper.service(JspServletWrapper.java:377)
	at org.apache.jasper.servlet.JspServlet.serviceJspFile(JspServlet.java:313)
	at org.apache.jasper.servlet.JspServlet.service(JspServlet.java:260)
	at javax.servlet.http.HttpServlet.service(HttpServlet.java:717)
	at org.apache.catalina.core.ApplicationFilterChain.internalDoFilter(ApplicationFilterChain.java:290)
	at org.apache.catalina.core.ApplicationFilterChain.doFilter(ApplicationFilterChain.java:206)
	at org.apache.catalina.core.ApplicationDispatcher.invoke(ApplicationDispatcher.java:646)
	at org.apache.catalina.core.ApplicationDispatcher.processRequest(ApplicationDispatcher.java:436)
	at org.apache.catalina.core.ApplicationDispatcher.doForward(ApplicationDispatcher.java:374)
	at org.apache.catalina.core.ApplicationDispatcher.forward(ApplicationDispatcher.java:302)
	at LoginController.doPost(LoginController.java:136)
	at javax.servlet.http.HttpServlet.service(HttpServlet.java:637)
	at javax.servlet.http.HttpServlet.service(HttpServlet.java:717)
	at org.apache.catalina.core.ApplicationFilterChain.internalDoFilter(ApplicationFilterChain.java:290)
	at org.apache.catalina.core.ApplicationFilterChain.doFilter(ApplicationFilterChain.java:206)
	at org.apache.catalina.core.StandardWrapperValve.invoke(StandardWrapperValve.java:233)
	at org.apache.catalina.core.StandardContextValve.invoke(StandardContextValve.java:191)
	at org.apache.openejb.tomcat.catalina.OpenEJBValve.invoke(OpenEJBValve.java:45)
	at org.apache.catalina.core.StandardHostValve.invoke(StandardHostValve.java:127)
	at org.apache.catalina.valves.ErrorReportValve.invoke(ErrorReportValve.java:102)
	at org.apache.catalina.core.StandardEngineValve.invoke(StandardEngineValve.java:109)
	at org.apache.catalina.connector.CoyoteAdapter.service(CoyoteAdapter.java:298)
	at org.apache.coyote.http11.Http11Processor.process(Http11Processor.java:852)
	at org.apache.coyote.http11.Http11Protocol$Http11ConnectionHandler.process(Http11Protocol.java:588)
	at org.apache.tomcat.util.net.JIoEndpoint$Worker.run(JIoEndpoint.java:489)
	at java.lang.Thread.run(Thread.java:595)
2013-mar-02 13:04:19 org.apache.catalina.core.ApplicationContext log
INFO: SessionListener: contextDestroyed()
2013-mar-02 13:04:19 org.apache.catalina.core.ApplicationContext log
INFO: ContextListener: contextDestroyed()
2013-mar-02 13:04:38 org.apache.catalina.core.ApplicationContext log
INFO: ContextListener: contextInitialized()
2013-mar-02 13:04:38 org.apache.catalina.core.ApplicationContext log
INFO: SessionListener: contextInitialized()
2013-mar-02 13:05:08 org.apache.catalina.core.ApplicationDispatcher invoke
ALLVARLIG: Servlet.service() for servlet jsp threw exception
<openjpa-1.2.1-r752877:753278 nonfatal user error> org.apache.openjpa.persistence.ArgumentException: Encountered "t . open LIKE true" at character 42, but expected: ["(", "*", "+", "-", ".", "/", ":", "<", "<=", "<>", "=", ">", ">=", "?", "ABS", "ALL", "AND", "ANY", "AS", "ASC", "AVG", "BETWEEN", "BOTH", "BY", "CONCAT", "COUNT", "CURRENT_DATE", "CURRENT_TIME", "CURRENT_TIMESTAMP", "DELETE", "DESC", "DISTINCT", "EMPTY", "ESCAPE", "EXISTS", "FETCH", "FROM", "GROUP", "HAVING", "IN", "INNER", "IS", "JOIN", "LEADING", "LEFT", "LENGTH", "LIKE", "LOCATE", "LOWER", "MAX", "MEMBER", "MIN", "MOD", "NEW", "NOT", "NULL", "OBJECT", "OF", "OR", "ORDER", "OUTER", "SELECT", "SET", "SIZE", "SOME", "SQRT", "SUBSTRING", "SUM", "TRAILING", "TRIM", "UPDATE", "UPPER", "WHERE", <DECIMAL_LITERAL>, <IDENTIFIER>, <INTEGER_LITERAL>, <STRING_LITERAL>].
	at org.apache.openjpa.kernel.jpql.JPQL.generateParseException(JPQL.java:9501)
	at org.apache.openjpa.kernel.jpql.JPQL.jj_consume_token(JPQL.java:9378)
	at org.apache.openjpa.kernel.jpql.JPQL.conditional_primary(JPQL.java:1947)
	at org.apache.openjpa.kernel.jpql.JPQL.conditional_factor(JPQL.java:1925)
	at org.apache.openjpa.kernel.jpql.JPQL.conditional_term(JPQL.java:1791)
	at org.apache.openjpa.kernel.jpql.JPQL.conditional_expression(JPQL.java:1753)
	at org.apache.openjpa.kernel.jpql.JPQL.where_clause(JPQL.java:1556)
	at org.apache.openjpa.kernel.jpql.JPQL.select_statement(JPQL.java:91)
	at org.apache.openjpa.kernel.jpql.JPQL.parseQuery(JPQL.java:63)
	at org.apache.openjpa.kernel.jpql.JPQLExpressionBuilder$ParsedJPQL.parse(JPQLExpressionBuilder.java:1740)
	at org.apache.openjpa.kernel.jpql.JPQLExpressionBuilder$ParsedJPQL.<init>(JPQLExpressionBuilder.java:1727)
	at org.apache.openjpa.kernel.jpql.JPQLParser.parse(JPQLParser.java:48)
	at org.apache.openjpa.kernel.ExpressionStoreQuery.newCompilation(ExpressionStoreQuery.java:149)
	at org.apache.openjpa.kernel.QueryImpl.newCompilation(QueryImpl.java:657)
	at org.apache.openjpa.kernel.QueryImpl.compilationFromCache(QueryImpl.java:639)
	at org.apache.openjpa.kernel.QueryImpl.compileForCompilation(QueryImpl.java:605)
	at org.apache.openjpa.kernel.QueryImpl.compileForExecutor(QueryImpl.java:667)
	at org.apache.openjpa.kernel.QueryImpl.getOperation(QueryImpl.java:1492)
	at org.apache.openjpa.kernel.DelegatingQuery.getOperation(DelegatingQuery.java:123)
	at org.apache.openjpa.persistence.QueryImpl.execute(QueryImpl.java:243)
	at org.apache.openjpa.persistence.QueryImpl.getResultList(QueryImpl.java:294)
	at ejb.TaskEJB.findAllOpen(TaskEJB.java:42)
	at sun.reflect.NativeMethodAccessorImpl.invoke0(Native Method)
	at sun.reflect.NativeMethodAccessorImpl.invoke(NativeMethodAccessorImpl.java:39)
	at sun.reflect.DelegatingMethodAccessorImpl.invoke(DelegatingMethodAccessorImpl.java:25)
	at java.lang.reflect.Method.invoke(Method.java:592)
	at org.apache.openejb.core.interceptor.ReflectionInvocationContext$Invocation.invoke(ReflectionInvocationContext.java:162)
	at org.apache.openejb.core.interceptor.ReflectionInvocationContext.proceed(ReflectionInvocationContext.java:144)
	at org.apache.openejb.monitoring.StatsInterceptor.record(StatsInterceptor.java:164)
	at org.apache.openejb.monitoring.StatsInterceptor.invoke(StatsInterceptor.java:92)
	at sun.reflect.NativeMethodAccessorImpl.invoke0(Native Method)
	at sun.reflect.NativeMethodAccessorImpl.invoke(NativeMethodAccessorImpl.java:39)
	at sun.reflect.DelegatingMethodAccessorImpl.invoke(DelegatingMethodAccessorImpl.java:25)
	at java.lang.reflect.Method.invoke(Method.java:592)
	at org.apache.openejb.core.interceptor.ReflectionInvocationContext$Invocation.invoke(ReflectionInvocationContext.java:162)
	at org.apache.openejb.core.interceptor.ReflectionInvocationContext.proceed(ReflectionInvocationContext.java:144)
	at org.apache.openejb.core.interceptor.InterceptorStack.invoke(InterceptorStack.java:122)
	at org.apache.openejb.core.stateless.StatelessContainer._invoke(StatelessContainer.java:221)
	at org.apache.openejb.core.stateless.StatelessContainer.invoke(StatelessContainer.java:174)
	at org.apache.openejb.core.ivm.EjbObjectProxyHandler.businessMethod(EjbObjectProxyHandler.java:217)
	at org.apache.openejb.core.ivm.EjbObjectProxyHandler._invoke(EjbObjectProxyHandler.java:77)
	at org.apache.openejb.core.ivm.BaseEjbProxyHandler.invoke(BaseEjbProxyHandler.java:282)
	at $Proxy67.findAllOpen(Unknown Source)
	at bean.TaskLogic.getTasks(TaskLogic.java:44)
	at org.apache.jsp.main_jsp._jspService(main_jsp.java:93)
	at org.apache.jasper.runtime.HttpJspBase.service(HttpJspBase.java:70)
	at javax.servlet.http.HttpServlet.service(HttpServlet.java:717)
	at org.apache.jasper.servlet.JspServletWrapper.service(JspServletWrapper.java:377)
	at org.apache.jasper.servlet.JspServlet.serviceJspFile(JspServlet.java:313)
	at org.apache.jasper.servlet.JspServlet.service(JspServlet.java:260)
	at javax.servlet.http.HttpServlet.service(HttpServlet.java:717)
	at org.apache.catalina.core.ApplicationFilterChain.internalDoFilter(ApplicationFilterChain.java:290)
	at org.apache.catalina.core.ApplicationFilterChain.doFilter(ApplicationFilterChain.java:206)
	at org.apache.catalina.core.ApplicationDispatcher.invoke(ApplicationDispatcher.java:646)
	at org.apache.catalina.core.ApplicationDispatcher.processRequest(ApplicationDispatcher.java:436)
	at org.apache.catalina.core.ApplicationDispatcher.doForward(ApplicationDispatcher.java:374)
	at org.apache.catalina.core.ApplicationDispatcher.forward(ApplicationDispatcher.java:302)
	at LoginController.doPost(LoginController.java:136)
	at javax.servlet.http.HttpServlet.service(HttpServlet.java:637)
	at javax.servlet.http.HttpServlet.service(HttpServlet.java:717)
	at org.apache.catalina.core.ApplicationFilterChain.internalDoFilter(ApplicationFilterChain.java:290)
	at org.apache.catalina.core.ApplicationFilterChain.doFilter(ApplicationFilterChain.java:206)
	at org.apache.catalina.core.StandardWrapperValve.invoke(StandardWrapperValve.java:233)
	at org.apache.catalina.core.StandardContextValve.invoke(StandardContextValve.java:191)
	at org.apache.openejb.tomcat.catalina.OpenEJBValve.invoke(OpenEJBValve.java:45)
	at org.apache.catalina.core.StandardHostValve.invoke(StandardHostValve.java:127)
	at org.apache.catalina.valves.ErrorReportValve.invoke(ErrorReportValve.java:102)
	at org.apache.catalina.core.StandardEngineValve.invoke(StandardEngineValve.java:109)
	at org.apache.catalina.connector.CoyoteAdapter.service(CoyoteAdapter.java:298)
	at org.apache.coyote.http11.Http11Processor.process(Http11Processor.java:852)
	at org.apache.coyote.http11.Http11Protocol$Http11ConnectionHandler.process(Http11Protocol.java:588)
	at org.apache.tomcat.util.net.JIoEndpoint$Worker.run(JIoEndpoint.java:489)
	at java.lang.Thread.run(Thread.java:595)
2013-mar-02 13:16:32 org.apache.catalina.core.ApplicationContext log
INFO: SessionListener: contextDestroyed()
2013-mar-02 13:16:32 org.apache.catalina.core.ApplicationContext log
INFO: ContextListener: contextDestroyed()
2013-mar-02 13:18:23 org.apache.catalina.core.ApplicationContext log
INFO: ContextListener: contextInitialized()
2013-mar-02 13:18:23 org.apache.catalina.core.ApplicationContext log
INFO: SessionListener: contextInitialized()
2013-mar-02 13:19:37 org.apache.catalina.core.ApplicationDispatcher invoke
ALLVARLIG: Servlet.service() for servlet jsp threw exception
<openjpa-1.2.1-r752877:753278 nonfatal user error> org.apache.openjpa.persistence.ArgumentException: Encountered "t . open IS true" at character 42, but expected: ["(", "*", "+", "-", ".", "/", ":", "<", "<=", "<>", "=", ">", ">=", "?", "ABS", "ALL", "AND", "ANY", "AS", "ASC", "AVG", "BETWEEN", "BOTH", "BY", "CONCAT", "COUNT", "CURRENT_DATE", "CURRENT_TIME", "CURRENT_TIMESTAMP", "DELETE", "DESC", "DISTINCT", "EMPTY", "ESCAPE", "EXISTS", "FETCH", "FROM", "GROUP", "HAVING", "IN", "INNER", "IS", "JOIN", "LEADING", "LEFT", "LENGTH", "LIKE", "LOCATE", "LOWER", "MAX", "MEMBER", "MIN", "MOD", "NEW", "NOT", "NULL", "OBJECT", "OF", "OR", "ORDER", "OUTER", "SELECT", "SET", "SIZE", "SOME", "SQRT", "SUBSTRING", "SUM", "TRAILING", "TRIM", "UPDATE", "UPPER", "WHERE", <DECIMAL_LITERAL>, <IDENTIFIER>, <INTEGER_LITERAL>, <STRING_LITERAL>].
	at org.apache.openjpa.kernel.jpql.JPQL.generateParseException(JPQL.java:9501)
	at org.apache.openjpa.kernel.jpql.JPQL.jj_consume_token(JPQL.java:9378)
	at org.apache.openjpa.kernel.jpql.JPQL.conditional_primary(JPQL.java:1947)
	at org.apache.openjpa.kernel.jpql.JPQL.conditional_factor(JPQL.java:1925)
	at org.apache.openjpa.kernel.jpql.JPQL.conditional_term(JPQL.java:1791)
	at org.apache.openjpa.kernel.jpql.JPQL.conditional_expression(JPQL.java:1753)
	at org.apache.openjpa.kernel.jpql.JPQL.where_clause(JPQL.java:1556)
	at org.apache.openjpa.kernel.jpql.JPQL.select_statement(JPQL.java:91)
	at org.apache.openjpa.kernel.jpql.JPQL.parseQuery(JPQL.java:63)
	at org.apache.openjpa.kernel.jpql.JPQLExpressionBuilder$ParsedJPQL.parse(JPQLExpressionBuilder.java:1740)
	at org.apache.openjpa.kernel.jpql.JPQLExpressionBuilder$ParsedJPQL.<init>(JPQLExpressionBuilder.java:1727)
	at org.apache.openjpa.kernel.jpql.JPQLParser.parse(JPQLParser.java:48)
	at org.apache.openjpa.kernel.ExpressionStoreQuery.newCompilation(ExpressionStoreQuery.java:149)
	at org.apache.openjpa.kernel.QueryImpl.newCompilation(QueryImpl.java:657)
	at org.apache.openjpa.kernel.QueryImpl.compilationFromCache(QueryImpl.java:639)
	at org.apache.openjpa.kernel.QueryImpl.compileForCompilation(QueryImpl.java:605)
	at org.apache.openjpa.kernel.QueryImpl.compileForExecutor(QueryImpl.java:667)
	at org.apache.openjpa.kernel.QueryImpl.getOperation(QueryImpl.java:1492)
	at org.apache.openjpa.kernel.DelegatingQuery.getOperation(DelegatingQuery.java:123)
	at org.apache.openjpa.persistence.QueryImpl.execute(QueryImpl.java:243)
	at org.apache.openjpa.persistence.QueryImpl.getResultList(QueryImpl.java:294)
	at ejb.TaskEJB.findAllOpen(TaskEJB.java:42)
	at sun.reflect.NativeMethodAccessorImpl.invoke0(Native Method)
	at sun.reflect.NativeMethodAccessorImpl.invoke(NativeMethodAccessorImpl.java:39)
	at sun.reflect.DelegatingMethodAccessorImpl.invoke(DelegatingMethodAccessorImpl.java:25)
	at java.lang.reflect.Method.invoke(Method.java:592)
	at org.apache.openejb.core.interceptor.ReflectionInvocationContext$Invocation.invoke(ReflectionInvocationContext.java:162)
	at org.apache.openejb.core.interceptor.ReflectionInvocationContext.proceed(ReflectionInvocationContext.java:144)
	at org.apache.openejb.monitoring.StatsInterceptor.record(StatsInterceptor.java:164)
	at org.apache.openejb.monitoring.StatsInterceptor.invoke(StatsInterceptor.java:92)
	at sun.reflect.NativeMethodAccessorImpl.invoke0(Native Method)
	at sun.reflect.NativeMethodAccessorImpl.invoke(NativeMethodAccessorImpl.java:39)
	at sun.reflect.DelegatingMethodAccessorImpl.invoke(DelegatingMethodAccessorImpl.java:25)
	at java.lang.reflect.Method.invoke(Method.java:592)
	at org.apache.openejb.core.interceptor.ReflectionInvocationContext$Invocation.invoke(ReflectionInvocationContext.java:162)
	at org.apache.openejb.core.interceptor.ReflectionInvocationContext.proceed(ReflectionInvocationContext.java:144)
	at org.apache.openejb.core.interceptor.InterceptorStack.invoke(InterceptorStack.java:122)
	at org.apache.openejb.core.stateless.StatelessContainer._invoke(StatelessContainer.java:221)
	at org.apache.openejb.core.stateless.StatelessContainer.invoke(StatelessContainer.java:174)
	at org.apache.openejb.core.ivm.EjbObjectProxyHandler.businessMethod(EjbObjectProxyHandler.java:217)
	at org.apache.openejb.core.ivm.EjbObjectProxyHandler._invoke(EjbObjectProxyHandler.java:77)
	at org.apache.openejb.core.ivm.BaseEjbProxyHandler.invoke(BaseEjbProxyHandler.java:282)
	at $Proxy67.findAllOpen(Unknown Source)
	at bean.TaskLogic.getTasks(TaskLogic.java:44)
	at org.apache.jsp.main_jsp._jspService(main_jsp.java:93)
	at org.apache.jasper.runtime.HttpJspBase.service(HttpJspBase.java:70)
	at javax.servlet.http.HttpServlet.service(HttpServlet.java:717)
	at org.apache.jasper.servlet.JspServletWrapper.service(JspServletWrapper.java:377)
	at org.apache.jasper.servlet.JspServlet.serviceJspFile(JspServlet.java:313)
	at org.apache.jasper.servlet.JspServlet.service(JspServlet.java:260)
	at javax.servlet.http.HttpServlet.service(HttpServlet.java:717)
	at org.apache.catalina.core.ApplicationFilterChain.internalDoFilter(ApplicationFilterChain.java:290)
	at org.apache.catalina.core.ApplicationFilterChain.doFilter(ApplicationFilterChain.java:206)
	at org.apache.catalina.core.ApplicationDispatcher.invoke(ApplicationDispatcher.java:646)
	at org.apache.catalina.core.ApplicationDispatcher.processRequest(ApplicationDispatcher.java:436)
	at org.apache.catalina.core.ApplicationDispatcher.doForward(ApplicationDispatcher.java:374)
	at org.apache.catalina.core.ApplicationDispatcher.forward(ApplicationDispatcher.java:302)
	at LoginController.doPost(LoginController.java:136)
	at javax.servlet.http.HttpServlet.service(HttpServlet.java:637)
	at javax.servlet.http.HttpServlet.service(HttpServlet.java:717)
	at org.apache.catalina.core.ApplicationFilterChain.internalDoFilter(ApplicationFilterChain.java:290)
	at org.apache.catalina.core.ApplicationFilterChain.doFilter(ApplicationFilterChain.java:206)
	at org.apache.catalina.core.StandardWrapperValve.invoke(StandardWrapperValve.java:233)
	at org.apache.catalina.core.StandardContextValve.invoke(StandardContextValve.java:191)
	at org.apache.openejb.tomcat.catalina.OpenEJBValve.invoke(OpenEJBValve.java:45)
	at org.apache.catalina.core.StandardHostValve.invoke(StandardHostValve.java:127)
	at org.apache.catalina.valves.ErrorReportValve.invoke(ErrorReportValve.java:102)
	at org.apache.catalina.core.StandardEngineValve.invoke(StandardEngineValve.java:109)
	at org.apache.catalina.connector.CoyoteAdapter.service(CoyoteAdapter.java:298)
	at org.apache.coyote.http11.Http11Processor.process(Http11Processor.java:852)
	at org.apache.coyote.http11.Http11Protocol$Http11ConnectionHandler.process(Http11Protocol.java:588)
	at org.apache.tomcat.util.net.JIoEndpoint$Worker.run(JIoEndpoint.java:489)
	at java.lang.Thread.run(Thread.java:595)
2013-mar-02 13:20:15 org.apache.catalina.core.ApplicationContext log
INFO: SessionListener: contextDestroyed()
2013-mar-02 13:20:15 org.apache.catalina.core.ApplicationContext log
INFO: ContextListener: contextDestroyed()
2013-mar-02 13:20:31 org.apache.catalina.core.ApplicationContext log
INFO: ContextListener: contextInitialized()
2013-mar-02 13:20:31 org.apache.catalina.core.ApplicationContext log
INFO: SessionListener: contextInitialized()
2013-mar-02 13:20:42 org.apache.catalina.core.ApplicationDispatcher invoke
ALLVARLIG: Servlet.service() for servlet jsp threw exception
<openjpa-1.2.1-r752877:753278 nonfatal user error> org.apache.openjpa.persistence.ArgumentException: Filter invalid. Cannot compare field open of type boolean to value of type java.lang.Long. Numeric comparisons must be between numeric types only. To enable such comparisons for backwards-compatibility, add "QuotedNumbersInQueries=true" to the org.apache.openjpa.Compatibility setting in your configuration.
	at org.apache.openjpa.kernel.exps.AbstractExpressionBuilder.convertTypes(AbstractExpressionBuilder.java:407)
	at org.apache.openjpa.kernel.exps.AbstractExpressionBuilder.setImplicitTypes(AbstractExpressionBuilder.java:358)
	at org.apache.openjpa.kernel.jpql.JPQLExpressionBuilder.setImplicitTypes(JPQLExpressionBuilder.java:1146)
	at org.apache.openjpa.kernel.jpql.JPQLExpressionBuilder.eval(JPQLExpressionBuilder.java:775)
	at org.apache.openjpa.kernel.jpql.JPQLExpressionBuilder.getExpression(JPQLExpressionBuilder.java:1408)
	at org.apache.openjpa.kernel.jpql.JPQLExpressionBuilder.eval(JPQLExpressionBuilder.java:723)
	at org.apache.openjpa.kernel.jpql.JPQLExpressionBuilder.evalWhereClause(JPQLExpressionBuilder.java:498)
	at org.apache.openjpa.kernel.jpql.JPQLExpressionBuilder.getQueryExpressions(JPQLExpressionBuilder.java:273)
	at org.apache.openjpa.kernel.jpql.JPQLParser.eval(JPQLParser.java:62)
	at org.apache.openjpa.kernel.ExpressionStoreQuery$DataStoreExecutor.<init>(ExpressionStoreQuery.java:661)
	at org.apache.openjpa.kernel.ExpressionStoreQuery.newDataStoreExecutor(ExpressionStoreQuery.java:170)
	at org.apache.openjpa.kernel.QueryImpl.createExecutor(QueryImpl.java:734)
	at org.apache.openjpa.kernel.QueryImpl.compileForDataStore(QueryImpl.java:692)
	at org.apache.openjpa.kernel.QueryImpl.compileForExecutor(QueryImpl.java:674)
	at org.apache.openjpa.kernel.QueryImpl.getOperation(QueryImpl.java:1492)
	at org.apache.openjpa.kernel.DelegatingQuery.getOperation(DelegatingQuery.java:123)
	at org.apache.openjpa.persistence.QueryImpl.execute(QueryImpl.java:243)
	at org.apache.openjpa.persistence.QueryImpl.getResultList(QueryImpl.java:294)
	at ejb.TaskEJB.findAllOpen(TaskEJB.java:42)
	at sun.reflect.NativeMethodAccessorImpl.invoke0(Native Method)
	at sun.reflect.NativeMethodAccessorImpl.invoke(NativeMethodAccessorImpl.java:39)
	at sun.reflect.DelegatingMethodAccessorImpl.invoke(DelegatingMethodAccessorImpl.java:25)
	at java.lang.reflect.Method.invoke(Method.java:592)
	at org.apache.openejb.core.interceptor.ReflectionInvocationContext$Invocation.invoke(ReflectionInvocationContext.java:162)
	at org.apache.openejb.core.interceptor.ReflectionInvocationContext.proceed(ReflectionInvocationContext.java:144)
	at org.apache.openejb.monitoring.StatsInterceptor.record(StatsInterceptor.java:164)
	at org.apache.openejb.monitoring.StatsInterceptor.invoke(StatsInterceptor.java:92)
	at sun.reflect.NativeMethodAccessorImpl.invoke0(Native Method)
	at sun.reflect.NativeMethodAccessorImpl.invoke(NativeMethodAccessorImpl.java:39)
	at sun.reflect.DelegatingMethodAccessorImpl.invoke(DelegatingMethodAccessorImpl.java:25)
	at java.lang.reflect.Method.invoke(Method.java:592)
	at org.apache.openejb.core.interceptor.ReflectionInvocationContext$Invocation.invoke(ReflectionInvocationContext.java:162)
	at org.apache.openejb.core.interceptor.ReflectionInvocationContext.proceed(ReflectionInvocationContext.java:144)
	at org.apache.openejb.core.interceptor.InterceptorStack.invoke(InterceptorStack.java:122)
	at org.apache.openejb.core.stateless.StatelessContainer._invoke(StatelessContainer.java:221)
	at org.apache.openejb.core.stateless.StatelessContainer.invoke(StatelessContainer.java:174)
	at org.apache.openejb.core.ivm.EjbObjectProxyHandler.businessMethod(EjbObjectProxyHandler.java:217)
	at org.apache.openejb.core.ivm.EjbObjectProxyHandler._invoke(EjbObjectProxyHandler.java:77)
	at org.apache.openejb.core.ivm.BaseEjbProxyHandler.invoke(BaseEjbProxyHandler.java:282)
	at $Proxy67.findAllOpen(Unknown Source)
	at bean.TaskLogic.getTasks(TaskLogic.java:44)
	at org.apache.jsp.main_jsp._jspService(main_jsp.java:93)
	at org.apache.jasper.runtime.HttpJspBase.service(HttpJspBase.java:70)
	at javax.servlet.http.HttpServlet.service(HttpServlet.java:717)
	at org.apache.jasper.servlet.JspServletWrapper.service(JspServletWrapper.java:377)
	at org.apache.jasper.servlet.JspServlet.serviceJspFile(JspServlet.java:313)
	at org.apache.jasper.servlet.JspServlet.service(JspServlet.java:260)
	at javax.servlet.http.HttpServlet.service(HttpServlet.java:717)
	at org.apache.catalina.core.ApplicationFilterChain.internalDoFilter(ApplicationFilterChain.java:290)
	at org.apache.catalina.core.ApplicationFilterChain.doFilter(ApplicationFilterChain.java:206)
	at org.apache.catalina.core.ApplicationDispatcher.invoke(ApplicationDispatcher.java:646)
	at org.apache.catalina.core.ApplicationDispatcher.processRequest(ApplicationDispatcher.java:436)
	at org.apache.catalina.core.ApplicationDispatcher.doForward(ApplicationDispatcher.java:374)
	at org.apache.catalina.core.ApplicationDispatcher.forward(ApplicationDispatcher.java:302)
	at LoginController.doPost(LoginController.java:136)
	at javax.servlet.http.HttpServlet.service(HttpServlet.java:637)
	at javax.servlet.http.HttpServlet.service(HttpServlet.java:717)
	at org.apache.catalina.core.ApplicationFilterChain.internalDoFilter(ApplicationFilterChain.java:290)
	at org.apache.catalina.core.ApplicationFilterChain.doFilter(ApplicationFilterChain.java:206)
	at org.apache.catalina.core.StandardWrapperValve.invoke(StandardWrapperValve.java:233)
	at org.apache.catalina.core.StandardContextValve.invoke(StandardContextValve.java:191)
	at org.apache.openejb.tomcat.catalina.OpenEJBValve.invoke(OpenEJBValve.java:45)
	at org.apache.catalina.core.StandardHostValve.invoke(StandardHostValve.java:127)
	at org.apache.catalina.valves.ErrorReportValve.invoke(ErrorReportValve.java:102)
	at org.apache.catalina.core.StandardEngineValve.invoke(StandardEngineValve.java:109)
	at org.apache.catalina.connector.CoyoteAdapter.service(CoyoteAdapter.java:298)
	at org.apache.coyote.http11.Http11Processor.process(Http11Processor.java:852)
	at org.apache.coyote.http11.Http11Protocol$Http11ConnectionHandler.process(Http11Protocol.java:588)
	at org.apache.tomcat.util.net.JIoEndpoint$Worker.run(JIoEndpoint.java:489)
	at java.lang.Thread.run(Thread.java:595)
2013-mar-02 13:21:44 org.apache.catalina.core.ApplicationContext log
INFO: SessionListener: contextDestroyed()
2013-mar-02 13:21:44 org.apache.catalina.core.ApplicationContext log
INFO: ContextListener: contextDestroyed()
2013-mar-02 13:22:01 org.apache.catalina.core.ApplicationContext log
INFO: ContextListener: contextInitialized()
2013-mar-02 13:22:01 org.apache.catalina.core.ApplicationContext log
INFO: SessionListener: contextInitialized()
2013-mar-02 13:22:14 org.apache.catalina.core.ApplicationDispatcher invoke
ALLVARLIG: Servlet.service() for servlet jsp threw exception
<openjpa-1.2.1-r752877:753278 nonfatal user error> org.apache.openjpa.persistence.ArgumentException: Encountered "t . open IS \'true\'" at character 42, but expected: ["(", "*", "+", "-", ".", "/", ":", "<", "<=", "<>", "=", ">", ">=", "?", "ABS", "ALL", "AND", "ANY", "AS", "ASC", "AVG", "BETWEEN", "BOTH", "BY", "CONCAT", "COUNT", "CURRENT_DATE", "CURRENT_TIME", "CURRENT_TIMESTAMP", "DELETE", "DESC", "DISTINCT", "EMPTY", "ESCAPE", "EXISTS", "FETCH", "FROM", "GROUP", "HAVING", "IN", "INNER", "IS", "JOIN", "LEADING", "LEFT", "LENGTH", "LIKE", "LOCATE", "LOWER", "MAX", "MEMBER", "MIN", "MOD", "NEW", "NOT", "NULL", "OBJECT", "OF", "OR", "ORDER", "OUTER", "SELECT", "SET", "SIZE", "SOME", "SQRT", "SUBSTRING", "SUM", "TRAILING", "TRIM", "UPDATE", "UPPER", "WHERE", <DECIMAL_LITERAL>, <IDENTIFIER>, <INTEGER_LITERAL>, <STRING_LITERAL>].
	at org.apache.openjpa.kernel.jpql.JPQL.generateParseException(JPQL.java:9501)
	at org.apache.openjpa.kernel.jpql.JPQL.jj_consume_token(JPQL.java:9378)
	at org.apache.openjpa.kernel.jpql.JPQL.conditional_primary(JPQL.java:1947)
	at org.apache.openjpa.kernel.jpql.JPQL.conditional_factor(JPQL.java:1925)
	at org.apache.openjpa.kernel.jpql.JPQL.conditional_term(JPQL.java:1791)
	at org.apache.openjpa.kernel.jpql.JPQL.conditional_expression(JPQL.java:1753)
	at org.apache.openjpa.kernel.jpql.JPQL.where_clause(JPQL.java:1556)
	at org.apache.openjpa.kernel.jpql.JPQL.select_statement(JPQL.java:91)
	at org.apache.openjpa.kernel.jpql.JPQL.parseQuery(JPQL.java:63)
	at org.apache.openjpa.kernel.jpql.JPQLExpressionBuilder$ParsedJPQL.parse(JPQLExpressionBuilder.java:1740)
	at org.apache.openjpa.kernel.jpql.JPQLExpressionBuilder$ParsedJPQL.<init>(JPQLExpressionBuilder.java:1727)
	at org.apache.openjpa.kernel.jpql.JPQLParser.parse(JPQLParser.java:48)
	at org.apache.openjpa.kernel.ExpressionStoreQuery.newCompilation(ExpressionStoreQuery.java:149)
	at org.apache.openjpa.kernel.QueryImpl.newCompilation(QueryImpl.java:657)
	at org.apache.openjpa.kernel.QueryImpl.compilationFromCache(QueryImpl.java:639)
	at org.apache.openjpa.kernel.QueryImpl.compileForCompilation(QueryImpl.java:605)
	at org.apache.openjpa.kernel.QueryImpl.compileForExecutor(QueryImpl.java:667)
	at org.apache.openjpa.kernel.QueryImpl.getOperation(QueryImpl.java:1492)
	at org.apache.openjpa.kernel.DelegatingQuery.getOperation(DelegatingQuery.java:123)
	at org.apache.openjpa.persistence.QueryImpl.execute(QueryImpl.java:243)
	at org.apache.openjpa.persistence.QueryImpl.getResultList(QueryImpl.java:294)
	at ejb.TaskEJB.findAllOpen(TaskEJB.java:42)
	at sun.reflect.NativeMethodAccessorImpl.invoke0(Native Method)
	at sun.reflect.NativeMethodAccessorImpl.invoke(NativeMethodAccessorImpl.java:39)
	at sun.reflect.DelegatingMethodAccessorImpl.invoke(DelegatingMethodAccessorImpl.java:25)
	at java.lang.reflect.Method.invoke(Method.java:592)
	at org.apache.openejb.core.interceptor.ReflectionInvocationContext$Invocation.invoke(ReflectionInvocationContext.java:162)
	at org.apache.openejb.core.interceptor.ReflectionInvocationContext.proceed(ReflectionInvocationContext.java:144)
	at org.apache.openejb.monitoring.StatsInterceptor.record(StatsInterceptor.java:164)
	at org.apache.openejb.monitoring.StatsInterceptor.invoke(StatsInterceptor.java:92)
	at sun.reflect.NativeMethodAccessorImpl.invoke0(Native Method)
	at sun.reflect.NativeMethodAccessorImpl.invoke(NativeMethodAccessorImpl.java:39)
	at sun.reflect.DelegatingMethodAccessorImpl.invoke(DelegatingMethodAccessorImpl.java:25)
	at java.lang.reflect.Method.invoke(Method.java:592)
	at org.apache.openejb.core.interceptor.ReflectionInvocationContext$Invocation.invoke(ReflectionInvocationContext.java:162)
	at org.apache.openejb.core.interceptor.ReflectionInvocationContext.proceed(ReflectionInvocationContext.java:144)
	at org.apache.openejb.core.interceptor.InterceptorStack.invoke(InterceptorStack.java:122)
	at org.apache.openejb.core.stateless.StatelessContainer._invoke(StatelessContainer.java:221)
	at org.apache.openejb.core.stateless.StatelessContainer.invoke(StatelessContainer.java:174)
	at org.apache.openejb.core.ivm.EjbObjectProxyHandler.businessMethod(EjbObjectProxyHandler.java:217)
	at org.apache.openejb.core.ivm.EjbObjectProxyHandler._invoke(EjbObjectProxyHandler.java:77)
	at org.apache.openejb.core.ivm.BaseEjbProxyHandler.invoke(BaseEjbProxyHandler.java:282)
	at $Proxy67.findAllOpen(Unknown Source)
	at bean.TaskLogic.getTasks(TaskLogic.java:44)
	at org.apache.jsp.main_jsp._jspService(main_jsp.java:93)
	at org.apache.jasper.runtime.HttpJspBase.service(HttpJspBase.java:70)
	at javax.servlet.http.HttpServlet.service(HttpServlet.java:717)
	at org.apache.jasper.servlet.JspServletWrapper.service(JspServletWrapper.java:377)
	at org.apache.jasper.servlet.JspServlet.serviceJspFile(JspServlet.java:313)
	at org.apache.jasper.servlet.JspServlet.service(JspServlet.java:260)
	at javax.servlet.http.HttpServlet.service(HttpServlet.java:717)
	at org.apache.catalina.core.ApplicationFilterChain.internalDoFilter(ApplicationFilterChain.java:290)
	at org.apache.catalina.core.ApplicationFilterChain.doFilter(ApplicationFilterChain.java:206)
	at org.apache.catalina.core.ApplicationDispatcher.invoke(ApplicationDispatcher.java:646)
	at org.apache.catalina.core.ApplicationDispatcher.processRequest(ApplicationDispatcher.java:436)
	at org.apache.catalina.core.ApplicationDispatcher.doForward(ApplicationDispatcher.java:374)
	at org.apache.catalina.core.ApplicationDispatcher.forward(ApplicationDispatcher.java:302)
	at LoginController.doPost(LoginController.java:136)
	at javax.servlet.http.HttpServlet.service(HttpServlet.java:637)
	at javax.servlet.http.HttpServlet.service(HttpServlet.java:717)
	at org.apache.catalina.core.ApplicationFilterChain.internalDoFilter(ApplicationFilterChain.java:290)
	at org.apache.catalina.core.ApplicationFilterChain.doFilter(ApplicationFilterChain.java:206)
	at org.apache.catalina.core.StandardWrapperValve.invoke(StandardWrapperValve.java:233)
	at org.apache.catalina.core.StandardContextValve.invoke(StandardContextValve.java:191)
	at org.apache.openejb.tomcat.catalina.OpenEJBValve.invoke(OpenEJBValve.java:45)
	at org.apache.catalina.core.StandardHostValve.invoke(StandardHostValve.java:127)
	at org.apache.catalina.valves.ErrorReportValve.invoke(ErrorReportValve.java:102)
	at org.apache.catalina.core.StandardEngineValve.invoke(StandardEngineValve.java:109)
	at org.apache.catalina.connector.CoyoteAdapter.service(CoyoteAdapter.java:298)
	at org.apache.coyote.http11.Http11Processor.process(Http11Processor.java:852)
	at org.apache.coyote.http11.Http11Protocol$Http11ConnectionHandler.process(Http11Protocol.java:588)
	at org.apache.tomcat.util.net.JIoEndpoint$Worker.run(JIoEndpoint.java:489)
	at java.lang.Thread.run(Thread.java:595)
2013-mar-02 13:25:03 org.apache.catalina.core.ApplicationContext log
INFO: SessionListener: contextDestroyed()
2013-mar-02 13:25:03 org.apache.catalina.core.ApplicationContext log
INFO: ContextListener: contextDestroyed()
2013-mar-02 13:26:04 org.apache.catalina.core.ApplicationContext log
INFO: ContextListener: contextInitialized()
2013-mar-02 13:26:04 org.apache.catalina.core.ApplicationContext log
INFO: SessionListener: contextInitialized()
2013-mar-02 13:32:16 org.apache.catalina.core.ApplicationContext log
INFO: SessionListener: contextDestroyed()
2013-mar-02 13:32:16 org.apache.catalina.core.ApplicationContext log
INFO: ContextListener: contextDestroyed()
2013-mar-02 13:32:42 org.apache.catalina.core.ApplicationContext log
INFO: ContextListener: contextInitialized()
2013-mar-02 13:32:42 org.apache.catalina.core.ApplicationContext log
INFO: SessionListener: contextInitialized()
2013-mar-02 13:34:11 org.apache.catalina.core.ApplicationContext log
INFO: SessionListener: contextDestroyed()
2013-mar-02 13:34:11 org.apache.catalina.core.ApplicationContext log
INFO: ContextListener: contextDestroyed()
2013-mar-02 13:34:39 org.apache.catalina.core.ApplicationContext log
INFO: ContextListener: contextInitialized()
2013-mar-02 13:34:39 org.apache.catalina.core.ApplicationContext log
INFO: SessionListener: contextInitialized()
2013-mar-02 14:59:25 org.apache.catalina.core.ApplicationContext log
INFO: SessionListener: contextDestroyed()
2013-mar-02 14:59:25 org.apache.catalina.core.ApplicationContext log
INFO: ContextListener: contextDestroyed()
2013-mar-02 15:02:59 org.apache.catalina.core.ApplicationContext log
INFO: ContextListener: contextInitialized()
2013-mar-02 15:02:59 org.apache.catalina.core.ApplicationContext log
INFO: SessionListener: contextInitialized()
2013-mar-02 15:03:45 org.apache.catalina.core.ApplicationDispatcher invoke
ALLVARLIG: Servlet.service() for servlet jsp threw exception
org.apache.jasper.JasperException: Unable to compile class for JSP: 

An error occurred at line: 8 in the jsp file: /employer.jsp
ejb.EmplyerEntity cannot be resolved to a type
5: 	<jsp:forward page="/start.html" />
6: <%}
7: else{
8: 	ee = ((ejb.EmplyerEntity)request.getSession().getAttribute("user"));
9: 	if(e.getOrganisation.equals("")){
10: 		name = ee.getOrganisation();
11: 	}


An error occurred at line: 9 in the jsp file: /employer.jsp
e.getOrganisation cannot be resolved to a type
6: <%}
7: else{
8: 	ee = ((ejb.EmplyerEntity)request.getSession().getAttribute("user"));
9: 	if(e.getOrganisation.equals("")){
10: 		name = ee.getOrganisation();
11: 	}
12: 	else{


An error occurred at line: 113 in the generated java file
Syntax error, insert "}" to complete Block

An error occurred at line: 123 in the generated java file
Syntax error on token "}", delete this token

An error occurred at line: 124 in the generated java file
Syntax error, insert "}" to complete ClassBody

Stacktrace:
	at org.apache.jasper.compiler.DefaultErrorHandler.javacError(DefaultErrorHandler.java:92)
	at org.apache.jasper.compiler.ErrorDispatcher.javacError(ErrorDispatcher.java:330)
	at org.apache.jasper.compiler.JDTCompiler.generateClass(JDTCompiler.java:439)
	at org.apache.jasper.compiler.Compiler.compile(Compiler.java:349)
	at org.apache.jasper.compiler.Compiler.compile(Compiler.java:327)
	at org.apache.jasper.compiler.Compiler.compile(Compiler.java:314)
	at org.apache.jasper.JspCompilationContext.compile(JspCompilationContext.java:589)
	at org.apache.jasper.servlet.JspServletWrapper.service(JspServletWrapper.java:317)
	at org.apache.jasper.servlet.JspServlet.serviceJspFile(JspServlet.java:313)
	at org.apache.jasper.servlet.JspServlet.service(JspServlet.java:260)
	at javax.servlet.http.HttpServlet.service(HttpServlet.java:717)
	at org.apache.catalina.core.ApplicationFilterChain.internalDoFilter(ApplicationFilterChain.java:290)
	at org.apache.catalina.core.ApplicationFilterChain.doFilter(ApplicationFilterChain.java:206)
	at org.apache.catalina.core.ApplicationDispatcher.invoke(ApplicationDispatcher.java:646)
	at org.apache.catalina.core.ApplicationDispatcher.processRequest(ApplicationDispatcher.java:436)
	at org.apache.catalina.core.ApplicationDispatcher.doForward(ApplicationDispatcher.java:374)
	at org.apache.catalina.core.ApplicationDispatcher.forward(ApplicationDispatcher.java:302)
	at LoginController.doPost(LoginController.java:136)
	at javax.servlet.http.HttpServlet.service(HttpServlet.java:637)
	at javax.servlet.http.HttpServlet.service(HttpServlet.java:717)
	at org.apache.catalina.core.ApplicationFilterChain.internalDoFilter(ApplicationFilterChain.java:290)
	at org.apache.catalina.core.ApplicationFilterChain.doFilter(ApplicationFilterChain.java:206)
	at org.apache.catalina.core.StandardWrapperValve.invoke(StandardWrapperValve.java:233)
	at org.apache.catalina.core.StandardContextValve.invoke(StandardContextValve.java:191)
	at org.apache.openejb.tomcat.catalina.OpenEJBValve.invoke(OpenEJBValve.java:45)
	at org.apache.catalina.core.StandardHostValve.invoke(StandardHostValve.java:127)
	at org.apache.catalina.valves.ErrorReportValve.invoke(ErrorReportValve.java:102)
	at org.apache.catalina.core.StandardEngineValve.invoke(StandardEngineValve.java:109)
	at org.apache.catalina.connector.CoyoteAdapter.service(CoyoteAdapter.java:298)
	at org.apache.coyote.http11.Http11Processor.process(Http11Processor.java:852)
	at org.apache.coyote.http11.Http11Protocol$Http11ConnectionHandler.process(Http11Protocol.java:588)
	at org.apache.tomcat.util.net.JIoEndpoint$Worker.run(JIoEndpoint.java:489)
	at java.lang.Thread.run(Thread.java:595)
2013-mar-02 15:08:22 org.apache.catalina.core.ApplicationDispatcher invoke
ALLVARLIG: Servlet.service() for servlet jsp threw exception
org.apache.jasper.JasperException: Unable to compile class for JSP: 

An error occurred at line: 9 in the jsp file: /employer.jsp
e.getOrganisation cannot be resolved to a type
6: <%}
7: else{
8: 	ee = ((ejb.EmployerEntity)request.getSession().getAttribute("user"));
9: 	if(e.getOrganisation.equals("")){
10: 		name = ee.getOrganisation();
11: 	}
12: 	else{


An error occurred at line: 113 in the generated java file
Syntax error, insert "}" to complete Block

An error occurred at line: 123 in the generated java file
Syntax error on token "}", delete this token

An error occurred at line: 124 in the generated java file
Syntax error, insert "}" to complete ClassBody

Stacktrace:
	at org.apache.jasper.compiler.DefaultErrorHandler.javacError(DefaultErrorHandler.java:92)
	at org.apache.jasper.compiler.ErrorDispatcher.javacError(ErrorDispatcher.java:330)
	at org.apache.jasper.compiler.JDTCompiler.generateClass(JDTCompiler.java:439)
	at org.apache.jasper.compiler.Compiler.compile(Compiler.java:349)
	at org.apache.jasper.compiler.Compiler.compile(Compiler.java:327)
	at org.apache.jasper.compiler.Compiler.compile(Compiler.java:314)
	at org.apache.jasper.JspCompilationContext.compile(JspCompilationContext.java:589)
	at org.apache.jasper.servlet.JspServletWrapper.service(JspServletWrapper.java:317)
	at org.apache.jasper.servlet.JspServlet.serviceJspFile(JspServlet.java:313)
	at org.apache.jasper.servlet.JspServlet.service(JspServlet.java:260)
	at javax.servlet.http.HttpServlet.service(HttpServlet.java:717)
	at org.apache.catalina.core.ApplicationFilterChain.internalDoFilter(ApplicationFilterChain.java:290)
	at org.apache.catalina.core.ApplicationFilterChain.doFilter(ApplicationFilterChain.java:206)
	at org.apache.catalina.core.ApplicationDispatcher.invoke(ApplicationDispatcher.java:646)
	at org.apache.catalina.core.ApplicationDispatcher.processRequest(ApplicationDispatcher.java:436)
	at org.apache.catalina.core.ApplicationDispatcher.doForward(ApplicationDispatcher.java:374)
	at org.apache.catalina.core.ApplicationDispatcher.forward(ApplicationDispatcher.java:302)
	at LoginController.doPost(LoginController.java:136)
	at javax.servlet.http.HttpServlet.service(HttpServlet.java:637)
	at javax.servlet.http.HttpServlet.service(HttpServlet.java:717)
	at org.apache.catalina.core.ApplicationFilterChain.internalDoFilter(ApplicationFilterChain.java:290)
	at org.apache.catalina.core.ApplicationFilterChain.doFilter(ApplicationFilterChain.java:206)
	at org.apache.catalina.core.StandardWrapperValve.invoke(StandardWrapperValve.java:233)
	at org.apache.catalina.core.StandardContextValve.invoke(StandardContextValve.java:191)
	at org.apache.openejb.tomcat.catalina.OpenEJBValve.invoke(OpenEJBValve.java:45)
	at org.apache.catalina.core.StandardHostValve.invoke(StandardHostValve.java:127)
	at org.apache.catalina.valves.ErrorReportValve.invoke(ErrorReportValve.java:102)
	at org.apache.catalina.core.StandardEngineValve.invoke(StandardEngineValve.java:109)
	at org.apache.catalina.connector.CoyoteAdapter.service(CoyoteAdapter.java:298)
	at org.apache.coyote.http11.Http11Processor.process(Http11Processor.java:852)
	at org.apache.coyote.http11.Http11Protocol$Http11ConnectionHandler.process(Http11Protocol.java:588)
	at org.apache.tomcat.util.net.JIoEndpoint$Worker.run(JIoEndpoint.java:489)
	at java.lang.Thread.run(Thread.java:595)
2013-mar-02 15:11:42 org.apache.catalina.core.ApplicationContext log
INFO: SessionListener: contextDestroyed()
2013-mar-02 15:11:42 org.apache.catalina.core.ApplicationContext log
INFO: ContextListener: contextDestroyed()
2013-mar-02 15:11:59 org.apache.catalina.core.ApplicationContext log
INFO: ContextListener: contextInitialized()
2013-mar-02 15:11:59 org.apache.catalina.core.ApplicationContext log
INFO: SessionListener: contextInitialized()
2013-mar-02 15:23:30 org.apache.catalina.core.ApplicationContext log
INFO: SessionListener: contextDestroyed()
2013-mar-02 15:23:30 org.apache.catalina.core.ApplicationContext log
INFO: ContextListener: contextDestroyed()
2013-mar-02 15:23:50 org.apache.catalina.core.ApplicationContext log
INFO: ContextListener: contextInitialized()
2013-mar-02 15:23:50 org.apache.catalina.core.ApplicationContext log
INFO: SessionListener: contextInitialized()
2013-mar-02 15:24:26 org.apache.catalina.core.ApplicationDispatcher invoke
ALLVARLIG: Servlet.service() for servlet jsp threw exception
org.apache.jasper.JasperException: Unable to compile class for JSP: 

An error occurred at line: 9 in the jsp file: /employer.jsp
e.getOrganisation cannot be resolved to a type
6: <%}
7: else{
8: 	ee = ((ejb.EmployerEntity)request.getSession().getAttribute("user"));
9: 	if(e.getOrganisation.equals("")){
10: 		name = ee.getOrganisation();
11: 	}
12: 	else{


An error occurred at line: 113 in the generated java file
Syntax error, insert "}" to complete Block

An error occurred at line: 123 in the generated java file
Syntax error on token "}", delete this token

An error occurred at line: 124 in the generated java file
Syntax error, insert "}" to complete ClassBody

Stacktrace:
	at org.apache.jasper.compiler.DefaultErrorHandler.javacError(DefaultErrorHandler.java:92)
	at org.apache.jasper.compiler.ErrorDispatcher.javacError(ErrorDispatcher.java:330)
	at org.apache.jasper.compiler.JDTCompiler.generateClass(JDTCompiler.java:439)
	at org.apache.jasper.compiler.Compiler.compile(Compiler.java:349)
	at org.apache.jasper.compiler.Compiler.compile(Compiler.java:327)
	at org.apache.jasper.compiler.Compiler.compile(Compiler.java:314)
	at org.apache.jasper.JspCompilationContext.compile(JspCompilationContext.java:589)
	at org.apache.jasper.servlet.JspServletWrapper.service(JspServletWrapper.java:317)
	at org.apache.jasper.servlet.JspServlet.serviceJspFile(JspServlet.java:313)
	at org.apache.jasper.servlet.JspServlet.service(JspServlet.java:260)
	at javax.servlet.http.HttpServlet.service(HttpServlet.java:717)
	at org.apache.catalina.core.ApplicationFilterChain.internalDoFilter(ApplicationFilterChain.java:290)
	at org.apache.catalina.core.ApplicationFilterChain.doFilter(ApplicationFilterChain.java:206)
	at org.apache.catalina.core.ApplicationDispatcher.invoke(ApplicationDispatcher.java:646)
	at org.apache.catalina.core.ApplicationDispatcher.processRequest(ApplicationDispatcher.java:436)
	at org.apache.catalina.core.ApplicationDispatcher.doForward(ApplicationDispatcher.java:374)
	at org.apache.catalina.core.ApplicationDispatcher.forward(ApplicationDispatcher.java:302)
	at LoginController.doPost(LoginController.java:136)
	at javax.servlet.http.HttpServlet.service(HttpServlet.java:637)
	at javax.servlet.http.HttpServlet.service(HttpServlet.java:717)
	at org.apache.catalina.core.ApplicationFilterChain.internalDoFilter(ApplicationFilterChain.java:290)
	at org.apache.catalina.core.ApplicationFilterChain.doFilter(ApplicationFilterChain.java:206)
	at org.apache.catalina.core.StandardWrapperValve.invoke(StandardWrapperValve.java:233)
	at org.apache.catalina.core.StandardContextValve.invoke(StandardContextValve.java:191)
	at org.apache.openejb.tomcat.catalina.OpenEJBValve.invoke(OpenEJBValve.java:45)
	at org.apache.catalina.core.StandardHostValve.invoke(StandardHostValve.java:127)
	at org.apache.catalina.valves.ErrorReportValve.invoke(ErrorReportValve.java:102)
	at org.apache.catalina.core.StandardEngineValve.invoke(StandardEngineValve.java:109)
	at org.apache.catalina.connector.CoyoteAdapter.service(CoyoteAdapter.java:298)
	at org.apache.coyote.http11.Http11Processor.process(Http11Processor.java:852)
	at org.apache.coyote.http11.Http11Protocol$Http11ConnectionHandler.process(Http11Protocol.java:588)
	at org.apache.tomcat.util.net.JIoEndpoint$Worker.run(JIoEndpoint.java:489)
	at java.lang.Thread.run(Thread.java:595)
2013-mar-02 15:25:15 org.apache.catalina.core.ApplicationDispatcher invoke
ALLVARLIG: Servlet.service() for servlet jsp threw exception
org.apache.jasper.JasperException: Unable to compile class for JSP: 

An error occurred at line: 9 in the jsp file: /employer.jsp
ee.getOrganisation cannot be resolved or is not a field
6: <%}
7: else{
8: 	ee = ((ejb.EmployerEntity)request.getSession().getAttribute("user"));
9: 	if(ee.getOrganisation.equals("")){
10: 		name = ee.getOrganisation();
11: 	}
12: 	else{


An error occurred at line: 113 in the generated java file
Syntax error, insert "}" to complete Block

An error occurred at line: 123 in the generated java file
Syntax error on token "}", delete this token

An error occurred at line: 124 in the generated java file
Syntax error, insert "}" to complete ClassBody

Stacktrace:
	at org.apache.jasper.compiler.DefaultErrorHandler.javacError(DefaultErrorHandler.java:92)
	at org.apache.jasper.compiler.ErrorDispatcher.javacError(ErrorDispatcher.java:330)
	at org.apache.jasper.compiler.JDTCompiler.generateClass(JDTCompiler.java:439)
	at org.apache.jasper.compiler.Compiler.compile(Compiler.java:349)
	at org.apache.jasper.compiler.Compiler.compile(Compiler.java:327)
	at org.apache.jasper.compiler.Compiler.compile(Compiler.java:314)
	at org.apache.jasper.JspCompilationContext.compile(JspCompilationContext.java:589)
	at org.apache.jasper.servlet.JspServletWrapper.service(JspServletWrapper.java:317)
	at org.apache.jasper.servlet.JspServlet.serviceJspFile(JspServlet.java:313)
	at org.apache.jasper.servlet.JspServlet.service(JspServlet.java:260)
	at javax.servlet.http.HttpServlet.service(HttpServlet.java:717)
	at org.apache.catalina.core.ApplicationFilterChain.internalDoFilter(ApplicationFilterChain.java:290)
	at org.apache.catalina.core.ApplicationFilterChain.doFilter(ApplicationFilterChain.java:206)
	at org.apache.catalina.core.ApplicationDispatcher.invoke(ApplicationDispatcher.java:646)
	at org.apache.catalina.core.ApplicationDispatcher.processRequest(ApplicationDispatcher.java:436)
	at org.apache.catalina.core.ApplicationDispatcher.doForward(ApplicationDispatcher.java:374)
	at org.apache.catalina.core.ApplicationDispatcher.forward(ApplicationDispatcher.java:302)
	at LoginController.doPost(LoginController.java:136)
	at javax.servlet.http.HttpServlet.service(HttpServlet.java:637)
	at javax.servlet.http.HttpServlet.service(HttpServlet.java:717)
	at org.apache.catalina.core.ApplicationFilterChain.internalDoFilter(ApplicationFilterChain.java:290)
	at org.apache.catalina.core.ApplicationFilterChain.doFilter(ApplicationFilterChain.java:206)
	at org.apache.catalina.core.StandardWrapperValve.invoke(StandardWrapperValve.java:233)
	at org.apache.catalina.core.StandardContextValve.invoke(StandardContextValve.java:191)
	at org.apache.openejb.tomcat.catalina.OpenEJBValve.invoke(OpenEJBValve.java:45)
	at org.apache.catalina.core.StandardHostValve.invoke(StandardHostValve.java:127)
	at org.apache.catalina.valves.ErrorReportValve.invoke(ErrorReportValve.java:102)
	at org.apache.catalina.core.StandardEngineValve.invoke(StandardEngineValve.java:109)
	at org.apache.catalina.connector.CoyoteAdapter.service(CoyoteAdapter.java:298)
	at org.apache.coyote.http11.Http11Processor.process(Http11Processor.java:852)
	at org.apache.coyote.http11.Http11Protocol$Http11ConnectionHandler.process(Http11Protocol.java:588)
	at org.apache.tomcat.util.net.JIoEndpoint$Worker.run(JIoEndpoint.java:489)
	at java.lang.Thread.run(Thread.java:595)
2013-mar-02 15:25:46 org.apache.catalina.core.ApplicationDispatcher invoke
ALLVARLIG: Servlet.service() for servlet jsp threw exception
org.apache.jasper.JasperException: Unable to compile class for JSP: 

An error occurred at line: 113 in the generated java file
Syntax error, insert "}" to complete Block

An error occurred at line: 123 in the generated java file
Syntax error on token "}", delete this token

An error occurred at line: 124 in the generated java file
Syntax error, insert "}" to complete ClassBody

Stacktrace:
	at org.apache.jasper.compiler.DefaultErrorHandler.javacError(DefaultErrorHandler.java:92)
	at org.apache.jasper.compiler.ErrorDispatcher.javacError(ErrorDispatcher.java:330)
	at org.apache.jasper.compiler.JDTCompiler.generateClass(JDTCompiler.java:439)
	at org.apache.jasper.compiler.Compiler.compile(Compiler.java:349)
	at org.apache.jasper.compiler.Compiler.compile(Compiler.java:327)
	at org.apache.jasper.compiler.Compiler.compile(Compiler.java:314)
	at org.apache.jasper.JspCompilationContext.compile(JspCompilationContext.java:589)
	at org.apache.jasper.servlet.JspServletWrapper.service(JspServletWrapper.java:317)
	at org.apache.jasper.servlet.JspServlet.serviceJspFile(JspServlet.java:313)
	at org.apache.jasper.servlet.JspServlet.service(JspServlet.java:260)
	at javax.servlet.http.HttpServlet.service(HttpServlet.java:717)
	at org.apache.catalina.core.ApplicationFilterChain.internalDoFilter(ApplicationFilterChain.java:290)
	at org.apache.catalina.core.ApplicationFilterChain.doFilter(ApplicationFilterChain.java:206)
	at org.apache.catalina.core.ApplicationDispatcher.invoke(ApplicationDispatcher.java:646)
	at org.apache.catalina.core.ApplicationDispatcher.processRequest(ApplicationDispatcher.java:436)
	at org.apache.catalina.core.ApplicationDispatcher.doForward(ApplicationDispatcher.java:374)
	at org.apache.catalina.core.ApplicationDispatcher.forward(ApplicationDispatcher.java:302)
	at LoginController.doPost(LoginController.java:136)
	at javax.servlet.http.HttpServlet.service(HttpServlet.java:637)
	at javax.servlet.http.HttpServlet.service(HttpServlet.java:717)
	at org.apache.catalina.core.ApplicationFilterChain.internalDoFilter(ApplicationFilterChain.java:290)
	at org.apache.catalina.core.ApplicationFilterChain.doFilter(ApplicationFilterChain.java:206)
	at org.apache.catalina.core.StandardWrapperValve.invoke(StandardWrapperValve.java:233)
	at org.apache.catalina.core.StandardContextValve.invoke(StandardContextValve.java:191)
	at org.apache.openejb.tomcat.catalina.OpenEJBValve.invoke(OpenEJBValve.java:45)
	at org.apache.catalina.core.StandardHostValve.invoke(StandardHostValve.java:127)
	at org.apache.catalina.valves.ErrorReportValve.invoke(ErrorReportValve.java:102)
	at org.apache.catalina.core.StandardEngineValve.invoke(StandardEngineValve.java:109)
	at org.apache.catalina.connector.CoyoteAdapter.service(CoyoteAdapter.java:298)
	at org.apache.coyote.http11.Http11Processor.process(Http11Processor.java:852)
	at org.apache.coyote.http11.Http11Protocol$Http11ConnectionHandler.process(Http11Protocol.java:588)
	at org.apache.tomcat.util.net.JIoEndpoint$Worker.run(JIoEndpoint.java:489)
	at java.lang.Thread.run(Thread.java:595)
2013-mar-02 16:35:52 org.apache.catalina.core.ApplicationContext log
INFO: SessionListener: contextDestroyed()
2013-mar-02 16:35:52 org.apache.catalina.core.ApplicationContext log
INFO: ContextListener: contextDestroyed()
