2013-mar-11 19:53:57 org.apache.catalina.core.ApplicationContext log
INFO: ContextListener: contextInitialized()
2013-mar-11 19:53:57 org.apache.catalina.core.ApplicationContext log
INFO: SessionListener: contextInitialized()
2013-mar-11 19:54:19 org.apache.catalina.core.ApplicationDispatcher invoke
ALLVARLIG: Servlet.service() for servlet jsp threw exception
org.apache.jasper.JasperException: Unable to compile class for JSP: 

An error occurred at line: 7 in the jsp file: /employer.jsp
The method getParameter(String) is undefined for the type HttpSession
4: if(request.getSession(false) == null){%>
5: 	<jsp:forward page="/start.html" />
6: <%}
7: if(request.getSession().getParameter("type").equals("Student")){%>
8: 	<jsp:forward page="/main.jsp" />
9: <%}
10: else{


Stacktrace:
	at org.apache.jasper.compiler.DefaultErrorHandler.javacError(DefaultErrorHandler.java:92)
	at org.apache.jasper.compiler.ErrorDispatcher.javacError(ErrorDispatcher.java:330)
	at org.apache.jasper.compiler.JDTCompiler.generateClass(JDTCompiler.java:439)
	at org.apache.jasper.compiler.Compiler.compile(Compiler.java:349)
	at org.apache.jasper.compiler.Compiler.compile(Compiler.java:327)
	at org.apache.jasper.compiler.Compiler.compile(Compiler.java:314)
	at org.apache.jasper.JspCompilationContext.compile(JspCompilationContext.java:589)
	at org.apache.jasper.servlet.JspServletWrapper.service(JspServletWrapper.java:317)
	at org.apache.jasper.servlet.JspServlet.serviceJspFile(JspServlet.java:313)
	at org.apache.jasper.servlet.JspServlet.service(JspServlet.java:260)
	at javax.servlet.http.HttpServlet.service(HttpServlet.java:717)
	at org.apache.catalina.core.ApplicationFilterChain.internalDoFilter(ApplicationFilterChain.java:290)
	at org.apache.catalina.core.ApplicationFilterChain.doFilter(ApplicationFilterChain.java:206)
	at org.apache.catalina.core.ApplicationDispatcher.invoke(ApplicationDispatcher.java:646)
	at org.apache.catalina.core.ApplicationDispatcher.processRequest(ApplicationDispatcher.java:436)
	at org.apache.catalina.core.ApplicationDispatcher.doForward(ApplicationDispatcher.java:374)
	at org.apache.catalina.core.ApplicationDispatcher.forward(ApplicationDispatcher.java:302)
	at LoginController.doPost(LoginController.java:157)
	at javax.servlet.http.HttpServlet.service(HttpServlet.java:637)
	at javax.servlet.http.HttpServlet.service(HttpServlet.java:717)
	at org.apache.catalina.core.ApplicationFilterChain.internalDoFilter(ApplicationFilterChain.java:290)
	at org.apache.catalina.core.ApplicationFilterChain.doFilter(ApplicationFilterChain.java:206)
	at org.apache.catalina.core.StandardWrapperValve.invoke(StandardWrapperValve.java:233)
	at org.apache.catalina.core.StandardContextValve.invoke(StandardContextValve.java:191)
	at org.apache.openejb.tomcat.catalina.OpenEJBValve.invoke(OpenEJBValve.java:45)
	at org.apache.catalina.core.StandardHostValve.invoke(StandardHostValve.java:127)
	at org.apache.catalina.valves.ErrorReportValve.invoke(ErrorReportValve.java:102)
	at org.apache.catalina.core.StandardEngineValve.invoke(StandardEngineValve.java:109)
	at org.apache.catalina.connector.CoyoteAdapter.service(CoyoteAdapter.java:298)
	at org.apache.coyote.http11.Http11Processor.process(Http11Processor.java:852)
	at org.apache.coyote.http11.Http11Protocol$Http11ConnectionHandler.process(Http11Protocol.java:588)
	at org.apache.tomcat.util.net.JIoEndpoint$Worker.run(JIoEndpoint.java:489)
	at java.lang.Thread.run(Thread.java:595)
2013-mar-11 19:55:36 org.apache.catalina.core.StandardWrapperValve invoke
ALLVARLIG: Servlet.service() for servlet jsp threw exception
org.apache.jasper.JasperException: Unable to compile class for JSP: 

An error occurred at line: 16 in the jsp file: /administerTask.jsp
The method getParameter(String) is undefined for the type HttpSession
13: if(te == null){%>
14: 	<jsp:forward page="/employer.jsp" />
15: <%}
16: if(request.getSession().getParameter("type").equals("Student")){%>
17: 	<jsp:forward page="/main.jsp" />
18: <%}
19: ejb.EmployerEntity ee = (ejb.EmployerEntity)request.getSession().getAttribute("user");


Stacktrace:
	at org.apache.jasper.compiler.DefaultErrorHandler.javacError(DefaultErrorHandler.java:92)
	at org.apache.jasper.compiler.ErrorDispatcher.javacError(ErrorDispatcher.java:330)
	at org.apache.jasper.compiler.JDTCompiler.generateClass(JDTCompiler.java:439)
	at org.apache.jasper.compiler.Compiler.compile(Compiler.java:349)
	at org.apache.jasper.compiler.Compiler.compile(Compiler.java:327)
	at org.apache.jasper.compiler.Compiler.compile(Compiler.java:314)
	at org.apache.jasper.JspCompilationContext.compile(JspCompilationContext.java:589)
	at org.apache.jasper.servlet.JspServletWrapper.service(JspServletWrapper.java:317)
	at org.apache.jasper.servlet.JspServlet.serviceJspFile(JspServlet.java:313)
	at org.apache.jasper.servlet.JspServlet.service(JspServlet.java:260)
	at javax.servlet.http.HttpServlet.service(HttpServlet.java:717)
	at org.apache.catalina.core.ApplicationFilterChain.internalDoFilter(ApplicationFilterChain.java:290)
	at org.apache.catalina.core.ApplicationFilterChain.doFilter(ApplicationFilterChain.java:206)
	at org.apache.catalina.core.StandardWrapperValve.invoke(StandardWrapperValve.java:233)
	at org.apache.catalina.core.StandardContextValve.invoke(StandardContextValve.java:191)
	at org.apache.openejb.tomcat.catalina.OpenEJBValve.invoke(OpenEJBValve.java:45)
	at org.apache.catalina.core.StandardHostValve.invoke(StandardHostValve.java:127)
	at org.apache.catalina.valves.ErrorReportValve.invoke(ErrorReportValve.java:102)
	at org.apache.catalina.core.StandardEngineValve.invoke(StandardEngineValve.java:109)
	at org.apache.catalina.connector.CoyoteAdapter.service(CoyoteAdapter.java:298)
	at org.apache.coyote.http11.Http11Processor.process(Http11Processor.java:852)
	at org.apache.coyote.http11.Http11Protocol$Http11ConnectionHandler.process(Http11Protocol.java:588)
	at org.apache.tomcat.util.net.JIoEndpoint$Worker.run(JIoEndpoint.java:489)
	at java.lang.Thread.run(Thread.java:595)
2013-mar-11 19:56:12 org.apache.catalina.core.StandardWrapperValve invoke
ALLVARLIG: Servlet.service() for servlet jsp threw exception
java.lang.NullPointerException
	at org.apache.jsp.administerTask_jsp._jspService(administerTask_jsp.java:174)
	at org.apache.jasper.runtime.HttpJspBase.service(HttpJspBase.java:70)
	at javax.servlet.http.HttpServlet.service(HttpServlet.java:717)
	at org.apache.jasper.servlet.JspServletWrapper.service(JspServletWrapper.java:377)
	at org.apache.jasper.servlet.JspServlet.serviceJspFile(JspServlet.java:313)
	at org.apache.jasper.servlet.JspServlet.service(JspServlet.java:260)
	at javax.servlet.http.HttpServlet.service(HttpServlet.java:717)
	at org.apache.catalina.core.ApplicationFilterChain.internalDoFilter(ApplicationFilterChain.java:290)
	at org.apache.catalina.core.ApplicationFilterChain.doFilter(ApplicationFilterChain.java:206)
	at org.apache.catalina.core.StandardWrapperValve.invoke(StandardWrapperValve.java:233)
	at org.apache.catalina.core.StandardContextValve.invoke(StandardContextValve.java:191)
	at org.apache.openejb.tomcat.catalina.OpenEJBValve.invoke(OpenEJBValve.java:45)
	at org.apache.catalina.core.StandardHostValve.invoke(StandardHostValve.java:127)
	at org.apache.catalina.valves.ErrorReportValve.invoke(ErrorReportValve.java:102)
	at org.apache.catalina.core.StandardEngineValve.invoke(StandardEngineValve.java:109)
	at org.apache.catalina.connector.CoyoteAdapter.service(CoyoteAdapter.java:298)
	at org.apache.coyote.http11.Http11Processor.process(Http11Processor.java:852)
	at org.apache.coyote.http11.Http11Protocol$Http11ConnectionHandler.process(Http11Protocol.java:588)
	at org.apache.tomcat.util.net.JIoEndpoint$Worker.run(JIoEndpoint.java:489)
	at java.lang.Thread.run(Thread.java:595)
2013-mar-11 21:27:15 org.apache.catalina.core.StandardWrapperValve invoke
ALLVARLIG: Servlet.service() for servlet jsp threw exception
org.apache.jasper.JasperException: Unable to compile class for JSP: 

An error occurred at line: 15 in the jsp file: /viewTask.jsp
The method getParameter(String) is undefined for the type HttpSession
12: if(te == null){%>
13: 	<jsp:forward page="/main.jsp" />
14: <%}
15: if(request.getSession().getParameter("type").equals("Employer")){%>
16: 	<jsp:forward page="/employer.jsp" />
17: <%}
18: ejb.StudentEntity se = (ejb.StudentEntity)request.getSession().getAttribute("user");


Stacktrace:
	at org.apache.jasper.compiler.DefaultErrorHandler.javacError(DefaultErrorHandler.java:92)
	at org.apache.jasper.compiler.ErrorDispatcher.javacError(ErrorDispatcher.java:330)
	at org.apache.jasper.compiler.JDTCompiler.generateClass(JDTCompiler.java:439)
	at org.apache.jasper.compiler.Compiler.compile(Compiler.java:349)
	at org.apache.jasper.compiler.Compiler.compile(Compiler.java:327)
	at org.apache.jasper.compiler.Compiler.compile(Compiler.java:314)
	at org.apache.jasper.JspCompilationContext.compile(JspCompilationContext.java:589)
	at org.apache.jasper.servlet.JspServletWrapper.service(JspServletWrapper.java:317)
	at org.apache.jasper.servlet.JspServlet.serviceJspFile(JspServlet.java:313)
	at org.apache.jasper.servlet.JspServlet.service(JspServlet.java:260)
	at javax.servlet.http.HttpServlet.service(HttpServlet.java:717)
	at org.apache.catalina.core.ApplicationFilterChain.internalDoFilter(ApplicationFilterChain.java:290)
	at org.apache.catalina.core.ApplicationFilterChain.doFilter(ApplicationFilterChain.java:206)
	at org.apache.catalina.core.StandardWrapperValve.invoke(StandardWrapperValve.java:233)
	at org.apache.catalina.core.StandardContextValve.invoke(StandardContextValve.java:191)
	at org.apache.openejb.tomcat.catalina.OpenEJBValve.invoke(OpenEJBValve.java:45)
	at org.apache.catalina.core.StandardHostValve.invoke(StandardHostValve.java:127)
	at org.apache.catalina.valves.ErrorReportValve.invoke(ErrorReportValve.java:102)
	at org.apache.catalina.core.StandardEngineValve.invoke(StandardEngineValve.java:109)
	at org.apache.catalina.connector.CoyoteAdapter.service(CoyoteAdapter.java:298)
	at org.apache.coyote.http11.Http11Processor.process(Http11Processor.java:852)
	at org.apache.coyote.http11.Http11Protocol$Http11ConnectionHandler.process(Http11Protocol.java:588)
	at org.apache.tomcat.util.net.JIoEndpoint$Worker.run(JIoEndpoint.java:489)
	at java.lang.Thread.run(Thread.java:595)
2013-mar-11 22:23:27 org.apache.catalina.core.ApplicationDispatcher invoke
ALLVARLIG: Servlet.service() for servlet jsp threw exception
java.lang.NullPointerException
	at org.apache.jsp.myProfile_jsp._jspService(myProfile_jsp.java:66)
	at org.apache.jasper.runtime.HttpJspBase.service(HttpJspBase.java:70)
	at javax.servlet.http.HttpServlet.service(HttpServlet.java:717)
	at org.apache.jasper.servlet.JspServletWrapper.service(JspServletWrapper.java:377)
	at org.apache.jasper.servlet.JspServlet.serviceJspFile(JspServlet.java:313)
	at org.apache.jasper.servlet.JspServlet.service(JspServlet.java:260)
	at javax.servlet.http.HttpServlet.service(HttpServlet.java:717)
	at org.apache.catalina.core.ApplicationFilterChain.internalDoFilter(ApplicationFilterChain.java:290)
	at org.apache.catalina.core.ApplicationFilterChain.doFilter(ApplicationFilterChain.java:206)
	at org.apache.catalina.core.ApplicationDispatcher.invoke(ApplicationDispatcher.java:646)
	at org.apache.catalina.core.ApplicationDispatcher.processRequest(ApplicationDispatcher.java:436)
	at org.apache.catalina.core.ApplicationDispatcher.doForward(ApplicationDispatcher.java:374)
	at org.apache.catalina.core.ApplicationDispatcher.forward(ApplicationDispatcher.java:302)
	at TaskController.doGet(TaskController.java:54)
	at javax.servlet.http.HttpServlet.service(HttpServlet.java:617)
	at javax.servlet.http.HttpServlet.service(HttpServlet.java:717)
	at org.apache.catalina.core.ApplicationFilterChain.internalDoFilter(ApplicationFilterChain.java:290)
	at org.apache.catalina.core.ApplicationFilterChain.doFilter(ApplicationFilterChain.java:206)
	at org.apache.catalina.core.StandardWrapperValve.invoke(StandardWrapperValve.java:233)
	at org.apache.catalina.core.StandardContextValve.invoke(StandardContextValve.java:191)
	at org.apache.openejb.tomcat.catalina.OpenEJBValve.invoke(OpenEJBValve.java:45)
	at org.apache.catalina.core.StandardHostValve.invoke(StandardHostValve.java:127)
	at org.apache.catalina.valves.ErrorReportValve.invoke(ErrorReportValve.java:102)
	at org.apache.catalina.core.StandardEngineValve.invoke(StandardEngineValve.java:109)
	at org.apache.catalina.connector.CoyoteAdapter.service(CoyoteAdapter.java:298)
	at org.apache.coyote.http11.Http11Processor.process(Http11Processor.java:852)
	at org.apache.coyote.http11.Http11Protocol$Http11ConnectionHandler.process(Http11Protocol.java:588)
	at org.apache.tomcat.util.net.JIoEndpoint$Worker.run(JIoEndpoint.java:489)
	at java.lang.Thread.run(Thread.java:595)
2013-mar-11 23:03:47 org.apache.catalina.core.ApplicationContext log
INFO: SessionListener: contextDestroyed()
2013-mar-11 23:03:47 org.apache.catalina.core.ApplicationContext log
INFO: ContextListener: contextDestroyed()
2013-mar-11 23:04:03 org.apache.catalina.core.ApplicationContext log
INFO: ContextListener: contextInitialized()
2013-mar-11 23:04:03 org.apache.catalina.core.ApplicationContext log
INFO: SessionListener: contextInitialized()
2013-mar-11 23:08:40 org.apache.catalina.core.ApplicationContext log
INFO: SessionListener: contextDestroyed()
2013-mar-11 23:08:40 org.apache.catalina.core.ApplicationContext log
INFO: ContextListener: contextDestroyed()
