2013-03-01 19:49:09,187 - WARN  - Unexpected exception from beforeCompletion; transaction will roll back
<openjpa-1.2.1-r752877:753278 fatal general error> org.apache.openjpa.persistence.PersistenceException: The transaction has been rolled back.  See the nested exceptions for details on the errors that occurred.
	at org.apache.openjpa.kernel.BrokerImpl.newFlushException(BrokerImpl.java:2163)
	at org.apache.openjpa.kernel.BrokerImpl.flush(BrokerImpl.java:2010)
	at org.apache.openjpa.kernel.BrokerImpl.flushSafe(BrokerImpl.java:1908)
	at org.apache.openjpa.kernel.BrokerImpl.beforeCompletion(BrokerImpl.java:1826)
	at org.apache.geronimo.transaction.manager.TransactionImpl.beforeCompletion(TransactionImpl.java:514)
	at org.apache.geronimo.transaction.manager.TransactionImpl.beforeCompletion(TransactionImpl.java:499)
	at org.apache.geronimo.transaction.manager.TransactionImpl.beforePrepare(TransactionImpl.java:400)
	at org.apache.geronimo.transaction.manager.TransactionImpl.commit(TransactionImpl.java:257)
	at org.apache.geronimo.transaction.manager.TransactionManagerImpl.commit(TransactionManagerImpl.java:245)
	at org.apache.openejb.core.transaction.JtaTransactionPolicy.completeTransaction(JtaTransactionPolicy.java:291)
	at org.apache.openejb.core.transaction.TxRequired.commit(TxRequired.java:75)
	at org.apache.openejb.core.transaction.EjbTransactionUtil.afterInvoke(EjbTransactionUtil.java:74)
	at org.apache.openejb.core.stateless.StatelessContainer._invoke(StatelessContainer.java:241)
	at org.apache.openejb.core.stateless.StatelessContainer.invoke(StatelessContainer.java:174)
	at org.apache.openejb.core.ivm.EjbObjectProxyHandler.businessMethod(EjbObjectProxyHandler.java:217)
	at org.apache.openejb.core.ivm.EjbObjectProxyHandler._invoke(EjbObjectProxyHandler.java:77)
	at org.apache.openejb.core.ivm.BaseEjbProxyHandler.invoke(BaseEjbProxyHandler.java:282)
	at $Proxy66.merge(Unknown Source)
	at bean.TaskLogic.updateResume(TaskLogic.java:27)
	at TaskController.doPost(TaskController.java:57)
	at javax.servlet.http.HttpServlet.service(HttpServlet.java:637)
	at javax.servlet.http.HttpServlet.service(HttpServlet.java:717)
	at org.apache.catalina.core.ApplicationFilterChain.internalDoFilter(ApplicationFilterChain.java:290)
	at org.apache.catalina.core.ApplicationFilterChain.doFilter(ApplicationFilterChain.java:206)
	at org.apache.catalina.core.StandardWrapperValve.invoke(StandardWrapperValve.java:233)
	at org.apache.catalina.core.StandardContextValve.invoke(StandardContextValve.java:191)
	at org.apache.openejb.tomcat.catalina.OpenEJBValve.invoke(OpenEJBValve.java:45)
	at org.apache.catalina.core.StandardHostValve.invoke(StandardHostValve.java:127)
	at org.apache.catalina.valves.ErrorReportValve.invoke(ErrorReportValve.java:102)
	at org.apache.catalina.core.StandardEngineValve.invoke(StandardEngineValve.java:109)
	at org.apache.catalina.connector.CoyoteAdapter.service(CoyoteAdapter.java:298)
	at org.apache.coyote.http11.Http11Processor.process(Http11Processor.java:852)
	at org.apache.coyote.http11.Http11Protocol$Http11ConnectionHandler.process(Http11Protocol.java:588)
	at org.apache.tomcat.util.net.JIoEndpoint$Worker.run(JIoEndpoint.java:489)
	at java.lang.Thread.run(Thread.java:595)
Caused by: <openjpa-1.2.1-r752877:753278 nonfatal general error> org.apache.openjpa.persistence.PersistenceException: Data truncation: Data too long for column 'resume' at row 1 {prepstmnt 2797256 UPDATE Student SET resume = ? WHERE id = ? [params=(String) CV
E-mail: robwid@kth.se 
Phone number: 076 240 87 51
Address: Ka..., (long) 51]} [code=1406, state=01004]
FailedObject: ejb.StudentEntity-ejb.StudentEntity-51
	at org.apache.openjpa.jdbc.sql.DBDictionary.narrow(DBDictionary.java:4232)
	at org.apache.openjpa.jdbc.sql.DBDictionary.newStoreException(DBDictionary.java:4197)
	at org.apache.openjpa.jdbc.sql.SQLExceptions.getStore(SQLExceptions.java:102)
	at org.apache.openjpa.jdbc.sql.SQLExceptions.getStore(SQLExceptions.java:72)
	at org.apache.openjpa.jdbc.kernel.PreparedStatementManagerImpl.flushAndUpdate(PreparedStatementManagerImpl.java:131)
	at org.apache.openjpa.jdbc.kernel.BatchingPreparedStatementManagerImpl.flushAndUpdate(BatchingPreparedStatementManagerImpl.java:82)
	at org.apache.openjpa.jdbc.kernel.PreparedStatementManagerImpl.flushInternal(PreparedStatementManagerImpl.java:89)
	at org.apache.openjpa.jdbc.kernel.PreparedStatementManagerImpl.flush(PreparedStatementManagerImpl.java:72)
	at org.apache.openjpa.jdbc.kernel.ConstraintUpdateManager.flush(ConstraintUpdateManager.java:543)
	at org.apache.openjpa.jdbc.kernel.ConstraintUpdateManager.flush(ConstraintUpdateManager.java:106)
	at org.apache.openjpa.jdbc.kernel.BatchingConstraintUpdateManager.flush(BatchingConstraintUpdateManager.java:59)
	at org.apache.openjpa.jdbc.kernel.AbstractUpdateManager.flush(AbstractUpdateManager.java:89)
	at org.apache.openjpa.jdbc.kernel.AbstractUpdateManager.flush(AbstractUpdateManager.java:72)
	at org.apache.openjpa.jdbc.kernel.JDBCStoreManager.flush(JDBCStoreManager.java:717)
	at org.apache.openjpa.kernel.DelegatingStoreManager.flush(DelegatingStoreManager.java:130)
	... 34 more
Caused by: org.apache.openjpa.lib.jdbc.ReportingSQLException: Data truncation: Data too long for column 'resume' at row 1 {prepstmnt 2797256 UPDATE Student SET resume = ? WHERE id = ? [params=(String) CV
E-mail: robwid@kth.se 
Phone number: 076 240 87 51
Address: Ka..., (long) 51]} [code=1406, state=01004]
	at org.apache.openjpa.lib.jdbc.LoggingConnectionDecorator.wrap(LoggingConnectionDecorator.java:192)
	at org.apache.openjpa.lib.jdbc.LoggingConnectionDecorator.access$700(LoggingConnectionDecorator.java:57)
	at org.apache.openjpa.lib.jdbc.LoggingConnectionDecorator$LoggingConnection$LoggingPreparedStatement.executeUpdate(LoggingConnectionDecorator.java:866)
	at org.apache.openjpa.lib.jdbc.DelegatingPreparedStatement.executeUpdate(DelegatingPreparedStatement.java:269)
	at org.apache.openjpa.jdbc.kernel.JDBCStoreManager$CancelPreparedStatement.executeUpdate(JDBCStoreManager.java:1586)
	at org.apache.openjpa.jdbc.kernel.PreparedStatementManagerImpl.executeUpdate(PreparedStatementManagerImpl.java:151)
	at org.apache.openjpa.jdbc.kernel.PreparedStatementManagerImpl.flushAndUpdate(PreparedStatementManagerImpl.java:120)
	... 44 more
2013-03-01 19:53:26,361 - WARN  - Unexpected exception from beforeCompletion; transaction will roll back
<openjpa-1.2.1-r752877:753278 fatal general error> org.apache.openjpa.persistence.PersistenceException: The transaction has been rolled back.  See the nested exceptions for details on the errors that occurred.
	at org.apache.openjpa.kernel.BrokerImpl.newFlushException(BrokerImpl.java:2163)
	at org.apache.openjpa.kernel.BrokerImpl.flush(BrokerImpl.java:2010)
	at org.apache.openjpa.kernel.BrokerImpl.flushSafe(BrokerImpl.java:1908)
	at org.apache.openjpa.kernel.BrokerImpl.beforeCompletion(BrokerImpl.java:1826)
	at org.apache.geronimo.transaction.manager.TransactionImpl.beforeCompletion(TransactionImpl.java:514)
	at org.apache.geronimo.transaction.manager.TransactionImpl.beforeCompletion(TransactionImpl.java:499)
	at org.apache.geronimo.transaction.manager.TransactionImpl.beforePrepare(TransactionImpl.java:400)
	at org.apache.geronimo.transaction.manager.TransactionImpl.commit(TransactionImpl.java:257)
	at org.apache.geronimo.transaction.manager.TransactionManagerImpl.commit(TransactionManagerImpl.java:245)
	at org.apache.openejb.core.transaction.JtaTransactionPolicy.completeTransaction(JtaTransactionPolicy.java:291)
	at org.apache.openejb.core.transaction.TxRequired.commit(TxRequired.java:75)
	at org.apache.openejb.core.transaction.EjbTransactionUtil.afterInvoke(EjbTransactionUtil.java:74)
	at org.apache.openejb.core.stateless.StatelessContainer._invoke(StatelessContainer.java:241)
	at org.apache.openejb.core.stateless.StatelessContainer.invoke(StatelessContainer.java:174)
	at org.apache.openejb.core.ivm.EjbObjectProxyHandler.businessMethod(EjbObjectProxyHandler.java:217)
	at org.apache.openejb.core.ivm.EjbObjectProxyHandler._invoke(EjbObjectProxyHandler.java:77)
	at org.apache.openejb.core.ivm.BaseEjbProxyHandler.invoke(BaseEjbProxyHandler.java:282)
	at $Proxy66.merge(Unknown Source)
	at bean.TaskLogic.updateResume(TaskLogic.java:27)
	at TaskController.doPost(TaskController.java:57)
	at javax.servlet.http.HttpServlet.service(HttpServlet.java:637)
	at javax.servlet.http.HttpServlet.service(HttpServlet.java:717)
	at org.apache.catalina.core.ApplicationFilterChain.internalDoFilter(ApplicationFilterChain.java:290)
	at org.apache.catalina.core.ApplicationFilterChain.doFilter(ApplicationFilterChain.java:206)
	at org.apache.catalina.core.StandardWrapperValve.invoke(StandardWrapperValve.java:233)
	at org.apache.catalina.core.StandardContextValve.invoke(StandardContextValve.java:191)
	at org.apache.openejb.tomcat.catalina.OpenEJBValve.invoke(OpenEJBValve.java:45)
	at org.apache.catalina.core.StandardHostValve.invoke(StandardHostValve.java:127)
	at org.apache.catalina.valves.ErrorReportValve.invoke(ErrorReportValve.java:102)
	at org.apache.catalina.core.StandardEngineValve.invoke(StandardEngineValve.java:109)
	at org.apache.catalina.connector.CoyoteAdapter.service(CoyoteAdapter.java:298)
	at org.apache.coyote.http11.Http11Processor.process(Http11Processor.java:852)
	at org.apache.coyote.http11.Http11Protocol$Http11ConnectionHandler.process(Http11Protocol.java:588)
	at org.apache.tomcat.util.net.JIoEndpoint$Worker.run(JIoEndpoint.java:489)
	at java.lang.Thread.run(Thread.java:595)
Caused by: <openjpa-1.2.1-r752877:753278 nonfatal general error> org.apache.openjpa.persistence.PersistenceException: Data truncation: Data too long for column 'resume' at row 1 {prepstmnt 13517260 UPDATE Student SET resume = ? WHERE id = ? [params=(String) CV
E-mail: robwid@kth.se 
Phone number: 076 240 87 51
Address: Ka..., (long) 51]} [code=1406, state=01004]
FailedObject: ejb.StudentEntity-ejb.StudentEntity-51
	at org.apache.openjpa.jdbc.sql.DBDictionary.narrow(DBDictionary.java:4232)
	at org.apache.openjpa.jdbc.sql.DBDictionary.newStoreException(DBDictionary.java:4197)
	at org.apache.openjpa.jdbc.sql.SQLExceptions.getStore(SQLExceptions.java:102)
	at org.apache.openjpa.jdbc.sql.SQLExceptions.getStore(SQLExceptions.java:72)
	at org.apache.openjpa.jdbc.kernel.PreparedStatementManagerImpl.flushAndUpdate(PreparedStatementManagerImpl.java:131)
	at org.apache.openjpa.jdbc.kernel.BatchingPreparedStatementManagerImpl.flushAndUpdate(BatchingPreparedStatementManagerImpl.java:82)
	at org.apache.openjpa.jdbc.kernel.PreparedStatementManagerImpl.flushInternal(PreparedStatementManagerImpl.java:89)
	at org.apache.openjpa.jdbc.kernel.PreparedStatementManagerImpl.flush(PreparedStatementManagerImpl.java:72)
	at org.apache.openjpa.jdbc.kernel.ConstraintUpdateManager.flush(ConstraintUpdateManager.java:543)
	at org.apache.openjpa.jdbc.kernel.ConstraintUpdateManager.flush(ConstraintUpdateManager.java:106)
	at org.apache.openjpa.jdbc.kernel.BatchingConstraintUpdateManager.flush(BatchingConstraintUpdateManager.java:59)
	at org.apache.openjpa.jdbc.kernel.AbstractUpdateManager.flush(AbstractUpdateManager.java:89)
	at org.apache.openjpa.jdbc.kernel.AbstractUpdateManager.flush(AbstractUpdateManager.java:72)
	at org.apache.openjpa.jdbc.kernel.JDBCStoreManager.flush(JDBCStoreManager.java:717)
	at org.apache.openjpa.kernel.DelegatingStoreManager.flush(DelegatingStoreManager.java:130)
	... 34 more
Caused by: org.apache.openjpa.lib.jdbc.ReportingSQLException: Data truncation: Data too long for column 'resume' at row 1 {prepstmnt 13517260 UPDATE Student SET resume = ? WHERE id = ? [params=(String) CV
E-mail: robwid@kth.se 
Phone number: 076 240 87 51
Address: Ka..., (long) 51]} [code=1406, state=01004]
	at org.apache.openjpa.lib.jdbc.LoggingConnectionDecorator.wrap(LoggingConnectionDecorator.java:192)
	at org.apache.openjpa.lib.jdbc.LoggingConnectionDecorator.access$700(LoggingConnectionDecorator.java:57)
	at org.apache.openjpa.lib.jdbc.LoggingConnectionDecorator$LoggingConnection$LoggingPreparedStatement.executeUpdate(LoggingConnectionDecorator.java:866)
	at org.apache.openjpa.lib.jdbc.DelegatingPreparedStatement.executeUpdate(DelegatingPreparedStatement.java:269)
	at org.apache.openjpa.jdbc.kernel.JDBCStoreManager$CancelPreparedStatement.executeUpdate(JDBCStoreManager.java:1586)
	at org.apache.openjpa.jdbc.kernel.PreparedStatementManagerImpl.executeUpdate(PreparedStatementManagerImpl.java:151)
	at org.apache.openjpa.jdbc.kernel.PreparedStatementManagerImpl.flushAndUpdate(PreparedStatementManagerImpl.java:120)
	... 44 more
2013-03-01 19:55:35,531 - WARN  - Unexpected exception from beforeCompletion; transaction will roll back
<openjpa-1.2.1-r752877:753278 fatal general error> org.apache.openjpa.persistence.PersistenceException: The transaction has been rolled back.  See the nested exceptions for details on the errors that occurred.
	at org.apache.openjpa.kernel.BrokerImpl.newFlushException(BrokerImpl.java:2163)
	at org.apache.openjpa.kernel.BrokerImpl.flush(BrokerImpl.java:2010)
	at org.apache.openjpa.kernel.BrokerImpl.flushSafe(BrokerImpl.java:1908)
	at org.apache.openjpa.kernel.BrokerImpl.beforeCompletion(BrokerImpl.java:1826)
	at org.apache.geronimo.transaction.manager.TransactionImpl.beforeCompletion(TransactionImpl.java:514)
	at org.apache.geronimo.transaction.manager.TransactionImpl.beforeCompletion(TransactionImpl.java:499)
	at org.apache.geronimo.transaction.manager.TransactionImpl.beforePrepare(TransactionImpl.java:400)
	at org.apache.geronimo.transaction.manager.TransactionImpl.commit(TransactionImpl.java:257)
	at org.apache.geronimo.transaction.manager.TransactionManagerImpl.commit(TransactionManagerImpl.java:245)
	at org.apache.openejb.core.transaction.JtaTransactionPolicy.completeTransaction(JtaTransactionPolicy.java:291)
	at org.apache.openejb.core.transaction.TxRequired.commit(TxRequired.java:75)
	at org.apache.openejb.core.transaction.EjbTransactionUtil.afterInvoke(EjbTransactionUtil.java:74)
	at org.apache.openejb.core.stateless.StatelessContainer._invoke(StatelessContainer.java:241)
	at org.apache.openejb.core.stateless.StatelessContainer.invoke(StatelessContainer.java:174)
	at org.apache.openejb.core.ivm.EjbObjectProxyHandler.businessMethod(EjbObjectProxyHandler.java:217)
	at org.apache.openejb.core.ivm.EjbObjectProxyHandler._invoke(EjbObjectProxyHandler.java:77)
	at org.apache.openejb.core.ivm.BaseEjbProxyHandler.invoke(BaseEjbProxyHandler.java:282)
	at $Proxy66.merge(Unknown Source)
	at bean.TaskLogic.updateResume(TaskLogic.java:27)
	at TaskController.doPost(TaskController.java:57)
	at javax.servlet.http.HttpServlet.service(HttpServlet.java:637)
	at javax.servlet.http.HttpServlet.service(HttpServlet.java:717)
	at org.apache.catalina.core.ApplicationFilterChain.internalDoFilter(ApplicationFilterChain.java:290)
	at org.apache.catalina.core.ApplicationFilterChain.doFilter(ApplicationFilterChain.java:206)
	at org.apache.catalina.core.StandardWrapperValve.invoke(StandardWrapperValve.java:233)
	at org.apache.catalina.core.StandardContextValve.invoke(StandardContextValve.java:191)
	at org.apache.openejb.tomcat.catalina.OpenEJBValve.invoke(OpenEJBValve.java:45)
	at org.apache.catalina.core.StandardHostValve.invoke(StandardHostValve.java:127)
	at org.apache.catalina.valves.ErrorReportValve.invoke(ErrorReportValve.java:102)
	at org.apache.catalina.core.StandardEngineValve.invoke(StandardEngineValve.java:109)
	at org.apache.catalina.connector.CoyoteAdapter.service(CoyoteAdapter.java:298)
	at org.apache.coyote.http11.Http11Processor.process(Http11Processor.java:852)
	at org.apache.coyote.http11.Http11Protocol$Http11ConnectionHandler.process(Http11Protocol.java:588)
	at org.apache.tomcat.util.net.JIoEndpoint$Worker.run(JIoEndpoint.java:489)
	at java.lang.Thread.run(Thread.java:595)
Caused by: <openjpa-1.2.1-r752877:753278 nonfatal general error> org.apache.openjpa.persistence.PersistenceException: Data truncation: Data too long for column 'resume' at row 1 {prepstmnt 11801921 UPDATE Student SET resume = ? WHERE id = ? [params=(String) CV
E-mail: robwid@kth.se 
Phone number: 076 240 87 51
Address: Ka..., (long) 51]} [code=1406, state=01004]
FailedObject: ejb.StudentEntity-ejb.StudentEntity-51
	at org.apache.openjpa.jdbc.sql.DBDictionary.narrow(DBDictionary.java:4232)
	at org.apache.openjpa.jdbc.sql.DBDictionary.newStoreException(DBDictionary.java:4197)
	at org.apache.openjpa.jdbc.sql.SQLExceptions.getStore(SQLExceptions.java:102)
	at org.apache.openjpa.jdbc.sql.SQLExceptions.getStore(SQLExceptions.java:72)
	at org.apache.openjpa.jdbc.kernel.PreparedStatementManagerImpl.flushAndUpdate(PreparedStatementManagerImpl.java:131)
	at org.apache.openjpa.jdbc.kernel.BatchingPreparedStatementManagerImpl.flushAndUpdate(BatchingPreparedStatementManagerImpl.java:82)
	at org.apache.openjpa.jdbc.kernel.PreparedStatementManagerImpl.flushInternal(PreparedStatementManagerImpl.java:89)
	at org.apache.openjpa.jdbc.kernel.PreparedStatementManagerImpl.flush(PreparedStatementManagerImpl.java:72)
	at org.apache.openjpa.jdbc.kernel.ConstraintUpdateManager.flush(ConstraintUpdateManager.java:543)
	at org.apache.openjpa.jdbc.kernel.ConstraintUpdateManager.flush(ConstraintUpdateManager.java:106)
	at org.apache.openjpa.jdbc.kernel.BatchingConstraintUpdateManager.flush(BatchingConstraintUpdateManager.java:59)
	at org.apache.openjpa.jdbc.kernel.AbstractUpdateManager.flush(AbstractUpdateManager.java:89)
	at org.apache.openjpa.jdbc.kernel.AbstractUpdateManager.flush(AbstractUpdateManager.java:72)
	at org.apache.openjpa.jdbc.kernel.JDBCStoreManager.flush(JDBCStoreManager.java:717)
	at org.apache.openjpa.kernel.DelegatingStoreManager.flush(DelegatingStoreManager.java:130)
	... 34 more
Caused by: org.apache.openjpa.lib.jdbc.ReportingSQLException: Data truncation: Data too long for column 'resume' at row 1 {prepstmnt 11801921 UPDATE Student SET resume = ? WHERE id = ? [params=(String) CV
E-mail: robwid@kth.se 
Phone number: 076 240 87 51
Address: Ka..., (long) 51]} [code=1406, state=01004]
	at org.apache.openjpa.lib.jdbc.LoggingConnectionDecorator.wrap(LoggingConnectionDecorator.java:192)
	at org.apache.openjpa.lib.jdbc.LoggingConnectionDecorator.access$700(LoggingConnectionDecorator.java:57)
	at org.apache.openjpa.lib.jdbc.LoggingConnectionDecorator$LoggingConnection$LoggingPreparedStatement.executeUpdate(LoggingConnectionDecorator.java:866)
	at org.apache.openjpa.lib.jdbc.DelegatingPreparedStatement.executeUpdate(DelegatingPreparedStatement.java:269)
	at org.apache.openjpa.jdbc.kernel.JDBCStoreManager$CancelPreparedStatement.executeUpdate(JDBCStoreManager.java:1586)
	at org.apache.openjpa.jdbc.kernel.PreparedStatementManagerImpl.executeUpdate(PreparedStatementManagerImpl.java:151)
	at org.apache.openjpa.jdbc.kernel.PreparedStatementManagerImpl.flushAndUpdate(PreparedStatementManagerImpl.java:120)
	... 44 more
2013-03-03 23:12:49,852 - WARN  - Unexpected exception from beforeCompletion; transaction will roll back
<openjpa-1.2.1-r752877:753278 fatal store error> org.apache.openjpa.persistence.EntityExistsException: The transaction has been rolled back.  See the nested exceptions for details on the errors that occurred.
	at org.apache.openjpa.kernel.BrokerImpl.newFlushException(BrokerImpl.java:2163)
	at org.apache.openjpa.kernel.BrokerImpl.flush(BrokerImpl.java:2010)
	at org.apache.openjpa.kernel.BrokerImpl.flushSafe(BrokerImpl.java:1908)
	at org.apache.openjpa.kernel.BrokerImpl.beforeCompletion(BrokerImpl.java:1826)
	at org.apache.geronimo.transaction.manager.TransactionImpl.beforeCompletion(TransactionImpl.java:514)
	at org.apache.geronimo.transaction.manager.TransactionImpl.beforeCompletion(TransactionImpl.java:499)
	at org.apache.geronimo.transaction.manager.TransactionImpl.beforePrepare(TransactionImpl.java:400)
	at org.apache.geronimo.transaction.manager.TransactionImpl.commit(TransactionImpl.java:257)
	at org.apache.geronimo.transaction.manager.TransactionManagerImpl.commit(TransactionManagerImpl.java:245)
	at org.apache.openejb.core.transaction.JtaTransactionPolicy.completeTransaction(JtaTransactionPolicy.java:291)
	at org.apache.openejb.core.transaction.TxRequired.commit(TxRequired.java:75)
	at org.apache.openejb.core.transaction.EjbTransactionUtil.afterInvoke(EjbTransactionUtil.java:74)
	at org.apache.openejb.core.stateless.StatelessContainer._invoke(StatelessContainer.java:241)
	at org.apache.openejb.core.stateless.StatelessContainer.invoke(StatelessContainer.java:174)
	at org.apache.openejb.core.ivm.EjbObjectProxyHandler.businessMethod(EjbObjectProxyHandler.java:217)
	at org.apache.openejb.core.ivm.EjbObjectProxyHandler._invoke(EjbObjectProxyHandler.java:77)
	at org.apache.openejb.core.ivm.BaseEjbProxyHandler.invoke(BaseEjbProxyHandler.java:282)
	at $Proxy65.addStudent(Unknown Source)
	at bean.LoginValidator.addStudent(LoginValidator.java:89)
	at LoginController.doPost(LoginController.java:131)
	at javax.servlet.http.HttpServlet.service(HttpServlet.java:637)
	at javax.servlet.http.HttpServlet.service(HttpServlet.java:717)
	at org.apache.catalina.core.ApplicationFilterChain.internalDoFilter(ApplicationFilterChain.java:290)
	at org.apache.catalina.core.ApplicationFilterChain.doFilter(ApplicationFilterChain.java:206)
	at org.apache.catalina.core.StandardWrapperValve.invoke(StandardWrapperValve.java:233)
	at org.apache.catalina.core.StandardContextValve.invoke(StandardContextValve.java:191)
	at org.apache.openejb.tomcat.catalina.OpenEJBValve.invoke(OpenEJBValve.java:45)
	at org.apache.catalina.core.StandardHostValve.invoke(StandardHostValve.java:127)
	at org.apache.catalina.valves.ErrorReportValve.invoke(ErrorReportValve.java:102)
	at org.apache.catalina.core.StandardEngineValve.invoke(StandardEngineValve.java:109)
	at org.apache.catalina.connector.CoyoteAdapter.service(CoyoteAdapter.java:298)
	at org.apache.coyote.http11.Http11Processor.process(Http11Processor.java:852)
	at org.apache.coyote.http11.Http11Protocol$Http11ConnectionHandler.process(Http11Protocol.java:588)
	at org.apache.tomcat.util.net.JIoEndpoint$Worker.run(JIoEndpoint.java:489)
	at java.lang.Thread.run(Thread.java:595)
Caused by: <openjpa-1.2.1-r752877:753278 nonfatal store error> org.apache.openjpa.persistence.EntityExistsException: Duplicate entry 'Robban' for key 2 {prepstmnt 2960804 INSERT INTO Student (id, email, name, password, resume, username) VALUES (?, ?, ?, ?, ?, ?) [params=(long) 602, (String) frasse@gmail.com, (String) Robert Wideberg, (String) f3eb8cf6a3b3c89508f9416c87ca40cd99bf174cdff3bad9acb47968b3c48c51, (String) , (String) Robban]} [code=1062, state=23000]
FailedObject: ejb.StudentEntity@18c28a
	at org.apache.openjpa.jdbc.sql.DBDictionary.narrow(DBDictionary.java:4224)
	at org.apache.openjpa.jdbc.sql.DBDictionary.newStoreException(DBDictionary.java:4197)
	at org.apache.openjpa.jdbc.sql.SQLExceptions.getStore(SQLExceptions.java:102)
	at org.apache.openjpa.jdbc.sql.SQLExceptions.getStore(SQLExceptions.java:72)
	at org.apache.openjpa.jdbc.kernel.PreparedStatementManagerImpl.flushAndUpdate(PreparedStatementManagerImpl.java:131)
	at org.apache.openjpa.jdbc.kernel.BatchingPreparedStatementManagerImpl.flushAndUpdate(BatchingPreparedStatementManagerImpl.java:82)
	at org.apache.openjpa.jdbc.kernel.PreparedStatementManagerImpl.flushInternal(PreparedStatementManagerImpl.java:89)
	at org.apache.openjpa.jdbc.kernel.PreparedStatementManagerImpl.flush(PreparedStatementManagerImpl.java:72)
	at org.apache.openjpa.jdbc.kernel.ConstraintUpdateManager.flush(ConstraintUpdateManager.java:543)
	at org.apache.openjpa.jdbc.kernel.ConstraintUpdateManager.flush(ConstraintUpdateManager.java:105)
	at org.apache.openjpa.jdbc.kernel.BatchingConstraintUpdateManager.flush(BatchingConstraintUpdateManager.java:59)
	at org.apache.openjpa.jdbc.kernel.AbstractUpdateManager.flush(AbstractUpdateManager.java:89)
	at org.apache.openjpa.jdbc.kernel.AbstractUpdateManager.flush(AbstractUpdateManager.java:72)
	at org.apache.openjpa.jdbc.kernel.JDBCStoreManager.flush(JDBCStoreManager.java:717)
	at org.apache.openjpa.kernel.DelegatingStoreManager.flush(DelegatingStoreManager.java:130)
	... 34 more
Caused by: org.apache.openjpa.lib.jdbc.ReportingSQLException: Duplicate entry 'Robban' for key 2 {prepstmnt 2960804 INSERT INTO Student (id, email, name, password, resume, username) VALUES (?, ?, ?, ?, ?, ?) [params=(long) 602, (String) frasse@gmail.com, (String) Robert Wideberg, (String) f3eb8cf6a3b3c89508f9416c87ca40cd99bf174cdff3bad9acb47968b3c48c51, (String) , (String) Robban]} [code=1062, state=23000]
	at org.apache.openjpa.lib.jdbc.LoggingConnectionDecorator.wrap(LoggingConnectionDecorator.java:192)
	at org.apache.openjpa.lib.jdbc.LoggingConnectionDecorator.access$700(LoggingConnectionDecorator.java:57)
	at org.apache.openjpa.lib.jdbc.LoggingConnectionDecorator$LoggingConnection$LoggingPreparedStatement.executeUpdate(LoggingConnectionDecorator.java:866)
	at org.apache.openjpa.lib.jdbc.DelegatingPreparedStatement.executeUpdate(DelegatingPreparedStatement.java:269)
	at org.apache.openjpa.jdbc.kernel.JDBCStoreManager$CancelPreparedStatement.executeUpdate(JDBCStoreManager.java:1586)
	at org.apache.openjpa.jdbc.kernel.PreparedStatementManagerImpl.executeUpdate(PreparedStatementManagerImpl.java:151)
	at org.apache.openjpa.jdbc.kernel.PreparedStatementManagerImpl.flushAndUpdate(PreparedStatementManagerImpl.java:120)
	... 44 more
2013-03-03 23:21:44,021 - WARN  - Unexpected exception from beforeCompletion; transaction will roll back
<openjpa-1.2.1-r752877:753278 fatal store error> org.apache.openjpa.persistence.EntityExistsException: The transaction has been rolled back.  See the nested exceptions for details on the errors that occurred.
	at org.apache.openjpa.kernel.BrokerImpl.newFlushException(BrokerImpl.java:2163)
	at org.apache.openjpa.kernel.BrokerImpl.flush(BrokerImpl.java:2010)
	at org.apache.openjpa.kernel.BrokerImpl.flushSafe(BrokerImpl.java:1908)
	at org.apache.openjpa.kernel.BrokerImpl.beforeCompletion(BrokerImpl.java:1826)
	at org.apache.geronimo.transaction.manager.TransactionImpl.beforeCompletion(TransactionImpl.java:514)
	at org.apache.geronimo.transaction.manager.TransactionImpl.beforeCompletion(TransactionImpl.java:499)
	at org.apache.geronimo.transaction.manager.TransactionImpl.beforePrepare(TransactionImpl.java:400)
	at org.apache.geronimo.transaction.manager.TransactionImpl.commit(TransactionImpl.java:257)
	at org.apache.geronimo.transaction.manager.TransactionManagerImpl.commit(TransactionManagerImpl.java:245)
	at org.apache.openejb.core.transaction.JtaTransactionPolicy.completeTransaction(JtaTransactionPolicy.java:291)
	at org.apache.openejb.core.transaction.TxRequired.commit(TxRequired.java:75)
	at org.apache.openejb.core.transaction.EjbTransactionUtil.afterInvoke(EjbTransactionUtil.java:74)
	at org.apache.openejb.core.stateless.StatelessContainer._invoke(StatelessContainer.java:241)
	at org.apache.openejb.core.stateless.StatelessContainer.invoke(StatelessContainer.java:174)
	at org.apache.openejb.core.ivm.EjbObjectProxyHandler.businessMethod(EjbObjectProxyHandler.java:217)
	at org.apache.openejb.core.ivm.EjbObjectProxyHandler._invoke(EjbObjectProxyHandler.java:77)
	at org.apache.openejb.core.ivm.BaseEjbProxyHandler.invoke(BaseEjbProxyHandler.java:282)
	at $Proxy65.addStudent(Unknown Source)
	at bean.LoginValidator.addStudent(LoginValidator.java:89)
	at LoginController.doPost(LoginController.java:131)
	at javax.servlet.http.HttpServlet.service(HttpServlet.java:637)
	at javax.servlet.http.HttpServlet.service(HttpServlet.java:717)
	at org.apache.catalina.core.ApplicationFilterChain.internalDoFilter(ApplicationFilterChain.java:290)
	at org.apache.catalina.core.ApplicationFilterChain.doFilter(ApplicationFilterChain.java:206)
	at org.apache.catalina.core.StandardWrapperValve.invoke(StandardWrapperValve.java:233)
	at org.apache.catalina.core.StandardContextValve.invoke(StandardContextValve.java:191)
	at org.apache.openejb.tomcat.catalina.OpenEJBValve.invoke(OpenEJBValve.java:45)
	at org.apache.catalina.core.StandardHostValve.invoke(StandardHostValve.java:127)
	at org.apache.catalina.valves.ErrorReportValve.invoke(ErrorReportValve.java:102)
	at org.apache.catalina.core.StandardEngineValve.invoke(StandardEngineValve.java:109)
	at org.apache.catalina.connector.CoyoteAdapter.service(CoyoteAdapter.java:298)
	at org.apache.coyote.http11.Http11Processor.process(Http11Processor.java:852)
	at org.apache.coyote.http11.Http11Protocol$Http11ConnectionHandler.process(Http11Protocol.java:588)
	at org.apache.tomcat.util.net.JIoEndpoint$Worker.run(JIoEndpoint.java:489)
	at java.lang.Thread.run(Thread.java:595)
Caused by: <openjpa-1.2.1-r752877:753278 nonfatal store error> org.apache.openjpa.persistence.EntityExistsException: Duplicate entry 'Robban' for key 2 {prepstmnt 16949279 INSERT INTO Student (id, email, name, password, resume, username) VALUES (?, ?, ?, ?, ?, ?) [params=(long) 651, (String) frasse@gmail.com, (String) Robert Wideberg, (String) f3eb8cf6a3b3c89508f9416c87ca40cd99bf174cdff3bad9acb47968b3c48c51, (String) , (String) Robban]} [code=1062, state=23000]
FailedObject: ejb.StudentEntity@10948bd
	at org.apache.openjpa.jdbc.sql.DBDictionary.narrow(DBDictionary.java:4224)
	at org.apache.openjpa.jdbc.sql.DBDictionary.newStoreException(DBDictionary.java:4197)
	at org.apache.openjpa.jdbc.sql.SQLExceptions.getStore(SQLExceptions.java:102)
	at org.apache.openjpa.jdbc.sql.SQLExceptions.getStore(SQLExceptions.java:72)
	at org.apache.openjpa.jdbc.kernel.PreparedStatementManagerImpl.flushAndUpdate(PreparedStatementManagerImpl.java:131)
	at org.apache.openjpa.jdbc.kernel.BatchingPreparedStatementManagerImpl.flushAndUpdate(BatchingPreparedStatementManagerImpl.java:82)
	at org.apache.openjpa.jdbc.kernel.PreparedStatementManagerImpl.flushInternal(PreparedStatementManagerImpl.java:89)
	at org.apache.openjpa.jdbc.kernel.PreparedStatementManagerImpl.flush(PreparedStatementManagerImpl.java:72)
	at org.apache.openjpa.jdbc.kernel.ConstraintUpdateManager.flush(ConstraintUpdateManager.java:543)
	at org.apache.openjpa.jdbc.kernel.ConstraintUpdateManager.flush(ConstraintUpdateManager.java:105)
	at org.apache.openjpa.jdbc.kernel.BatchingConstraintUpdateManager.flush(BatchingConstraintUpdateManager.java:59)
	at org.apache.openjpa.jdbc.kernel.AbstractUpdateManager.flush(AbstractUpdateManager.java:89)
	at org.apache.openjpa.jdbc.kernel.AbstractUpdateManager.flush(AbstractUpdateManager.java:72)
	at org.apache.openjpa.jdbc.kernel.JDBCStoreManager.flush(JDBCStoreManager.java:717)
	at org.apache.openjpa.kernel.DelegatingStoreManager.flush(DelegatingStoreManager.java:130)
	... 34 more
Caused by: org.apache.openjpa.lib.jdbc.ReportingSQLException: Duplicate entry 'Robban' for key 2 {prepstmnt 16949279 INSERT INTO Student (id, email, name, password, resume, username) VALUES (?, ?, ?, ?, ?, ?) [params=(long) 651, (String) frasse@gmail.com, (String) Robert Wideberg, (String) f3eb8cf6a3b3c89508f9416c87ca40cd99bf174cdff3bad9acb47968b3c48c51, (String) , (String) Robban]} [code=1062, state=23000]
	at org.apache.openjpa.lib.jdbc.LoggingConnectionDecorator.wrap(LoggingConnectionDecorator.java:192)
	at org.apache.openjpa.lib.jdbc.LoggingConnectionDecorator.access$700(LoggingConnectionDecorator.java:57)
	at org.apache.openjpa.lib.jdbc.LoggingConnectionDecorator$LoggingConnection$LoggingPreparedStatement.executeUpdate(LoggingConnectionDecorator.java:866)
	at org.apache.openjpa.lib.jdbc.DelegatingPreparedStatement.executeUpdate(DelegatingPreparedStatement.java:269)
	at org.apache.openjpa.jdbc.kernel.JDBCStoreManager$CancelPreparedStatement.executeUpdate(JDBCStoreManager.java:1586)
	at org.apache.openjpa.jdbc.kernel.PreparedStatementManagerImpl.executeUpdate(PreparedStatementManagerImpl.java:151)
	at org.apache.openjpa.jdbc.kernel.PreparedStatementManagerImpl.flushAndUpdate(PreparedStatementManagerImpl.java:120)
	... 44 more
